<?xml version="1.0" encoding="UTF-8"?>
<!-- Generated by org.testng.reporters.JUnitXMLReporter -->
<testsuite hostname="weiqiangdeMacBook-Pro.local" ignored="8" tests="0" failures="0" timestamp="29 十一月 2017 01:00:47 GMT" time="0.002" errors="0">
  <testcase name="getUrl" time="0.0" classname="LoginTest.LoginTest">
    <ignored/>
  </testcase> <!-- getUrl -->
  <testcase name="phoneisWrongPwd" time="0.0" classname="LoginTest.LoginTest">
    <ignored/>
  </testcase> <!-- phoneisWrongPwd -->
  <testcase name="phoneisWrongformat1" time="0.0" classname="LoginTest.LoginTest">
    <ignored/>
  </testcase> <!-- phoneisWrongformat1 -->
  <testcase name="phoneisWrongformat2" time="0.0" classname="LoginTest.LoginTest">
    <ignored/>
  </testcase> <!-- phoneisWrongformat2 -->
  <testcase name="phoneisLock" time="0.0" classname="LoginTest.LoginTest">
    <ignored/>
  </testcase> <!-- phoneisLock -->
  <testcase name="phoneisWrongformat3" time="0.0" classname="LoginTest.LoginTest">
    <ignored/>
  </testcase> <!-- phoneisWrongformat3 -->
  <testcase name="phoneisWrongNumber" time="0.0" classname="LoginTest.LoginTest">
    <ignored/>
  </testcase> <!-- phoneisWrongNumber -->
  <testcase name="phoneisNull" time="0.0" classname="LoginTest.LoginTest">
    <ignored/>
  </testcase> <!-- phoneisNull -->
</testsuite>
