<?xml version="1.0" encoding="UTF-8"?>
<!-- Generated by org.testng.reporters.JUnitXMLReporter -->
<testsuite hostname="weiqiangdeMacBook-Pro.local" ignored="0" name="TestOperation" tests="126" failures="0" timestamp="27 十一月 2017 03:07:10 GMT" time="499.987" errors="0">
  <testcase name="getUrl" time="0.013" classname="LoginTest.LoginTest"/>
  <testcase name="aBackBtn" time="0.454" classname="Operation.WriteNewMsg.Navigate"/>
  <testcase name="bNewMsgClk" time="0.578" classname="Operation.WriteNewMsg.Navigate"/>
  <testcase name="cHistoryMsg" time="0.752" classname="Operation.WriteNewMsg.Navigate"/>
  <testcase name="dFrame" time="1.416" classname="Operation.WriteNewMsg.Navigate"/>
  <testcase name="eDevice" time="0.869" classname="Operation.WriteNewMsg.Navigate"/>
  <testcase name="fParnter" time="0.923" classname="Operation.WriteNewMsg.Navigate"/>
  <testcase name="gMy" time="0.727" classname="Operation.WriteNewMsg.Navigate"/>
  <testcase name="hLogout" time="1.291" classname="Operation.WriteNewMsg.Navigate"/>
  <testcase name="aTitleLength14" time="0.196" classname="Operation.WriteNewMsg.Contents"/>
  <testcase name="aTitleNull" time="0.773" classname="Operation.WriteNewMsg.Contents"/>
  <testcase name="aaDefaultLabel" time="0.141" classname="Operation.WriteNewMsg.Contents"/>
  <testcase name="abChangeLabel" time="0.813" classname="Operation.WriteNewMsg.Contents"/>
  <testcase name="acDefaultLabel" time="0.346" classname="Operation.WriteNewMsg.Contents"/>
  <testcase name="b0PicClick" time="1.583" classname="Operation.WriteNewMsg.Contents"/>
  <testcase name="b0TextareaCount" time="0.724" classname="Operation.WriteNewMsg.Contents"/>
  <testcase name="b1PicEdit" time="1.549" classname="Operation.WriteNewMsg.Contents"/>
  <testcase name="b2PicDelete" time="9.213" classname="Operation.WriteNewMsg.Contents"/>
  <testcase name="b3UploadAgain" time="3.036" classname="Operation.WriteNewMsg.Contents"/>
  <testcase name="b4Preview" time="1.514" classname="Operation.WriteNewMsg.Contents"/>
  <testcase name="b5VideoClick" time="7.744" classname="Operation.WriteNewMsg.Contents"/>
  <testcase name="b6VideoEdit" time="0.654" classname="Operation.WriteNewMsg.Contents"/>
  <testcase name="b7DeleteVideo" time="2.217" classname="Operation.WriteNewMsg.Contents"/>
  <testcase name="b8UploadVideoAgain" time="1.721" classname="Operation.WriteNewMsg.Contents"/>
  <testcase name="beforeMethod" time="0.0" classname="Operation.WriteNewMsg.Contents"/>
  <testcase name="a1TitleText" time="0.685" classname="Operation.WriteNewMsg.PictureUpload"/>
  <testcase name="a2Title30Chars" time="0.873" classname="Operation.WriteNewMsg.PictureUpload"/>
  <testcase name="a3PictureSizeVerify" time="1.067" classname="Operation.WriteNewMsg.PictureUpload"/>
  <testcase name="a4UploadingTextInput" time="0.27" classname="Operation.WriteNewMsg.PictureUpload"/>
  <testcase name="a5UploadingScroll" time="0.708" classname="Operation.WriteNewMsg.PictureUpload"/>
  <testcase name="a6UploadingClickOutside" time="0.704" classname="Operation.WriteNewMsg.PictureUpload"/>
  <testcase name="a7UploadingClickFinish" time="0.189" classname="Operation.WriteNewMsg.PictureUpload"/>
  <testcase name="a8UploadingClickX" time="0.475" classname="Operation.WriteNewMsg.PictureUpload"/>
  <testcase name="a8UploadingCloseCancel" time="6.645" classname="Operation.WriteNewMsg.PictureUpload"/>
  <testcase name="a9UploadingCloseConfirm" time="0.634" classname="Operation.WriteNewMsg.PictureUpload"/>
  <testcase name="b1UploadingCloseConfirmUploadAgain" time="2.337" classname="Operation.WriteNewMsg.PictureUpload"/>
  <testcase name="b2UploadedScroll" time="0.868" classname="Operation.WriteNewMsg.PictureUpload"/>
  <testcase name="b3UloadedClickOutside" time="0.657" classname="Operation.WriteNewMsg.PictureUpload"/>
  <testcase name="b4UploadedTextInput" time="2.825" classname="Operation.WriteNewMsg.PictureUpload"/>
  <testcase name="b5UploadAgain" time="1.321" classname="Operation.WriteNewMsg.PictureUpload"/>
  <testcase name="b6UploadedAgainTextVerify" time="3.079" classname="Operation.WriteNewMsg.PictureUpload"/>
  <testcase name="b7UploadedAgainTwice" time="1.96" classname="Operation.WriteNewMsg.PictureUpload"/>
  <testcase name="b8UploadedClose" time="0.89" classname="Operation.WriteNewMsg.PictureUpload"/>
  <testcase name="b9UploadedCloseCancel" time="1.354" classname="Operation.WriteNewMsg.PictureUpload"/>
  <testcase name="c1UploadedCloseConfirm" time="1.157" classname="Operation.WriteNewMsg.PictureUpload"/>
  <testcase name="c2UploadedCloseConfirmUploadAgain" time="2.009" classname="Operation.WriteNewMsg.PictureUpload"/>
  <testcase name="a1TitleAlert" time="2.216" classname="Operation.WriteNewMsg.VideoUpload"/>
  <testcase name="a2Title30chars" time="1.467" classname="Operation.WriteNewMsg.VideoUpload"/>
  <testcase name="a3WrongFormat" time="2.043" classname="Operation.WriteNewMsg.VideoUpload"/>
  <testcase name="a4UploadingInputTitle" time="2.684" classname="Operation.WriteNewMsg.VideoUpload"/>
  <testcase name="a5UploadingScroll" time="1.874" classname="Operation.WriteNewMsg.VideoUpload"/>
  <testcase name="a6UploadingClickOutside" time="2.186" classname="Operation.WriteNewMsg.VideoUpload"/>
  <testcase name="a7UploadingVerifyFinish" time="0.098" classname="Operation.WriteNewMsg.VideoUpload"/>
  <testcase name="a8Uploading50Close" time="30.464" classname="Operation.WriteNewMsg.VideoUpload">
    <skipped/>
  </testcase> <!-- a8Uploading50Close -->
  <testcase name="a8Uploading50Close" time="1.885" classname="Operation.WriteNewMsg.VideoUpload"/>
  <testcase name="a9Uploading90Close" time="2.205" classname="Operation.WriteNewMsg.VideoUpload"/>
  <testcase name="b1UploadingCancelX" time="11.047" classname="Operation.WriteNewMsg.VideoUpload"/>
  <testcase name="b2UploadingConfirmClose" time="0.651" classname="Operation.WriteNewMsg.VideoUpload"/>
  <testcase name="b3UploadAgain" time="2.403" classname="Operation.WriteNewMsg.VideoUpload"/>
  <testcase name="b4UploadedScroll" time="2.732" classname="Operation.WriteNewMsg.VideoUpload"/>
  <testcase name="b5UploadingClickOutside" time="2.588" classname="Operation.WriteNewMsg.VideoUpload"/>
  <testcase name="b6UploadedClose" time="1.907" classname="Operation.WriteNewMsg.VideoUpload"/>
  <testcase name="b7UploadedCancelClose" time="3.196" classname="Operation.WriteNewMsg.VideoUpload"/>
  <testcase name="b8UploadedCloseConfirm" time="2.797" classname="Operation.WriteNewMsg.VideoUpload"/>
  <testcase name="a1PreviewNotClickable" time="0.018" classname="Operation.WriteNewMsg.Preview"/>
  <testcase name="a2PreviewClickable" time="0.492" classname="Operation.WriteNewMsg.Preview"/>
  <testcase name="a3BacktoWrite" time="1.914" classname="Operation.WriteNewMsg.Preview"/>
  <testcase name="a4VideoPreview" time="4.404" classname="Operation.WriteNewMsg.Preview"/>
  <testcase name="a5PreviewCurrentLocation" time="1.209" classname="Operation.WriteNewMsg.Preview"/>
  <testcase name="a6CurrentLocationWrite" time="1.621" classname="Operation.WriteNewMsg.Preview"/>
  <testcase name="a7PreviewNotClickable" time="1.27" classname="Operation.WriteNewMsg.Preview"/>
  <testcase name="a8ClickChangeObj" time="1.913" classname="Operation.WriteNewMsg.Preview"/>
  <testcase name="a1DefaultDisplay" time="0.043" classname="Operation.History.MsgList"/>
  <testcase name="a2DefaultType" time="0.025" classname="Operation.History.MsgList"/>
  <testcase name="a3DefaulSequence" time="0.03" classname="Operation.History.MsgList"/>
  <testcase name="a5RejectedSequence" time="2.339" classname="Operation.History.MsgList"/>
  <testcase name="a7RejectedSequence" time="0.329" classname="Operation.History.MsgList"/>
  <testcase name="a8ClickNextDrawer" time="0.95" classname="Operation.History.MsgList"/>
  <testcase name="a9ClickLastDrawer" time="3.63" classname="Operation.History.MsgList"/>
  <testcase name="b1LastDrawer" time="2.755" classname="Operation.History.MsgList"/>
  <testcase name="b2EditNavigate" time="5.179" classname="Operation.History.MsgList"/>
  <testcase name="a1back" time="1.321" classname="Operation.History.Navigate"/>
  <testcase name="a2NewMsg" time="0.566" classname="Operation.History.Navigate"/>
  <testcase name="a5Device" time="1.762" classname="Operation.History.Navigate"/>
  <testcase name="a6Parnter" time="1.072" classname="Operation.History.Navigate"/>
  <testcase name="b1Display25" time="1.74" classname="Operation.History.Navigate"/>
  <testcase name="b2Display50" time="2.044" classname="Operation.History.Navigate"/>
  <testcase name="b3Display100" time="2.044" classname="Operation.History.Navigate"/>
  <testcase name="b4Page1" time="0.453" classname="Operation.History.Navigate"/>
  <testcase name="b5Next" time="2.315" classname="Operation.History.Navigate"/>
  <testcase name="b6LastPage" time="4.122" classname="Operation.History.Navigate"/>
  <testcase name="zLogout" time="1.316" classname="Operation.History.Navigate"/>
  <testcase name="a1default1" time="0.033" classname="Operation.NewsList"/>
  <testcase name="a2default2" time="0.035" classname="Operation.NewsList"/>
  <testcase name="a3default3" time="0.055" classname="Operation.NewsList"/>
  <testcase name="a4NewMsgz_click" time="0.655" classname="Operation.NewsList"/>
  <testcase name="a5leftnavi1" time="0.048" classname="Operation.NewsList"/>
  <testcase name="a6history_click" time="0.978" classname="Operation.NewsList"/>
  <testcase name="a7Album_click" time="1.851" classname="Operation.NewsList"/>
  <testcase name="a8Device_click" time="2.419" classname="Operation.NewsList"/>
  <testcase name="a9Partner_click" time="1.195" classname="Operation.NewsList"/>
  <testcase name="b1pushObj" time="0.979" classname="Operation.NewsList"/>
  <testcase name="b2pushObjNums" time="0.835" classname="Operation.NewsList"/>
  <testcase name="b3apushObjAll" time="0.853" classname="Operation.NewsList"/>
  <testcase name="b4WriteSelectAll" time="2.242" classname="Operation.NewsList"/>
  <testcase name="b5pushObjCancelAll" time="2.678" classname="Operation.NewsList"/>
  <testcase name="b6seleckallAfterSelectone" time="2.103" classname="Operation.NewsList"/>
  <testcase name="b7textOfCancelAll" time="2.236" classname="Operation.NewsList"/>
  <testcase name="b8WhiteAfterCancelAll" time="2.671" classname="Operation.NewsList"/>
  <testcase name="b9WhiteSelectAllAgain" time="3.206" classname="Operation.NewsList"/>
  <testcase name="c1WhiteSelectTwoPages" time="3.356" classname="Operation.NewsList"/>
  <testcase name="c2WhiteSelectTwoPages" time="5.124" classname="Operation.NewsList"/>
  <testcase name="c3WhiteSelectAll" time="2.753" classname="Operation.NewsList"/>
  <testcase name="c4RecentPushCancel" time="2.255" classname="Operation.NewsList"/>
  <testcase name="c6Page1Disabled" time="1.929" classname="Operation.NewsList"/>
  <testcase name="c7PageLastDisabled" time="1.926" classname="Operation.NewsList"/>
  <testcase name="c8PageNext" time="2.745" classname="Operation.NewsList"/>
  <testcase name="c9LastPage" time="0.496" classname="Operation.NewsList"/>
  <testcase name="zlogout" time="0.276" classname="Operation.NewsList"/>
  <testcase name="phoneisLock" time="0.913" classname="LoginTest.LoginTest"/>
  <testcase name="phoneisNull" time="0.309" classname="LoginTest.LoginTest"/>
  <testcase name="phoneisWrongNumber" time="0.876" classname="LoginTest.LoginTest"/>
  <testcase name="phoneisWrongPwd" time="0.819" classname="LoginTest.LoginTest"/>
  <testcase name="phoneisWrongformat1" time="0.882" classname="LoginTest.LoginTest"/>
  <testcase name="phoneisWrongformat2" time="0.866" classname="LoginTest.LoginTest"/>
  <testcase name="phoneisWrongformat3" time="0.866" classname="LoginTest.LoginTest"/>
</testsuite> <!-- TestOperation -->
