<?xml version="1.0" encoding="UTF-8"?>
<!-- Generated by org.testng.reporters.JUnitXMLReporter -->
<testsuite hostname="weiqiangdeMacBook-Pro.local" ignored="0" name="TestOperation" tests="127" failures="0" timestamp="29 十一月 2017 01:10:08 GMT" time="555.964" errors="0">
  <testcase name="getUrl" time="0.011" classname="LoginTest.LoginTest"/>
  <testcase name="aBackBtn" time="0.404" classname="Operation.WriteNewMsg.Navigate"/>
  <testcase name="bNewMsgClk" time="0.73" classname="Operation.WriteNewMsg.Navigate"/>
  <testcase name="cHistoryMsg" time="0.99" classname="Operation.WriteNewMsg.Navigate"/>
  <testcase name="dFrame" time="1.139" classname="Operation.WriteNewMsg.Navigate"/>
  <testcase name="eDevice" time="1.691" classname="Operation.WriteNewMsg.Navigate"/>
  <testcase name="fParnter" time="1.026" classname="Operation.WriteNewMsg.Navigate"/>
  <testcase name="gMy" time="0.973" classname="Operation.WriteNewMsg.Navigate"/>
  <testcase name="hLogout" time="1.271" classname="Operation.WriteNewMsg.Navigate"/>
  <testcase name="aTitleLength14" time="0.178" classname="Operation.WriteNewMsg.Contents"/>
  <testcase name="aTitleNull" time="0.688" classname="Operation.WriteNewMsg.Contents"/>
  <testcase name="aaDefaultLabel" time="0.119" classname="Operation.WriteNewMsg.Contents"/>
  <testcase name="abChangeLabel" time="0.804" classname="Operation.WriteNewMsg.Contents"/>
  <testcase name="acDefaultLabel" time="0.35" classname="Operation.WriteNewMsg.Contents"/>
  <testcase name="b0PicClick" time="1.57" classname="Operation.WriteNewMsg.Contents"/>
  <testcase name="b0TextareaCount" time="0.712" classname="Operation.WriteNewMsg.Contents"/>
  <testcase name="b1PicEdit" time="1.532" classname="Operation.WriteNewMsg.Contents"/>
  <testcase name="b2PicDelete" time="9.189" classname="Operation.WriteNewMsg.Contents"/>
  <testcase name="b3UploadAgain" time="3.012" classname="Operation.WriteNewMsg.Contents"/>
  <testcase name="b4Preview" time="1.502" classname="Operation.WriteNewMsg.Contents"/>
  <testcase name="b5VideoClick" time="7.247" classname="Operation.WriteNewMsg.Contents"/>
  <testcase name="b6VideoEdit" time="0.667" classname="Operation.WriteNewMsg.Contents"/>
  <testcase name="b7DeleteVideo" time="2.185" classname="Operation.WriteNewMsg.Contents"/>
  <testcase name="b8UploadVideoAgain" time="2.184" classname="Operation.WriteNewMsg.Contents"/>
  <testcase name="beforeMethod" time="0.0" classname="Operation.WriteNewMsg.Contents"/>
  <testcase name="a1TitleText" time="0.625" classname="Operation.WriteNewMsg.PictureUpload"/>
  <testcase name="a2Title30Chars" time="0.965" classname="Operation.WriteNewMsg.PictureUpload"/>
  <testcase name="a3PictureSizeVerify" time="1.061" classname="Operation.WriteNewMsg.PictureUpload"/>
  <testcase name="a4UploadingTextInput" time="0.265" classname="Operation.WriteNewMsg.PictureUpload"/>
  <testcase name="a5UploadingScroll" time="1.179" classname="Operation.WriteNewMsg.PictureUpload"/>
  <testcase name="a6UploadingClickOutside" time="0.608" classname="Operation.WriteNewMsg.PictureUpload"/>
  <testcase name="a7UploadingClickFinish" time="0.11" classname="Operation.WriteNewMsg.PictureUpload"/>
  <testcase name="a8UploadingClickX" time="0.417" classname="Operation.WriteNewMsg.PictureUpload"/>
  <testcase name="a8UploadingCloseCancel" time="6.427" classname="Operation.WriteNewMsg.PictureUpload"/>
  <testcase name="a9UploadingCloseConfirm" time="1.498" classname="Operation.WriteNewMsg.PictureUpload"/>
  <testcase name="b1UploadingCloseConfirmUploadAgain" time="1.863" classname="Operation.WriteNewMsg.PictureUpload"/>
  <testcase name="b2UploadedScroll" time="0.847" classname="Operation.WriteNewMsg.PictureUpload"/>
  <testcase name="b3UloadedClickOutside" time="0.639" classname="Operation.WriteNewMsg.PictureUpload"/>
  <testcase name="b4UploadedTextInput" time="2.218" classname="Operation.WriteNewMsg.PictureUpload"/>
  <testcase name="b5UploadAgain" time="1.807" classname="Operation.WriteNewMsg.PictureUpload"/>
  <testcase name="b6UploadedAgainTextVerify" time="2.881" classname="Operation.WriteNewMsg.PictureUpload"/>
  <testcase name="b7UploadedAgainTwice" time="1.869" classname="Operation.WriteNewMsg.PictureUpload"/>
  <testcase name="b8UploadedClose" time="1.119" classname="Operation.WriteNewMsg.PictureUpload"/>
  <testcase name="b9UploadedCloseCancel" time="1.187" classname="Operation.WriteNewMsg.PictureUpload"/>
  <testcase name="c1UploadedCloseConfirm" time="1.278" classname="Operation.WriteNewMsg.PictureUpload"/>
  <testcase name="c2UploadedCloseConfirmUploadAgain" time="1.883" classname="Operation.WriteNewMsg.PictureUpload"/>
  <testcase name="a1TitleAlert" time="2.232" classname="Operation.WriteNewMsg.VideoUpload"/>
  <testcase name="a2Title30chars" time="1.935" classname="Operation.WriteNewMsg.VideoUpload"/>
  <testcase name="a3WrongFormat" time="2.054" classname="Operation.WriteNewMsg.VideoUpload"/>
  <testcase name="a4UploadingInputTitle" time="2.011" classname="Operation.WriteNewMsg.VideoUpload"/>
  <testcase name="a5UploadingScroll" time="1.889" classname="Operation.WriteNewMsg.VideoUpload"/>
  <testcase name="a6UploadingClickOutside" time="2.703" classname="Operation.WriteNewMsg.VideoUpload"/>
  <testcase name="a7UploadingVerifyFinish" time="0.101" classname="Operation.WriteNewMsg.VideoUpload"/>
  <testcase name="a8Uploading50Close" time="1.858" classname="Operation.WriteNewMsg.VideoUpload"/>
  <testcase name="a9Uploading90Close" time="2.332" classname="Operation.WriteNewMsg.VideoUpload"/>
  <testcase name="b1UploadingCancelX" time="15.314" classname="Operation.WriteNewMsg.VideoUpload"/>
  <testcase name="b2UploadingConfirmClose" time="0.652" classname="Operation.WriteNewMsg.VideoUpload"/>
  <testcase name="b3UploadAgain" time="1.822" classname="Operation.WriteNewMsg.VideoUpload"/>
  <testcase name="b4UploadedScroll" time="2.774" classname="Operation.WriteNewMsg.VideoUpload"/>
  <testcase name="b5UploadingClickOutside" time="2.522" classname="Operation.WriteNewMsg.VideoUpload"/>
  <testcase name="b6UploadedClose" time="2.525" classname="Operation.WriteNewMsg.VideoUpload"/>
  <testcase name="b7UploadedCancelClose" time="2.711" classname="Operation.WriteNewMsg.VideoUpload"/>
  <testcase name="b8UploadedCloseConfirm" time="5.032" classname="Operation.WriteNewMsg.VideoUpload"/>
  <testcase name="a1PreviewNotClickable" time="0.018" classname="Operation.WriteNewMsg.Preview"/>
  <testcase name="a2PreviewClickable" time="0.381" classname="Operation.WriteNewMsg.Preview"/>
  <testcase name="a3BacktoWrite" time="1.838" classname="Operation.WriteNewMsg.Preview"/>
  <testcase name="a4VideoPreview" time="4.43" classname="Operation.WriteNewMsg.Preview"/>
  <testcase name="a5PreviewCurrentLocation" time="1.229" classname="Operation.WriteNewMsg.Preview"/>
  <testcase name="a6CurrentLocationWrite" time="1.681" classname="Operation.WriteNewMsg.Preview"/>
  <testcase name="a7PreviewNotClickable" time="1.259" classname="Operation.WriteNewMsg.Preview"/>
  <testcase name="a8ClickChangeObj" time="1.954" classname="Operation.WriteNewMsg.Preview"/>
  <testcase name="a1DefaultDisplay" time="0.051" classname="Operation.History.MsgList">
    <skipped/>
  </testcase> <!-- a1DefaultDisplay -->
  <testcase name="a1DefaultDisplay" time="0.11" classname="Operation.History.MsgList">
    <skipped/>
  </testcase> <!-- a1DefaultDisplay -->
  <testcase name="a1DefaultDisplay" time="0.03" classname="Operation.History.MsgList"/>
  <testcase name="a2DefaultType" time="0.029" classname="Operation.History.MsgList"/>
  <testcase name="a3DefaulSequence" time="0.042" classname="Operation.History.MsgList"/>
  <testcase name="a5RejectedSequence" time="2.335" classname="Operation.History.MsgList"/>
  <testcase name="a7RejectedSequence" time="0.336" classname="Operation.History.MsgList"/>
  <testcase name="a8ClickNextDrawer" time="0.901" classname="Operation.History.MsgList"/>
  <testcase name="a9ClickLastDrawer" time="3.616" classname="Operation.History.MsgList"/>
  <testcase name="b1LastDrawer" time="2.764" classname="Operation.History.MsgList"/>
  <testcase name="b2EditNavigate" time="5.278" classname="Operation.History.MsgList"/>
  <testcase name="a1back" time="1.323" classname="Operation.History.Navigate"/>
  <testcase name="a2NewMsg" time="0.57" classname="Operation.History.Navigate"/>
  <testcase name="a5Device" time="0.894" classname="Operation.History.Navigate"/>
  <testcase name="a6Parnter" time="1.032" classname="Operation.History.Navigate"/>
  <testcase name="b1Display25" time="1.744" classname="Operation.History.Navigate"/>
  <testcase name="b2Display50" time="2.046" classname="Operation.History.Navigate"/>
  <testcase name="b3Display100" time="2.061" classname="Operation.History.Navigate"/>
  <testcase name="b4Page1" time="0.458" classname="Operation.History.Navigate"/>
  <testcase name="b5Next" time="2.332" classname="Operation.History.Navigate"/>
  <testcase name="b6LastPage" time="4.127" classname="Operation.History.Navigate"/>
  <testcase name="zLogout" time="1.292" classname="Operation.History.Navigate"/>
  <testcase name="a1default1" time="0.042" classname="Operation.NewsList"/>
  <testcase name="a2default2" time="0.041" classname="Operation.NewsList"/>
  <testcase name="a3default3" time="0.037" classname="Operation.NewsList"/>
  <testcase name="a4NewMsgz_click" time="0.561" classname="Operation.NewsList"/>
  <testcase name="a5leftnavi1" time="0.136" classname="Operation.NewsList"/>
  <testcase name="a6history_click" time="1.008" classname="Operation.NewsList"/>
  <testcase name="a7Album_click" time="2.019" classname="Operation.NewsList"/>
  <testcase name="a8Device_click" time="1.893" classname="Operation.NewsList"/>
  <testcase name="a9Partner_click" time="1.946" classname="Operation.NewsList"/>
  <testcase name="b1pushObj" time="1.044" classname="Operation.NewsList"/>
  <testcase name="b2pushObjNums" time="0.862" classname="Operation.NewsList"/>
  <testcase name="b3apushObjAll" time="0.866" classname="Operation.NewsList"/>
  <testcase name="b4WriteSelectAll" time="2.162" classname="Operation.NewsList"/>
  <testcase name="b5pushObjCancelAll" time="2.651" classname="Operation.NewsList"/>
  <testcase name="b6seleckallAfterSelectone" time="1.943" classname="Operation.NewsList"/>
  <testcase name="b7textOfCancelAll" time="2.265" classname="Operation.NewsList"/>
  <testcase name="b8WhiteAfterCancelAll" time="2.669" classname="Operation.NewsList"/>
  <testcase name="b9WhiteSelectAllAgain" time="3.173" classname="Operation.NewsList"/>
  <testcase name="c1WhiteSelectTwoPages" time="3.218" classname="Operation.NewsList"/>
  <testcase name="c2WhiteSelectTwoPages" time="4.907" classname="Operation.NewsList"/>
  <testcase name="c3WhiteSelectAll" time="2.628" classname="Operation.NewsList"/>
  <testcase name="c4RecentPushCancel" time="2.212" classname="Operation.NewsList"/>
  <testcase name="c6Page1Disabled" time="1.885" classname="Operation.NewsList"/>
  <testcase name="c7PageLastDisabled" time="1.894" classname="Operation.NewsList"/>
  <testcase name="c8PageNext" time="2.801" classname="Operation.NewsList"/>
  <testcase name="c9LastPage" time="0.283" classname="Operation.NewsList"/>
  <testcase name="zlogout" time="0.248" classname="Operation.NewsList"/>
  <testcase name="phoneisLock" time="0.911" classname="LoginTest.LoginTest"/>
  <testcase name="phoneisNull" time="0.309" classname="LoginTest.LoginTest"/>
  <testcase name="phoneisWrongNumber" time="0.888" classname="LoginTest.LoginTest"/>
  <testcase name="phoneisWrongPwd" time="0.826" classname="LoginTest.LoginTest"/>
  <testcase name="phoneisWrongformat1" time="0.88" classname="LoginTest.LoginTest"/>
  <testcase name="phoneisWrongformat2" time="0.966" classname="LoginTest.LoginTest"/>
  <testcase name="phoneisWrongformat3" time="0.896" classname="LoginTest.LoginTest"/>
</testsuite> <!-- TestOperation -->
