<?xml version="1.0" encoding="UTF-8"?>
<!-- Generated by org.testng.reporters.JUnitXMLReporter -->
<testsuite hostname="weiqiangdeMacBook-Pro.local" ignored="0" name="Test1" tests="16" failures="8" timestamp="02 十一月 2017 16:15:43 GMT" time="55.474" errors="0">
  <testcase name="GetUrl" time="0.029" classname="Operation.NewsList">
    <failure type="org.openqa.selenium.NoSuchWindowException" message="Unable to locate window
Build info: version: &amp;apos;3.6.0&amp;apos;, revision: &amp;apos;6fbf3ec767&amp;apos;, time: &amp;apos;2017-09-27T15:28:36.4Z&amp;apos;
System info: host: &amp;apos;weiqiangdeMacBook-Pro.local&amp;apos;, ip: &amp;apos;fe80:0:0:0:c4:fd45:78d9:29af%en0&amp;apos;, os.name: &amp;apos;Mac OS X&amp;apos;, os.arch: &amp;apos;x86_64&amp;apos;, os.version: &amp;apos;10.12.6&amp;apos;, java.version: &amp;apos;1.8.0_151&amp;apos;
Driver info: org.openqa.selenium.firefox.FirefoxDriver
Capabilities [{moz:profile=/var/folders/g2/7q3b2c1d233cg2z5k96m36xc0000gn/T/rust_mozprofile.5PJgtle7KTRA, rotatable=false, timeouts={implicit=0, pageLoad=300000, script=30000}, pageLoadStrategy=normal, moz:headless=false, platform=MAC, specificationLevel=0, moz:accessibilityChecks=false, acceptInsecureCerts=true, browserVersion=56.0.2, platformVersion=16.7.0, moz:processID=3547, browserName=firefox, javascriptEnabled=true, platformName=MAC}]
Session ID: dd1efa9c-7ca1-cc4a-8eb8-794c260cc930">
      <![CDATA[org.openqa.selenium.NoSuchWindowException: Unable to locate window
Build info: version: '3.6.0', revision: '6fbf3ec767', time: '2017-09-27T15:28:36.4Z'
System info: host: 'weiqiangdeMacBook-Pro.local', ip: 'fe80:0:0:0:c4:fd45:78d9:29af%en0', os.name: 'Mac OS X', os.arch: 'x86_64', os.version: '10.12.6', java.version: '1.8.0_151'
Driver info: org.openqa.selenium.firefox.FirefoxDriver
Capabilities [{moz:profile=/var/folders/g2/7q3b2c1d233cg2z5k96m36xc0000gn/T/rust_mozprofile.5PJgtle7KTRA, rotatable=false, timeouts={implicit=0, pageLoad=300000, script=30000}, pageLoadStrategy=normal, moz:headless=false, platform=MAC, specificationLevel=0, moz:accessibilityChecks=false, acceptInsecureCerts=true, browserVersion=56.0.2, platformVersion=16.7.0, moz:processID=3547, browserName=firefox, javascriptEnabled=true, platformName=MAC}]
Session ID: dd1efa9c-7ca1-cc4a-8eb8-794c260cc930
	at org.openqa.selenium.remote.http.W3CHttpResponseCodec.createException(W3CHttpResponseCodec.java:185)
	at org.openqa.selenium.remote.http.W3CHttpResponseCodec.decode(W3CHttpResponseCodec.java:120)
	at org.openqa.selenium.remote.http.W3CHttpResponseCodec.decode(W3CHttpResponseCodec.java:49)
	at org.openqa.selenium.remote.HttpCommandExecutor.execute(HttpCommandExecutor.java:164)
	at org.openqa.selenium.remote.service.DriverCommandExecutor.execute(DriverCommandExecutor.java:83)
	at org.openqa.selenium.remote.RemoteWebDriver.execute(RemoteWebDriver.java:586)
	at org.openqa.selenium.remote.RemoteWebDriver.execute(RemoteWebDriver.java:643)
	at org.openqa.selenium.remote.RemoteWebDriver.getCurrentUrl(RemoteWebDriver.java:320)
	at Operation.NewsList.GetUrl(NewsList.java:35)
... Removed 29 stack frames]]>
    </failure>
  </testcase> <!-- GetUrl -->
  <testcase name="getUrl" time="0.011" classname="LoginTest.LoginTest"/>
  <testcase name="phoneisLock" time="0.429" classname="LoginTest.LoginTest"/>
  <testcase name="phoneisNull" time="0.305" classname="LoginTest.LoginTest"/>
  <testcase name="phoneisWrongNumber" time="0.393" classname="LoginTest.LoginTest"/>
  <testcase name="phoneisWrongformat1" time="0.382" classname="LoginTest.LoginTest"/>
  <testcase name="phoneisWrongformat2" time="0.38" classname="LoginTest.LoginTest"/>
  <testcase name="phoneisWrongformat3" time="0.378" classname="LoginTest.LoginTest"/>
  <testcase name="a2NewMsgz_click" time="0.02" classname="Operation.NewsList">
    <failure type="org.openqa.selenium.NoSuchWindowException" message="Unable to locate window
Build info: version: &amp;apos;3.6.0&amp;apos;, revision: &amp;apos;6fbf3ec767&amp;apos;, time: &amp;apos;2017-09-27T15:28:36.4Z&amp;apos;
System info: host: &amp;apos;weiqiangdeMacBook-Pro.local&amp;apos;, ip: &amp;apos;fe80:0:0:0:c4:fd45:78d9:29af%en0&amp;apos;, os.name: &amp;apos;Mac OS X&amp;apos;, os.arch: &amp;apos;x86_64&amp;apos;, os.version: &amp;apos;10.12.6&amp;apos;, java.version: &amp;apos;1.8.0_151&amp;apos;
Driver info: org.openqa.selenium.firefox.FirefoxDriver
Capabilities [{moz:profile=/var/folders/g2/7q3b2c1d233cg2z5k96m36xc0000gn/T/rust_mozprofile.5PJgtle7KTRA, rotatable=false, timeouts={implicit=0, pageLoad=300000, script=30000}, pageLoadStrategy=normal, moz:headless=false, platform=MAC, specificationLevel=0, moz:accessibilityChecks=false, acceptInsecureCerts=true, browserVersion=56.0.2, platformVersion=16.7.0, moz:processID=3547, browserName=firefox, javascriptEnabled=true, platformName=MAC}]
Session ID: dd1efa9c-7ca1-cc4a-8eb8-794c260cc930
*** Element info: {Using=xpath, value=.//*[@id=&amp;apos;app&amp;apos;]/div/div/div[2]/div[1]/div/ul/div[1]/li/div/p}">
      <![CDATA[org.openqa.selenium.NoSuchWindowException: Unable to locate window
Build info: version: '3.6.0', revision: '6fbf3ec767', time: '2017-09-27T15:28:36.4Z'
System info: host: 'weiqiangdeMacBook-Pro.local', ip: 'fe80:0:0:0:c4:fd45:78d9:29af%en0', os.name: 'Mac OS X', os.arch: 'x86_64', os.version: '10.12.6', java.version: '1.8.0_151'
Driver info: org.openqa.selenium.firefox.FirefoxDriver
Capabilities [{moz:profile=/var/folders/g2/7q3b2c1d233cg2z5k96m36xc0000gn/T/rust_mozprofile.5PJgtle7KTRA, rotatable=false, timeouts={implicit=0, pageLoad=300000, script=30000}, pageLoadStrategy=normal, moz:headless=false, platform=MAC, specificationLevel=0, moz:accessibilityChecks=false, acceptInsecureCerts=true, browserVersion=56.0.2, platformVersion=16.7.0, moz:processID=3547, browserName=firefox, javascriptEnabled=true, platformName=MAC}]
Session ID: dd1efa9c-7ca1-cc4a-8eb8-794c260cc930
*** Element info: {Using=xpath, value=.//*[@id='app']/div/div/div[2]/div[1]/div/ul/div[1]/li/div/p}
	at org.openqa.selenium.remote.http.W3CHttpResponseCodec.createException(W3CHttpResponseCodec.java:185)
	at org.openqa.selenium.remote.http.W3CHttpResponseCodec.decode(W3CHttpResponseCodec.java:120)
	at org.openqa.selenium.remote.http.W3CHttpResponseCodec.decode(W3CHttpResponseCodec.java:49)
	at org.openqa.selenium.remote.HttpCommandExecutor.execute(HttpCommandExecutor.java:164)
	at org.openqa.selenium.remote.service.DriverCommandExecutor.execute(DriverCommandExecutor.java:83)
	at org.openqa.selenium.remote.RemoteWebDriver.execute(RemoteWebDriver.java:586)
	at org.openqa.selenium.remote.RemoteWebDriver.findElement(RemoteWebDriver.java:356)
	at org.openqa.selenium.remote.RemoteWebDriver.findElementByXPath(RemoteWebDriver.java:458)
	at org.openqa.selenium.By$ByXPath.findElement(By.java:361)
	at org.openqa.selenium.remote.RemoteWebDriver.findElement(RemoteWebDriver.java:348)
	at Operation.NewsList.a2NewMsgz_click(NewsList.java:53)
... Removed 29 stack frames]]>
    </failure>
  </testcase> <!-- a2NewMsgz_click -->
  <testcase name="a1leftnavi1" time="0.016" classname="Operation.NewsList">
    <failure type="org.openqa.selenium.NoSuchWindowException" message="Unable to locate window
Build info: version: &amp;apos;3.6.0&amp;apos;, revision: &amp;apos;6fbf3ec767&amp;apos;, time: &amp;apos;2017-09-27T15:28:36.4Z&amp;apos;
System info: host: &amp;apos;weiqiangdeMacBook-Pro.local&amp;apos;, ip: &amp;apos;fe80:0:0:0:c4:fd45:78d9:29af%en0&amp;apos;, os.name: &amp;apos;Mac OS X&amp;apos;, os.arch: &amp;apos;x86_64&amp;apos;, os.version: &amp;apos;10.12.6&amp;apos;, java.version: &amp;apos;1.8.0_151&amp;apos;
Driver info: org.openqa.selenium.firefox.FirefoxDriver
Capabilities [{moz:profile=/var/folders/g2/7q3b2c1d233cg2z5k96m36xc0000gn/T/rust_mozprofile.5PJgtle7KTRA, rotatable=false, timeouts={implicit=0, pageLoad=300000, script=30000}, pageLoadStrategy=normal, moz:headless=false, platform=MAC, specificationLevel=0, moz:accessibilityChecks=false, acceptInsecureCerts=true, browserVersion=56.0.2, platformVersion=16.7.0, moz:processID=3547, browserName=firefox, javascriptEnabled=true, platformName=MAC}]
Session ID: dd1efa9c-7ca1-cc4a-8eb8-794c260cc930
*** Element info: {Using=xpath, value=.//*[@id=&amp;apos;app&amp;apos;]/div/div/div[2]/div[2]/div[1]/div/div[2]}">
      <![CDATA[org.openqa.selenium.NoSuchWindowException: Unable to locate window
Build info: version: '3.6.0', revision: '6fbf3ec767', time: '2017-09-27T15:28:36.4Z'
System info: host: 'weiqiangdeMacBook-Pro.local', ip: 'fe80:0:0:0:c4:fd45:78d9:29af%en0', os.name: 'Mac OS X', os.arch: 'x86_64', os.version: '10.12.6', java.version: '1.8.0_151'
Driver info: org.openqa.selenium.firefox.FirefoxDriver
Capabilities [{moz:profile=/var/folders/g2/7q3b2c1d233cg2z5k96m36xc0000gn/T/rust_mozprofile.5PJgtle7KTRA, rotatable=false, timeouts={implicit=0, pageLoad=300000, script=30000}, pageLoadStrategy=normal, moz:headless=false, platform=MAC, specificationLevel=0, moz:accessibilityChecks=false, acceptInsecureCerts=true, browserVersion=56.0.2, platformVersion=16.7.0, moz:processID=3547, browserName=firefox, javascriptEnabled=true, platformName=MAC}]
Session ID: dd1efa9c-7ca1-cc4a-8eb8-794c260cc930
*** Element info: {Using=xpath, value=.//*[@id='app']/div/div/div[2]/div[2]/div[1]/div/div[2]}
	at org.openqa.selenium.remote.http.W3CHttpResponseCodec.createException(W3CHttpResponseCodec.java:185)
	at org.openqa.selenium.remote.http.W3CHttpResponseCodec.decode(W3CHttpResponseCodec.java:120)
	at org.openqa.selenium.remote.http.W3CHttpResponseCodec.decode(W3CHttpResponseCodec.java:49)
	at org.openqa.selenium.remote.HttpCommandExecutor.execute(HttpCommandExecutor.java:164)
	at org.openqa.selenium.remote.service.DriverCommandExecutor.execute(DriverCommandExecutor.java:83)
	at org.openqa.selenium.remote.RemoteWebDriver.execute(RemoteWebDriver.java:586)
	at org.openqa.selenium.remote.RemoteWebDriver.findElement(RemoteWebDriver.java:356)
	at org.openqa.selenium.remote.RemoteWebDriver.findElementByXPath(RemoteWebDriver.java:458)
	at org.openqa.selenium.By$ByXPath.findElement(By.java:361)
	at org.openqa.selenium.remote.RemoteWebDriver.findElement(RemoteWebDriver.java:348)
	at Operation.NewsList.a1leftnavi1(NewsList.java:42)
... Removed 29 stack frames]]>
    </failure>
  </testcase> <!-- a1leftnavi1 -->
  <testcase name="history_click" time="2.02" classname="Operation.NewsList">
    <failure type="org.openqa.selenium.NoSuchWindowException" message="Unable to locate window
Build info: version: &amp;apos;3.6.0&amp;apos;, revision: &amp;apos;6fbf3ec767&amp;apos;, time: &amp;apos;2017-09-27T15:28:36.4Z&amp;apos;
System info: host: &amp;apos;weiqiangdeMacBook-Pro.local&amp;apos;, ip: &amp;apos;fe80:0:0:0:c4:fd45:78d9:29af%en0&amp;apos;, os.name: &amp;apos;Mac OS X&amp;apos;, os.arch: &amp;apos;x86_64&amp;apos;, os.version: &amp;apos;10.12.6&amp;apos;, java.version: &amp;apos;1.8.0_151&amp;apos;
Driver info: org.openqa.selenium.firefox.FirefoxDriver
Capabilities [{moz:profile=/var/folders/g2/7q3b2c1d233cg2z5k96m36xc0000gn/T/rust_mozprofile.5PJgtle7KTRA, rotatable=false, timeouts={implicit=0, pageLoad=300000, script=30000}, pageLoadStrategy=normal, moz:headless=false, platform=MAC, specificationLevel=0, moz:accessibilityChecks=false, acceptInsecureCerts=true, browserVersion=56.0.2, platformVersion=16.7.0, moz:processID=3547, browserName=firefox, javascriptEnabled=true, platformName=MAC}]
Session ID: dd1efa9c-7ca1-cc4a-8eb8-794c260cc930
*** Element info: {Using=xpath, value=.//*[@id=&amp;apos;app&amp;apos;]/div/div/div[2]/div[1]/div/ul/div[2]/li}">
      <![CDATA[org.openqa.selenium.NoSuchWindowException: Unable to locate window
Build info: version: '3.6.0', revision: '6fbf3ec767', time: '2017-09-27T15:28:36.4Z'
System info: host: 'weiqiangdeMacBook-Pro.local', ip: 'fe80:0:0:0:c4:fd45:78d9:29af%en0', os.name: 'Mac OS X', os.arch: 'x86_64', os.version: '10.12.6', java.version: '1.8.0_151'
Driver info: org.openqa.selenium.firefox.FirefoxDriver
Capabilities [{moz:profile=/var/folders/g2/7q3b2c1d233cg2z5k96m36xc0000gn/T/rust_mozprofile.5PJgtle7KTRA, rotatable=false, timeouts={implicit=0, pageLoad=300000, script=30000}, pageLoadStrategy=normal, moz:headless=false, platform=MAC, specificationLevel=0, moz:accessibilityChecks=false, acceptInsecureCerts=true, browserVersion=56.0.2, platformVersion=16.7.0, moz:processID=3547, browserName=firefox, javascriptEnabled=true, platformName=MAC}]
Session ID: dd1efa9c-7ca1-cc4a-8eb8-794c260cc930
*** Element info: {Using=xpath, value=.//*[@id='app']/div/div/div[2]/div[1]/div/ul/div[2]/li}
	at org.openqa.selenium.remote.http.W3CHttpResponseCodec.createException(W3CHttpResponseCodec.java:185)
	at org.openqa.selenium.remote.http.W3CHttpResponseCodec.decode(W3CHttpResponseCodec.java:120)
	at org.openqa.selenium.remote.http.W3CHttpResponseCodec.decode(W3CHttpResponseCodec.java:49)
	at org.openqa.selenium.remote.HttpCommandExecutor.execute(HttpCommandExecutor.java:164)
	at org.openqa.selenium.remote.service.DriverCommandExecutor.execute(DriverCommandExecutor.java:83)
	at org.openqa.selenium.remote.RemoteWebDriver.execute(RemoteWebDriver.java:586)
	at org.openqa.selenium.remote.RemoteWebDriver.findElement(RemoteWebDriver.java:356)
	at org.openqa.selenium.remote.RemoteWebDriver.findElementByXPath(RemoteWebDriver.java:458)
	at org.openqa.selenium.By$ByXPath.findElement(By.java:361)
	at org.openqa.selenium.remote.RemoteWebDriver.findElement(RemoteWebDriver.java:348)
	at Operation.NewsList.history_click(NewsList.java:73)
... Removed 29 stack frames]]>
    </failure>
  </testcase> <!-- history_click -->
  <testcase name="Album_click" time="2.019" classname="Operation.NewsList">
    <failure type="org.openqa.selenium.NoSuchWindowException" message="Unable to locate window
Build info: version: &amp;apos;3.6.0&amp;apos;, revision: &amp;apos;6fbf3ec767&amp;apos;, time: &amp;apos;2017-09-27T15:28:36.4Z&amp;apos;
System info: host: &amp;apos;weiqiangdeMacBook-Pro.local&amp;apos;, ip: &amp;apos;fe80:0:0:0:c4:fd45:78d9:29af%en0&amp;apos;, os.name: &amp;apos;Mac OS X&amp;apos;, os.arch: &amp;apos;x86_64&amp;apos;, os.version: &amp;apos;10.12.6&amp;apos;, java.version: &amp;apos;1.8.0_151&amp;apos;
Driver info: org.openqa.selenium.firefox.FirefoxDriver
Capabilities [{moz:profile=/var/folders/g2/7q3b2c1d233cg2z5k96m36xc0000gn/T/rust_mozprofile.5PJgtle7KTRA, rotatable=false, timeouts={implicit=0, pageLoad=300000, script=30000}, pageLoadStrategy=normal, moz:headless=false, platform=MAC, specificationLevel=0, moz:accessibilityChecks=false, acceptInsecureCerts=true, browserVersion=56.0.2, platformVersion=16.7.0, moz:processID=3547, browserName=firefox, javascriptEnabled=true, platformName=MAC}]
Session ID: dd1efa9c-7ca1-cc4a-8eb8-794c260cc930">
      <![CDATA[org.openqa.selenium.NoSuchWindowException: Unable to locate window
Build info: version: '3.6.0', revision: '6fbf3ec767', time: '2017-09-27T15:28:36.4Z'
System info: host: 'weiqiangdeMacBook-Pro.local', ip: 'fe80:0:0:0:c4:fd45:78d9:29af%en0', os.name: 'Mac OS X', os.arch: 'x86_64', os.version: '10.12.6', java.version: '1.8.0_151'
Driver info: org.openqa.selenium.firefox.FirefoxDriver
Capabilities [{moz:profile=/var/folders/g2/7q3b2c1d233cg2z5k96m36xc0000gn/T/rust_mozprofile.5PJgtle7KTRA, rotatable=false, timeouts={implicit=0, pageLoad=300000, script=30000}, pageLoadStrategy=normal, moz:headless=false, platform=MAC, specificationLevel=0, moz:accessibilityChecks=false, acceptInsecureCerts=true, browserVersion=56.0.2, platformVersion=16.7.0, moz:processID=3547, browserName=firefox, javascriptEnabled=true, platformName=MAC}]
Session ID: dd1efa9c-7ca1-cc4a-8eb8-794c260cc930
	at org.openqa.selenium.remote.http.W3CHttpResponseCodec.createException(W3CHttpResponseCodec.java:185)
	at org.openqa.selenium.remote.http.W3CHttpResponseCodec.decode(W3CHttpResponseCodec.java:120)
	at org.openqa.selenium.remote.http.W3CHttpResponseCodec.decode(W3CHttpResponseCodec.java:49)
	at org.openqa.selenium.remote.HttpCommandExecutor.execute(HttpCommandExecutor.java:164)
	at org.openqa.selenium.remote.service.DriverCommandExecutor.execute(DriverCommandExecutor.java:83)
	at org.openqa.selenium.remote.RemoteWebDriver.execute(RemoteWebDriver.java:586)
	at org.openqa.selenium.remote.RemoteWebDriver.execute(RemoteWebDriver.java:643)
	at org.openqa.selenium.remote.RemoteWebDriver$RemoteNavigation.refresh(RemoteWebDriver.java:905)
	at Operation.NewsList.Album_click(NewsList.java:86)
... Removed 29 stack frames]]>
    </failure>
  </testcase> <!-- Album_click -->
  <testcase name="Device_click" time="0.011" classname="Operation.NewsList">
    <failure type="org.openqa.selenium.NoSuchWindowException" message="Unable to locate window
Build info: version: &amp;apos;3.6.0&amp;apos;, revision: &amp;apos;6fbf3ec767&amp;apos;, time: &amp;apos;2017-09-27T15:28:36.4Z&amp;apos;
System info: host: &amp;apos;weiqiangdeMacBook-Pro.local&amp;apos;, ip: &amp;apos;fe80:0:0:0:c4:fd45:78d9:29af%en0&amp;apos;, os.name: &amp;apos;Mac OS X&amp;apos;, os.arch: &amp;apos;x86_64&amp;apos;, os.version: &amp;apos;10.12.6&amp;apos;, java.version: &amp;apos;1.8.0_151&amp;apos;
Driver info: org.openqa.selenium.firefox.FirefoxDriver
Capabilities [{moz:profile=/var/folders/g2/7q3b2c1d233cg2z5k96m36xc0000gn/T/rust_mozprofile.5PJgtle7KTRA, rotatable=false, timeouts={implicit=0, pageLoad=300000, script=30000}, pageLoadStrategy=normal, moz:headless=false, platform=MAC, specificationLevel=0, moz:accessibilityChecks=false, acceptInsecureCerts=true, browserVersion=56.0.2, platformVersion=16.7.0, moz:processID=3547, browserName=firefox, javascriptEnabled=true, platformName=MAC}]
Session ID: dd1efa9c-7ca1-cc4a-8eb8-794c260cc930">
      <![CDATA[org.openqa.selenium.NoSuchWindowException: Unable to locate window
Build info: version: '3.6.0', revision: '6fbf3ec767', time: '2017-09-27T15:28:36.4Z'
System info: host: 'weiqiangdeMacBook-Pro.local', ip: 'fe80:0:0:0:c4:fd45:78d9:29af%en0', os.name: 'Mac OS X', os.arch: 'x86_64', os.version: '10.12.6', java.version: '1.8.0_151'
Driver info: org.openqa.selenium.firefox.FirefoxDriver
Capabilities [{moz:profile=/var/folders/g2/7q3b2c1d233cg2z5k96m36xc0000gn/T/rust_mozprofile.5PJgtle7KTRA, rotatable=false, timeouts={implicit=0, pageLoad=300000, script=30000}, pageLoadStrategy=normal, moz:headless=false, platform=MAC, specificationLevel=0, moz:accessibilityChecks=false, acceptInsecureCerts=true, browserVersion=56.0.2, platformVersion=16.7.0, moz:processID=3547, browserName=firefox, javascriptEnabled=true, platformName=MAC}]
Session ID: dd1efa9c-7ca1-cc4a-8eb8-794c260cc930
	at org.openqa.selenium.remote.http.W3CHttpResponseCodec.createException(W3CHttpResponseCodec.java:185)
	at org.openqa.selenium.remote.http.W3CHttpResponseCodec.decode(W3CHttpResponseCodec.java:120)
	at org.openqa.selenium.remote.http.W3CHttpResponseCodec.decode(W3CHttpResponseCodec.java:49)
	at org.openqa.selenium.remote.HttpCommandExecutor.execute(HttpCommandExecutor.java:164)
	at org.openqa.selenium.remote.service.DriverCommandExecutor.execute(DriverCommandExecutor.java:83)
	at org.openqa.selenium.remote.RemoteWebDriver.execute(RemoteWebDriver.java:586)
	at org.openqa.selenium.remote.RemoteWebDriver.execute(RemoteWebDriver.java:643)
	at org.openqa.selenium.remote.RemoteWebDriver$RemoteNavigation.refresh(RemoteWebDriver.java:905)
	at Operation.NewsList.Device_click(NewsList.java:100)
... Removed 29 stack frames]]>
    </failure>
  </testcase> <!-- Device_click -->
  <testcase name="Partner_click" time="1.017" classname="Operation.NewsList">
    <failure type="org.openqa.selenium.NoSuchWindowException" message="Unable to locate window
Build info: version: &amp;apos;3.6.0&amp;apos;, revision: &amp;apos;6fbf3ec767&amp;apos;, time: &amp;apos;2017-09-27T15:28:36.4Z&amp;apos;
System info: host: &amp;apos;weiqiangdeMacBook-Pro.local&amp;apos;, ip: &amp;apos;fe80:0:0:0:c4:fd45:78d9:29af%en0&amp;apos;, os.name: &amp;apos;Mac OS X&amp;apos;, os.arch: &amp;apos;x86_64&amp;apos;, os.version: &amp;apos;10.12.6&amp;apos;, java.version: &amp;apos;1.8.0_151&amp;apos;
Driver info: org.openqa.selenium.firefox.FirefoxDriver
Capabilities [{moz:profile=/var/folders/g2/7q3b2c1d233cg2z5k96m36xc0000gn/T/rust_mozprofile.5PJgtle7KTRA, rotatable=false, timeouts={implicit=0, pageLoad=300000, script=30000}, pageLoadStrategy=normal, moz:headless=false, platform=MAC, specificationLevel=0, moz:accessibilityChecks=false, acceptInsecureCerts=true, browserVersion=56.0.2, platformVersion=16.7.0, moz:processID=3547, browserName=firefox, javascriptEnabled=true, platformName=MAC}]
Session ID: dd1efa9c-7ca1-cc4a-8eb8-794c260cc930
*** Element info: {Using=xpath, value=.//*[@id=&amp;apos;app&amp;apos;]/div/div[2]/div[1]/div/ul/div[5]/li/div/p}">
      <![CDATA[org.openqa.selenium.NoSuchWindowException: Unable to locate window
Build info: version: '3.6.0', revision: '6fbf3ec767', time: '2017-09-27T15:28:36.4Z'
System info: host: 'weiqiangdeMacBook-Pro.local', ip: 'fe80:0:0:0:c4:fd45:78d9:29af%en0', os.name: 'Mac OS X', os.arch: 'x86_64', os.version: '10.12.6', java.version: '1.8.0_151'
Driver info: org.openqa.selenium.firefox.FirefoxDriver
Capabilities [{moz:profile=/var/folders/g2/7q3b2c1d233cg2z5k96m36xc0000gn/T/rust_mozprofile.5PJgtle7KTRA, rotatable=false, timeouts={implicit=0, pageLoad=300000, script=30000}, pageLoadStrategy=normal, moz:headless=false, platform=MAC, specificationLevel=0, moz:accessibilityChecks=false, acceptInsecureCerts=true, browserVersion=56.0.2, platformVersion=16.7.0, moz:processID=3547, browserName=firefox, javascriptEnabled=true, platformName=MAC}]
Session ID: dd1efa9c-7ca1-cc4a-8eb8-794c260cc930
*** Element info: {Using=xpath, value=.//*[@id='app']/div/div[2]/div[1]/div/ul/div[5]/li/div/p}
	at org.openqa.selenium.remote.http.W3CHttpResponseCodec.createException(W3CHttpResponseCodec.java:185)
	at org.openqa.selenium.remote.http.W3CHttpResponseCodec.decode(W3CHttpResponseCodec.java:120)
	at org.openqa.selenium.remote.http.W3CHttpResponseCodec.decode(W3CHttpResponseCodec.java:49)
	at org.openqa.selenium.remote.HttpCommandExecutor.execute(HttpCommandExecutor.java:164)
	at org.openqa.selenium.remote.service.DriverCommandExecutor.execute(DriverCommandExecutor.java:83)
	at org.openqa.selenium.remote.RemoteWebDriver.execute(RemoteWebDriver.java:586)
	at org.openqa.selenium.remote.RemoteWebDriver.findElement(RemoteWebDriver.java:356)
	at org.openqa.selenium.remote.RemoteWebDriver.findElementByXPath(RemoteWebDriver.java:458)
	at org.openqa.selenium.By$ByXPath.findElement(By.java:361)
	at org.openqa.selenium.remote.RemoteWebDriver.findElement(RemoteWebDriver.java:348)
	at Operation.NewsList.Partner_click(NewsList.java:116)
... Removed 29 stack frames]]>
    </failure>
  </testcase> <!-- Partner_click -->
  <testcase name="logout" time="0.013" classname="Operation.NewsList">
    <failure type="org.openqa.selenium.NoSuchWindowException" message="Unable to locate window
Build info: version: &amp;apos;3.6.0&amp;apos;, revision: &amp;apos;6fbf3ec767&amp;apos;, time: &amp;apos;2017-09-27T15:28:36.4Z&amp;apos;
System info: host: &amp;apos;weiqiangdeMacBook-Pro.local&amp;apos;, ip: &amp;apos;fe80:0:0:0:c4:fd45:78d9:29af%en0&amp;apos;, os.name: &amp;apos;Mac OS X&amp;apos;, os.arch: &amp;apos;x86_64&amp;apos;, os.version: &amp;apos;10.12.6&amp;apos;, java.version: &amp;apos;1.8.0_151&amp;apos;
Driver info: org.openqa.selenium.firefox.FirefoxDriver
Capabilities [{moz:profile=/var/folders/g2/7q3b2c1d233cg2z5k96m36xc0000gn/T/rust_mozprofile.5PJgtle7KTRA, rotatable=false, timeouts={implicit=0, pageLoad=300000, script=30000}, pageLoadStrategy=normal, moz:headless=false, platform=MAC, specificationLevel=0, moz:accessibilityChecks=false, acceptInsecureCerts=true, browserVersion=56.0.2, platformVersion=16.7.0, moz:processID=3547, browserName=firefox, javascriptEnabled=true, platformName=MAC}]
Session ID: dd1efa9c-7ca1-cc4a-8eb8-794c260cc930
*** Element info: {Using=class name, value=header-exit}">
      <![CDATA[org.openqa.selenium.NoSuchWindowException: Unable to locate window
Build info: version: '3.6.0', revision: '6fbf3ec767', time: '2017-09-27T15:28:36.4Z'
System info: host: 'weiqiangdeMacBook-Pro.local', ip: 'fe80:0:0:0:c4:fd45:78d9:29af%en0', os.name: 'Mac OS X', os.arch: 'x86_64', os.version: '10.12.6', java.version: '1.8.0_151'
Driver info: org.openqa.selenium.firefox.FirefoxDriver
Capabilities [{moz:profile=/var/folders/g2/7q3b2c1d233cg2z5k96m36xc0000gn/T/rust_mozprofile.5PJgtle7KTRA, rotatable=false, timeouts={implicit=0, pageLoad=300000, script=30000}, pageLoadStrategy=normal, moz:headless=false, platform=MAC, specificationLevel=0, moz:accessibilityChecks=false, acceptInsecureCerts=true, browserVersion=56.0.2, platformVersion=16.7.0, moz:processID=3547, browserName=firefox, javascriptEnabled=true, platformName=MAC}]
Session ID: dd1efa9c-7ca1-cc4a-8eb8-794c260cc930
*** Element info: {Using=class name, value=header-exit}
	at org.openqa.selenium.remote.http.W3CHttpResponseCodec.createException(W3CHttpResponseCodec.java:185)
	at org.openqa.selenium.remote.http.W3CHttpResponseCodec.decode(W3CHttpResponseCodec.java:120)
	at org.openqa.selenium.remote.http.W3CHttpResponseCodec.decode(W3CHttpResponseCodec.java:49)
	at org.openqa.selenium.remote.HttpCommandExecutor.execute(HttpCommandExecutor.java:164)
	at org.openqa.selenium.remote.service.DriverCommandExecutor.execute(DriverCommandExecutor.java:83)
	at org.openqa.selenium.remote.RemoteWebDriver.execute(RemoteWebDriver.java:586)
	at org.openqa.selenium.remote.RemoteWebDriver.findElement(RemoteWebDriver.java:356)
	at org.openqa.selenium.remote.RemoteWebDriver.findElementByClassName(RemoteWebDriver.java:442)
	at org.openqa.selenium.By$ByClassName.findElement(By.java:391)
	at org.openqa.selenium.remote.RemoteWebDriver.findElement(RemoteWebDriver.java:348)
	at Operation.NewsList.logout(NewsList.java:129)
... Removed 29 stack frames]]>
    </failure>
  </testcase> <!-- logout -->
  <testcase name="phoneisWrongPwd" time="0.473" classname="LoginTest.LoginTest"/>
</testsuite> <!-- Test1 -->
