<?xml version="1.0" encoding="UTF-8"?>
<testsuite xmlns:xsi="http://www.w3.org/2001/XMLSchema-instance" xsi:schemaLocation="https://maven.apache.org/surefire/maven-surefire-plugin/xsd/surefire-test-report.xsd" name="TestSuite" time="560.857" tests="126" errors="0" skipped="1" failures="0">
  <properties>
[...]
</properties>
  <testcase name="getUrl" classname="LoginTest.LoginTest" time="0.013"/>
  <testcase name="aBackBtn" classname="Operation.WriteNewMsg.Navigate" time="0.455"/>
  <testcase name="bNewMsgClk" classname="Operation.WriteNewMsg.Navigate" time="0.58"/>
  <testcase name="cHistoryMsg" classname="Operation.WriteNewMsg.Navigate" time="0.752"/>
  <testcase name="dFrame" classname="Operation.WriteNewMsg.Navigate" time="1.416"/>
  <testcase name="eDevice" classname="Operation.WriteNewMsg.Navigate" time="0.868"/>
  <testcase name="fParnter" classname="Operation.WriteNewMsg.Navigate" time="0.924"/>
  <testcase name="gMy" classname="Operation.WriteNewMsg.Navigate" time="0.727"/>
  <testcase name="hLogout" classname="Operation.WriteNewMsg.Navigate" time="1.292"/>
  <testcase name="aTitleLength14" classname="Operation.WriteNewMsg.Contents" time="0.196"/>
  <testcase name="aTitleNull" classname="Operation.WriteNewMsg.Contents" time="0.773"/>
  <testcase name="aaDefaultLabel" classname="Operation.WriteNewMsg.Contents" time="0.142"/>
  <testcase name="abChangeLabel" classname="Operation.WriteNewMsg.Contents" time="0.813"/>
  <testcase name="acDefaultLabel" classname="Operation.WriteNewMsg.Contents" time="0.346"/>
  <testcase name="b0PicClick" classname="Operation.WriteNewMsg.Contents" time="1.582"/>
  <testcase name="b0TextareaCount" classname="Operation.WriteNewMsg.Contents" time="0.724"/>
  <testcase name="b1PicEdit" classname="Operation.WriteNewMsg.Contents" time="1.549"/>
  <testcase name="b2PicDelete" classname="Operation.WriteNewMsg.Contents" time="9.213"/>
  <testcase name="b3UploadAgain" classname="Operation.WriteNewMsg.Contents" time="3.036"/>
  <testcase name="b4Preview" classname="Operation.WriteNewMsg.Contents" time="1.513"/>
  <testcase name="b5VideoClick" classname="Operation.WriteNewMsg.Contents" time="7.744"/>
  <testcase name="b6VideoEdit" classname="Operation.WriteNewMsg.Contents" time="0.655"/>
  <testcase name="b7DeleteVideo" classname="Operation.WriteNewMsg.Contents" time="2.219"/>
  <testcase name="b8UploadVideoAgain" classname="Operation.WriteNewMsg.Contents" time="1.72"/>
  <testcase name="beforeMethod" classname="Operation.WriteNewMsg.Contents" time="0"/>
  <testcase name="a1TitleText" classname="Operation.WriteNewMsg.PictureUpload" time="0.685"/>
  <testcase name="a2Title30Chars" classname="Operation.WriteNewMsg.PictureUpload" time="0.872"/>
  <testcase name="a3PictureSizeVerify" classname="Operation.WriteNewMsg.PictureUpload" time="1.068"/>
  <testcase name="a4UploadingTextInput" classname="Operation.WriteNewMsg.PictureUpload" time="0.27"/>
  <testcase name="a5UploadingScroll" classname="Operation.WriteNewMsg.PictureUpload" time="0.708"/>
  <testcase name="a6UploadingClickOutside" classname="Operation.WriteNewMsg.PictureUpload" time="0.704"/>
  <testcase name="a7UploadingClickFinish" classname="Operation.WriteNewMsg.PictureUpload" time="0.188"/>
  <testcase name="a8UploadingClickX" classname="Operation.WriteNewMsg.PictureUpload" time="0.476"/>
  <testcase name="a8UploadingCloseCancel" classname="Operation.WriteNewMsg.PictureUpload" time="6.645"/>
  <testcase name="a9UploadingCloseConfirm" classname="Operation.WriteNewMsg.PictureUpload" time="0.633"/>
  <testcase name="b1UploadingCloseConfirmUploadAgain" classname="Operation.WriteNewMsg.PictureUpload" time="2.336"/>
  <testcase name="b2UploadedScroll" classname="Operation.WriteNewMsg.PictureUpload" time="0.868"/>
  <testcase name="b3UloadedClickOutside" classname="Operation.WriteNewMsg.PictureUpload" time="0.656"/>
  <testcase name="b4UploadedTextInput" classname="Operation.WriteNewMsg.PictureUpload" time="2.825"/>
  <testcase name="b5UploadAgain" classname="Operation.WriteNewMsg.PictureUpload" time="1.321"/>
  <testcase name="b6UploadedAgainTextVerify" classname="Operation.WriteNewMsg.PictureUpload" time="3.079"/>
  <testcase name="b7UploadedAgainTwice" classname="Operation.WriteNewMsg.PictureUpload" time="1.96"/>
  <testcase name="b8UploadedClose" classname="Operation.WriteNewMsg.PictureUpload" time="0.89"/>
  <testcase name="b9UploadedCloseCancel" classname="Operation.WriteNewMsg.PictureUpload" time="1.354"/>
  <testcase name="c1UploadedCloseConfirm" classname="Operation.WriteNewMsg.PictureUpload" time="1.157"/>
  <testcase name="c2UploadedCloseConfirmUploadAgain" classname="Operation.WriteNewMsg.PictureUpload" time="2.008"/>
  <testcase name="a1TitleAlert" classname="Operation.WriteNewMsg.VideoUpload" time="2.216"/>
  <testcase name="a2Title30chars" classname="Operation.WriteNewMsg.VideoUpload" time="1.468"/>
  <testcase name="a3WrongFormat" classname="Operation.WriteNewMsg.VideoUpload" time="2.042"/>
  <testcase name="a4UploadingInputTitle" classname="Operation.WriteNewMsg.VideoUpload" time="2.684"/>
  <testcase name="a5UploadingScroll" classname="Operation.WriteNewMsg.VideoUpload" time="1.874"/>
  <testcase name="a6UploadingClickOutside" classname="Operation.WriteNewMsg.VideoUpload" time="2.186"/>
  <testcase name="a7UploadingVerifyFinish" classname="Operation.WriteNewMsg.VideoUpload" time="0.098"/>
  <testcase name="a8Uploading50Close" classname="Operation.WriteNewMsg.VideoUpload" time="0">
    <skipped/>
    <system-out><![CDATA[retry 1 time
[[FirefoxDriver: firefox on MAC (294dc7fe-8798-ca44-ad53-9ab01ea9476e)] -> xpath: .//*[@id='app']/div/div/div[2]/div[2]/div[2]/div[2]/ul/li[1]]
[[FirefoxDriver: firefox on MAC (294dc7fe-8798-ca44-ad53-9ab01ea9476e)] -> xpath: .//*[@id='app']/div/div/div[2]/div[2]/div[1]/div/div[1]/a[2]]
[[FirefoxDriver: firefox on MAC (294dc7fe-8798-ca44-ad53-9ab01ea9476e)] -> xpath: .//*[@id='app']//div[text()='服务消息']]
方法运行前的URL是http://testmcenter.weixinxk.com/admin/pushmessage/edit/add/
[[FirefoxDriver: firefox on MAC (294dc7fe-8798-ca44-ad53-9ab01ea9476e)] -> xpath: .//*[@id='app']/div/div/div[2]/div[2]/div[2]/div/div[4]/div[2]/div[1]/div[1]/a/form/input]
[[FirefoxDriver: firefox on MAC (294dc7fe-8798-ca44-ad53-9ab01ea9476e)] -> xpath: .//*[@id='app']/div/div/div[2]/div[2]/div[2]/div/div[4]/div[2]/div/div[1]/div/div/div[2]/div[2]/div/div/span[2]/span]
[[FirefoxDriver: firefox on MAC (294dc7fe-8798-ca44-ad53-9ab01ea9476e)] -> xpath: .//*[@id='app']/div/div/div[2]/div[2]/div[2]/div/div[4]/div[2]/div/div[1]/div/div/div[2]/div[2]/div/div/span[2]/span]
[[FirefoxDriver: firefox on MAC (294dc7fe-8798-ca44-ad53-9ab01ea9476e)] -> xpath: .//*[@id='app']/div/div/div[2]/div[2]/div[2]/div/div[4]/div[2]/div/div[1]/div/div/div[2]/div[2]/div/div/span[2]/span]
[[FirefoxDriver: firefox on MAC (294dc7fe-8798-ca44-ad53-9ab01ea9476e)] -> xpath: .//*[@id='app']/div/div/div[2]/div[2]/div[2]/div/div[4]/div[2]/div/div[1]/div/div/div[2]/div[2]/div/div/span[2]/span]
[[FirefoxDriver: firefox on MAC (294dc7fe-8798-ca44-ad53-9ab01ea9476e)] -> xpath: .//*[@id='app']/div/div/div[2]/div[2]/div[2]/div/div[4]/div[2]/div/div[1]/div/div/div[2]/div[2]/div/div/span[2]/span]
[[FirefoxDriver: firefox on MAC (294dc7fe-8798-ca44-ad53-9ab01ea9476e)] -> xpath: .//*[@id='app']/div/div/div[2]/div[2]/div[2]/div/div[4]/div[2]/div/div[1]/div/div/div[2]/div[2]/div/div/span[2]/span]
[[FirefoxDriver: firefox on MAC (294dc7fe-8798-ca44-ad53-9ab01ea9476e)] -> xpath: .//*[@id='app']/div/div/div[2]/div[2]/div[2]/div/div[4]/div[2]/div/div[1]/div/div/div[2]/div[2]/div/div/span[2]/span]
[[FirefoxDriver: firefox on MAC (294dc7fe-8798-ca44-ad53-9ab01ea9476e)] -> xpath: .//*[@id='app']/div/div/div[2]/div[2]/div[2]/div/div[4]/div[2]/div/div[1]/div/div/div[2]/div[2]/div/div/span[2]/span]
[[FirefoxDriver: firefox on MAC (294dc7fe-8798-ca44-ad53-9ab01ea9476e)] -> xpath: .//*[@id='app']/div/div/div[2]/div[2]/div[2]/div/div[4]/div[2]/div/div[1]/div/div/div[2]/div[2]/div/div/span[2]/span]
[[FirefoxDriver: firefox on MAC (294dc7fe-8798-ca44-ad53-9ab01ea9476e)] -> xpath: .//*[@id='app']/div/div/div[2]/div[2]/div[2]/div/div[4]/div[2]/div/div[1]/div/div/div[2]/div[2]/div/div/span[2]/span]
[[FirefoxDriver: firefox on MAC (294dc7fe-8798-ca44-ad53-9ab01ea9476e)] -> xpath: .//*[@id='app']/div/div/div[2]/div[2]/div[2]/div/div[4]/div[2]/div/div[1]/div/div/div[2]/div[2]/div/div/span[2]/span]
[[FirefoxDriver: firefox on MAC (294dc7fe-8798-ca44-ad53-9ab01ea9476e)] -> xpath: .//*[@id='app']/div/div/div[2]/div[2]/div[2]/div/div[4]/div[2]/div/div[1]/div/div/div[2]/div[2]/div/div/span[2]/span]
[[FirefoxDriver: firefox on MAC (294dc7fe-8798-ca44-ad53-9ab01ea9476e)] -> xpath: .//*[@id='app']/div/div/div[2]/div[2]/div[2]/div/div[4]/div[2]/div/div[1]/div/div/div[2]/div[2]/div/div/span[2]/span]
[[FirefoxDriver: firefox on MAC (294dc7fe-8798-ca44-ad53-9ab01ea9476e)] -> xpath: .//*[@id='app']/div/div/div[2]/div[2]/div[2]/div/div[4]/div[2]/div/div[1]/div/div/div[2]/div[2]/div/div/span[2]/span]
[[FirefoxDriver: firefox on MAC (294dc7fe-8798-ca44-ad53-9ab01ea9476e)] -> xpath: .//*[@id='app']/div/div/div[2]/div[2]/div[2]/div/div[4]/div[2]/div/div[1]/div/div/div[2]/div[2]/div/div/span[2]/span]
[[FirefoxDriver: firefox on MAC (294dc7fe-8798-ca44-ad53-9ab01ea9476e)] -> xpath: .//*[@id='app']/div/div/div[2]/div[2]/div[2]/div/div[4]/div[2]/div/div[1]/div/div/div[2]/div[2]/div/div/span[2]/span]
[[FirefoxDriver: firefox on MAC (294dc7fe-8798-ca44-ad53-9ab01ea9476e)] -> xpath: .//*[@id='app']/div/div/div[2]/div[2]/div[2]/div/div[4]/div[2]/div/div[1]/div/div/div[2]/div[2]/div/div/span[2]/span]
[[FirefoxDriver: firefox on MAC (294dc7fe-8798-ca44-ad53-9ab01ea9476e)] -> xpath: .//*[@id='app']/div/div/div[2]/div[2]/div[2]/div/div[4]/div[2]/div/div[1]/div/div/div[2]/div[2]/div/div/span[2]/span]
[[FirefoxDriver: firefox on MAC (294dc7fe-8798-ca44-ad53-9ab01ea9476e)] -> xpath: .//*[@id='app']/div/div/div[2]/div[2]/div[2]/div/div[4]/div[2]/div/div[1]/div/div/div[2]/div[2]/div/div/span[2]/span]
[[FirefoxDriver: firefox on MAC (294dc7fe-8798-ca44-ad53-9ab01ea9476e)] -> xpath: .//*[@id='app']/div/div/div[2]/div[2]/div[2]/div/div[4]/div[2]/div/div[1]/div/div/div[2]/div[2]/div/div/span[2]/span]
[[FirefoxDriver: firefox on MAC (294dc7fe-8798-ca44-ad53-9ab01ea9476e)] -> xpath: .//*[@id='app']/div/div/div[2]/div[2]/div[2]/div/div[4]/div[2]/div/div[1]/div/div/div[2]/div[2]/div/div/span[2]/span]
[[FirefoxDriver: firefox on MAC (294dc7fe-8798-ca44-ad53-9ab01ea9476e)] -> xpath: .//*[@id='app']/div/div/div[2]/div[2]/div[2]/div/div[4]/div[2]/div/div[1]/div/div/div[2]/div[2]/div/div/span[2]/span]
[[FirefoxDriver: firefox on MAC (294dc7fe-8798-ca44-ad53-9ab01ea9476e)] -> xpath: .//*[@id='app']/div/div/div[2]/div[2]/div[2]/div/div[4]/div[2]/div/div[1]/div/div/div[2]/div[2]/div/div/span[2]/span]
[[FirefoxDriver: firefox on MAC (294dc7fe-8798-ca44-ad53-9ab01ea9476e)] -> xpath: .//*[@id='app']/div/div/div[2]/div[2]/div[2]/div/div[4]/div[2]/div/div[1]/div/div/div[2]/div[2]/div/div/span[2]/span]
[[FirefoxDriver: firefox on MAC (294dc7fe-8798-ca44-ad53-9ab01ea9476e)] -> xpath: .//*[@id='app']/div/div/div[2]/div[2]/div[2]/div/div[4]/div[2]/div/div[1]/div/div/div[2]/div[2]/div/div/span[2]/span]
[[FirefoxDriver: firefox on MAC (294dc7fe-8798-ca44-ad53-9ab01ea9476e)] -> xpath: .//*[@id='app']/div/div/div[2]/div[2]/div[2]/div/div[4]/div[2]/div/div[1]/div/div/div[2]/div[2]/div/div/span[2]/span]
[[FirefoxDriver: firefox on MAC (294dc7fe-8798-ca44-ad53-9ab01ea9476e)] -> xpath: .//*[@id='app']/div/div/div[2]/div[2]/div[2]/div/div[4]/div[2]/div/div[1]/div/div/div[2]/div[2]/div/div/span[2]/span]
[[FirefoxDriver: firefox on MAC (294dc7fe-8798-ca44-ad53-9ab01ea9476e)] -> xpath: .//*[@id='app']/div/div/div[2]/div[2]/div[2]/div/div[4]/div[2]/div/div[1]/div/div/div[2]/div[2]/div/div/span[2]/span]
[[FirefoxDriver: firefox on MAC (294dc7fe-8798-ca44-ad53-9ab01ea9476e)] -> xpath: .//*[@id='app']/div/div/div[2]/div[2]/div[2]/div/div[4]/div[2]/div/div[1]/div/div/div[2]/div[2]/div/div/span[2]/span]
[[FirefoxDriver: firefox on MAC (294dc7fe-8798-ca44-ad53-9ab01ea9476e)] -> xpath: .//*[@id='app']/div/div/div[2]/div[2]/div[2]/div/div[4]/div[2]/div/div[1]/div/div/div[2]/div[2]/div/div/span[2]/span]
[[FirefoxDriver: firefox on MAC (294dc7fe-8798-ca44-ad53-9ab01ea9476e)] -> xpath: .//*[@id='app']/div/div/div[2]/div[2]/div[2]/div/div[4]/div[2]/div/div[1]/div/div/div[2]/div[2]/div/div/span[2]/span]
[[FirefoxDriver: firefox on MAC (294dc7fe-8798-ca44-ad53-9ab01ea9476e)] -> xpath: .//*[@id='app']/div/div/div[2]/div[2]/div[2]/div/div[4]/div[2]/div/div[1]/div/div/div[2]/div[2]/div/div/span[2]/span]
[[FirefoxDriver: firefox on MAC (294dc7fe-8798-ca44-ad53-9ab01ea9476e)] -> xpath: .//*[@id='app']/div/div/div[2]/div[2]/div[2]/div/div[4]/div[2]/div/div[1]/div/div/div[2]/div[2]/div/div/span[2]/span]
[[FirefoxDriver: firefox on MAC (294dc7fe-8798-ca44-ad53-9ab01ea9476e)] -> xpath: .//*[@id='app']/div/div/div[2]/div[2]/div[2]/div/div[4]/div[2]/div/div[1]/div/div/div[2]/div[2]/div/div/span[2]/span]
[[FirefoxDriver: firefox on MAC (294dc7fe-8798-ca44-ad53-9ab01ea9476e)] -> xpath: .//*[@id='app']/div/div/div[2]/div[2]/div[2]/div/div[4]/div[2]/div/div[1]/div/div/div[2]/div[2]/div/div/span[2]/span]
[[FirefoxDriver: firefox on MAC (294dc7fe-8798-ca44-ad53-9ab01ea9476e)] -> xpath: .//*[@id='app']/div/div/div[2]/div[2]/div[2]/div/div[4]/div[2]/div/div[1]/div/div/div[2]/div[2]/div/div/span[2]/span]
[[FirefoxDriver: firefox on MAC (294dc7fe-8798-ca44-ad53-9ab01ea9476e)] -> xpath: .//*[@id='app']/div/div/div[2]/div[2]/div[2]/div/div[4]/div[2]/div/div[1]/div/div/div[2]/div[2]/div/div/span[2]/span]
[[FirefoxDriver: firefox on MAC (294dc7fe-8798-ca44-ad53-9ab01ea9476e)] -> xpath: .//*[@id='app']/div/div/div[2]/div[2]/div[2]/div/div[4]/div[2]/div/div[1]/div/div/div[2]/div[2]/div/div/span[2]/span]
[[FirefoxDriver: firefox on MAC (294dc7fe-8798-ca44-ad53-9ab01ea9476e)] -> xpath: .//*[@id='app']/div/div/div[2]/div[2]/div[2]/div/div[4]/div[2]/div/div[1]/div/div/div[2]/div[2]/div/div/span[2]/span]
[[FirefoxDriver: firefox on MAC (294dc7fe-8798-ca44-ad53-9ab01ea9476e)] -> xpath: .//*[@id='app']/div/div/div[2]/div[2]/div[2]/div/div[4]/div[2]/div/div[1]/div/div/div[2]/div[2]/div/div/span[2]/span]
[[FirefoxDriver: firefox on MAC (294dc7fe-8798-ca44-ad53-9ab01ea9476e)] -> xpath: .//*[@id='app']/div/div/div[2]/div[2]/div[2]/div/div[4]/div[2]/div/div[1]/div/div/div[2]/div[2]/div/div/span[2]/span]
[[FirefoxDriver: firefox on MAC (294dc7fe-8798-ca44-ad53-9ab01ea9476e)] -> xpath: .//*[@id='app']/div/div/div[2]/div[2]/div[2]/div/div[4]/div[2]/div/div[1]/div/div/div[2]/div[2]/div/div/span[2]/span]
[[FirefoxDriver: firefox on MAC (294dc7fe-8798-ca44-ad53-9ab01ea9476e)] -> xpath: .//*[@id='app']/div/div/div[2]/div[2]/div[2]/div/div[4]/div[2]/div/div[1]/div/div/div[2]/div[2]/div/div/span[2]/span]
[[FirefoxDriver: firefox on MAC (294dc7fe-8798-ca44-ad53-9ab01ea9476e)] -> xpath: .//*[@id='app']/div/div/div[2]/div[2]/div[2]/div/div[4]/div[2]/div/div[1]/div/div/div[2]/div[2]/div/div/span[2]/span]
[[FirefoxDriver: firefox on MAC (294dc7fe-8798-ca44-ad53-9ab01ea9476e)] -> xpath: .//*[@id='app']/div/div/div[2]/div[2]/div[2]/div/div[4]/div[2]/div/div[1]/div/div/div[2]/div[2]/div/div/span[2]/span]
[[FirefoxDriver: firefox on MAC (294dc7fe-8798-ca44-ad53-9ab01ea9476e)] -> xpath: .//*[@id='app']/div/div/div[2]/div[2]/div[2]/div/div[4]/div[2]/div/div[1]/div/div/div[2]/div[2]/div/div/span[2]/span]
[[FirefoxDriver: firefox on MAC (294dc7fe-8798-ca44-ad53-9ab01ea9476e)] -> xpath: .//*[@id='app']/div/div/div[2]/div[2]/div[2]/div/div[4]/div[2]/div/div[1]/div/div/div[2]/div[2]/div/div/span[2]/span]
[[FirefoxDriver: firefox on MAC (294dc7fe-8798-ca44-ad53-9ab01ea9476e)] -> xpath: .//*[@id='app']/div/div/div[2]/div[2]/div[2]/div/div[4]/div[2]/div/div[1]/div/div/div[2]/div[2]/div/div/span[2]/span]
[[FirefoxDriver: firefox on MAC (294dc7fe-8798-ca44-ad53-9ab01ea9476e)] -> xpath: .//*[@id='app']/div/div/div[2]/div[2]/div[2]/div/div[4]/div[2]/div/div[1]/div/div/div[2]/div[2]/div/div/span[2]/span]
[[FirefoxDriver: firefox on MAC (294dc7fe-8798-ca44-ad53-9ab01ea9476e)] -> xpath: .//*[@id='app']/div/div/div[2]/div[2]/div[2]/div/div[4]/div[2]/div/div[1]/div/div/div[2]/div[2]/div/div/span[2]/span]
[[FirefoxDriver: firefox on MAC (294dc7fe-8798-ca44-ad53-9ab01ea9476e)] -> xpath: .//*[@id='app']/div/div/div[2]/div[2]/div[2]/div/div[4]/div[2]/div/div[1]/div/div/div[2]/div[2]/div/div/span[2]/span]
[[FirefoxDriver: firefox on MAC (294dc7fe-8798-ca44-ad53-9ab01ea9476e)] -> xpath: .//*[@id='app']/div/div/div[2]/div[2]/div[2]/div/div[4]/div[2]/div/div[1]/div/div/div[2]/div[2]/div/div/span[2]/span]
[[FirefoxDriver: firefox on MAC (294dc7fe-8798-ca44-ad53-9ab01ea9476e)] -> xpath: .//*[@id='app']/div/div/div[2]/div[2]/div[2]/div/div[4]/div[2]/div/div[1]/div/div/div[2]/div[2]/div/div/span[2]/span]
[[FirefoxDriver: firefox on MAC (294dc7fe-8798-ca44-ad53-9ab01ea9476e)] -> xpath: .//*[@id='app']/div/div/div[2]/div[2]/div[2]/div/div[4]/div[2]/div/div[1]/div/div/div[2]/div[2]/div/div/span[2]/span]
[[FirefoxDriver: firefox on MAC (294dc7fe-8798-ca44-ad53-9ab01ea9476e)] -> xpath: .//*[@id='app']/div/div/div[2]/div[2]/div[2]/div/div[4]/div[2]/div/div[1]/div/div/div[2]/div[2]/div/div/span[2]/span]
[[FirefoxDriver: firefox on MAC (294dc7fe-8798-ca44-ad53-9ab01ea9476e)] -> xpath: .//*[@id='app']/div/div/div[2]/div[2]/div[2]/div/div[4]/div[2]/div/div[1]/div/div/div[2]/div[2]/div/div/span[2]/span]
[[FirefoxDriver: firefox on MAC (294dc7fe-8798-ca44-ad53-9ab01ea9476e)] -> xpath: .//*[@id='app']/div/div/div[2]/div[2]/div[2]/div/div[4]/div[2]/div/div[1]/div/div/div[2]/div[2]/div/div/span[2]/span]
[[FirefoxDriver: firefox on MAC (294dc7fe-8798-ca44-ad53-9ab01ea9476e)] -> xpath: .//*[@id='app']/div/div/div[2]/div[2]/div[2]/div/div[4]/div[2]/div/div[1]/div/div/div[2]/div[2]/div/div/span[2]/span]
[[FirefoxDriver: firefox on MAC (294dc7fe-8798-ca44-ad53-9ab01ea9476e)] -> xpath: .//*[@id='app']/div/div/div[2]/div[2]/div[2]/div/div[4]/div[2]/div/div[1]/div/div/div[2]/div[2]/div/div/span[2]/span]
[[FirefoxDriver: firefox on MAC (294dc7fe-8798-ca44-ad53-9ab01ea9476e)] -> xpath: .//*[@id='app']/div/div/div[2]/div[2]/div[2]/div/div[4]/div[2]/div/div[1]/div/div/div[2]/div[2]/div/div/span[2]/span]
[[FirefoxDriver: firefox on MAC (294dc7fe-8798-ca44-ad53-9ab01ea9476e)] -> xpath: .//*[@id='app']/div/div/div[2]/div[2]/div[2]/div/div[4]/div[2]/div/div[1]/div/div/div[2]/div[2]/div/div/span[2]/span]
[[FirefoxDriver: firefox on MAC (294dc7fe-8798-ca44-ad53-9ab01ea9476e)] -> xpath: .//*[@id='app']/div/div/div[2]/div[2]/div[2]/div/div[4]/div[2]/div/div[1]/div/div/div[2]/div[2]/div/div/span[2]/span]
[[FirefoxDriver: firefox on MAC (294dc7fe-8798-ca44-ad53-9ab01ea9476e)] -> xpath: .//*[@id='app']/div/div/div[2]/div[2]/div[2]/div/div[4]/div[2]/div/div[1]/div/div/div[2]/div[2]/div/div/span[2]/span]
[[FirefoxDriver: firefox on MAC (294dc7fe-8798-ca44-ad53-9ab01ea9476e)] -> xpath: .//*[@id='app']/div/div/div[2]/div[2]/div[2]/div/div[4]/div[2]/div/div[1]/div/div/div[2]/div[2]/div/div/span[2]/span]
[[FirefoxDriver: firefox on MAC (294dc7fe-8798-ca44-ad53-9ab01ea9476e)] -> xpath: .//*[@id='app']/div/div/div[2]/div[2]/div[2]/div/div[4]/div[2]/div/div[1]/div/div/div[2]/div[2]/div/div/span[2]/span]
[[FirefoxDriver: firefox on MAC (294dc7fe-8798-ca44-ad53-9ab01ea9476e)] -> xpath: .//*[@id='app']/div/div/div[2]/div[2]/div[2]/div/div[4]/div[2]/div/div[1]/div/div/div[2]/div[2]/div/div/span[2]/span]
[[FirefoxDriver: firefox on MAC (294dc7fe-8798-ca44-ad53-9ab01ea9476e)] -> xpath: .//*[@id='app']/div/div/div[2]/div[2]/div[2]/div/div[4]/div[2]/div/div[1]/div/div/div[2]/div[2]/div/div/span[2]/span]
[[FirefoxDriver: firefox on MAC (294dc7fe-8798-ca44-ad53-9ab01ea9476e)] -> xpath: .//*[@id='app']/div/div/div[2]/div[2]/div[2]/div/div[4]/div[2]/div/div[1]/div/div/div[2]/div[2]/div/div/span[2]/span]
[[FirefoxDriver: firefox on MAC (294dc7fe-8798-ca44-ad53-9ab01ea9476e)] -> xpath: .//*[@id='app']/div/div/div[2]/div[2]/div[2]/div/div[4]/div[2]/div/div[1]/div/div/div[2]/div[2]/div/div/span[2]/span]
[[FirefoxDriver: firefox on MAC (294dc7fe-8798-ca44-ad53-9ab01ea9476e)] -> xpath: .//*[@id='app']/div/div/div[2]/div[2]/div[2]/div/div[4]/div[2]/div/div[1]/div/div/div[2]/div[2]/div/div/span[2]/span]
[[FirefoxDriver: firefox on MAC (294dc7fe-8798-ca44-ad53-9ab01ea9476e)] -> xpath: .//*[@id='app']/div/div/div[2]/div[2]/div[2]/div/div[4]/div[2]/div/div[1]/div/div/div[2]/div[2]/div/div/span[2]/span]
[[FirefoxDriver: firefox on MAC (294dc7fe-8798-ca44-ad53-9ab01ea9476e)] -> xpath: .//*[@id='app']/div/div/div[2]/div[2]/div[2]/div/div[4]/div[2]/div/div[1]/div/div/div[2]/div[2]/div/div/span[2]/span]
[[FirefoxDriver: firefox on MAC (294dc7fe-8798-ca44-ad53-9ab01ea9476e)] -> xpath: .//*[@id='app']/div/div/div[2]/div[2]/div[2]/div/div[4]/div[2]/div/div[1]/div/div/div[2]/div[2]/div/div/span[2]/span]
[[FirefoxDriver: firefox on MAC (294dc7fe-8798-ca44-ad53-9ab01ea9476e)] -> xpath: .//*[@id='app']/div/div/div[2]/div[2]/div[2]/div/div[4]/div[2]/div/div[1]/div/div/div[2]/div[2]/div/div/span[2]/span]
[[FirefoxDriver: firefox on MAC (294dc7fe-8798-ca44-ad53-9ab01ea9476e)] -> xpath: .//*[@id='app']/div/div/div[2]/div[2]/div[2]/div/div[4]/div[2]/div/div[1]/div/div/div[2]/div[2]/div/div/span[2]/span]
[[FirefoxDriver: firefox on MAC (294dc7fe-8798-ca44-ad53-9ab01ea9476e)] -> xpath: .//*[@id='app']/div/div/div[2]/div[2]/div[2]/div/div[4]/div[2]/div/div[1]/div/div/div[2]/div[2]/div/div/span[2]/span]
[[FirefoxDriver: firefox on MAC (294dc7fe-8798-ca44-ad53-9ab01ea9476e)] -> xpath: .//*[@id='app']/div/div/div[2]/div[2]/div[2]/div/div[4]/div[2]/div/div[1]/div/div/div[2]/div[2]/div/div/span[2]/span]
[[FirefoxDriver: firefox on MAC (294dc7fe-8798-ca44-ad53-9ab01ea9476e)] -> xpath: .//*[@id='app']/div/div/div[2]/div[2]/div[2]/div/div[4]/div[2]/div/div[1]/div/div/div[2]/div[2]/div/div/span[2]/span]
[[FirefoxDriver: firefox on MAC (294dc7fe-8798-ca44-ad53-9ab01ea9476e)] -> xpath: .//*[@id='app']/div/div/div[2]/div[2]/div[2]/div/div[4]/div[2]/div/div[1]/div/div/div[2]/div[2]/div/div/span[2]/span]
[[FirefoxDriver: firefox on MAC (294dc7fe-8798-ca44-ad53-9ab01ea9476e)] -> xpath: .//*[@id='app']/div/div/div[2]/div[2]/div[2]/div/div[4]/div[2]/div/div[1]/div/div/div[2]/div[2]/div/div/span[2]/span]
[[FirefoxDriver: firefox on MAC (294dc7fe-8798-ca44-ad53-9ab01ea9476e)] -> xpath: .//*[@id='app']/div/div/div[2]/div[2]/div[2]/div/div[4]/div[2]/div/div[1]/div/div/div[2]/div[2]/div/div/span[2]/span]
[[FirefoxDriver: firefox on MAC (294dc7fe-8798-ca44-ad53-9ab01ea9476e)] -> xpath: .//*[@id='app']/div/div/div[2]/div[2]/div[2]/div/div[4]/div[2]/div/div[1]/div/div/div[2]/div[2]/div/div/span[2]/span]
[[FirefoxDriver: firefox on MAC (294dc7fe-8798-ca44-ad53-9ab01ea9476e)] -> xpath: .//*[@id='app']/div/div/div[2]/div[2]/div[2]/div/div[4]/div[2]/div/div[1]/div/div/div[2]/div[2]/div/div/span[2]/span]
[[FirefoxDriver: firefox on MAC (294dc7fe-8798-ca44-ad53-9ab01ea9476e)] -> xpath: .//*[@id='app']/div/div/div[2]/div[2]/div[2]/div/div[4]/div[2]/div/div[1]/div/div/div[2]/div[2]/div/div/span[2]/span]
[[FirefoxDriver: firefox on MAC (294dc7fe-8798-ca44-ad53-9ab01ea9476e)] -> xpath: .//*[@id='app']/div/div/div[2]/div[2]/div[2]/div/div[4]/div[2]/div/div[1]/div/div/div[2]/div[2]/div/div/span[2]/span]
[[FirefoxDriver: firefox on MAC (294dc7fe-8798-ca44-ad53-9ab01ea9476e)] -> xpath: .//*[@id='app']/div/div/div[2]/div[2]/div[2]/div/div[4]/div[2]/div/div[1]/div/div/div[2]/div[2]/div/div/span[2]/span]
[[FirefoxDriver: firefox on MAC (294dc7fe-8798-ca44-ad53-9ab01ea9476e)] -> xpath: .//*[@id='app']/div/div/div[2]/div[2]/div[2]/div/div[4]/div[2]/div/div[1]/div/div/div[2]/div[2]/div/div/span[2]/span]
[[FirefoxDriver: firefox on MAC (294dc7fe-8798-ca44-ad53-9ab01ea9476e)] -> xpath: .//*[@id='app']/div/div/div[2]/div[2]/div[2]/div/div[4]/div[2]/div/div[1]/div/div/div[2]/div[2]/div/div/span[2]/span]
[[FirefoxDriver: firefox on MAC (294dc7fe-8798-ca44-ad53-9ab01ea9476e)] -> xpath: .//*[@id='app']/div/div/div[2]/div[2]/div[2]/div/div[4]/div[2]/div/div[1]/div/div/div[2]/div[2]/div/div/span[2]/span]
[[FirefoxDriver: firefox on MAC (294dc7fe-8798-ca44-ad53-9ab01ea9476e)] -> xpath: .//*[@id='app']/div/div/div[2]/div[2]/div[2]/div/div[4]/div[2]/div/div[1]/div/div/div[2]/div[2]/div/div/span[2]/span]
[[FirefoxDriver: firefox on MAC (294dc7fe-8798-ca44-ad53-9ab01ea9476e)] -> xpath: .//*[@id='app']/div/div/div[2]/div[2]/div[2]/div/div[4]/div[2]/div/div[1]/div/div/div[2]/div[2]/div/div/span[2]/span]
[[FirefoxDriver: firefox on MAC (294dc7fe-8798-ca44-ad53-9ab01ea9476e)] -> xpath: .//*[@id='app']/div/div/div[2]/div[2]/div[2]/div/div[4]/div[2]/div/div[1]/div/div/div[2]/div[2]/div/div/span[2]/span]
[[FirefoxDriver: firefox on MAC (294dc7fe-8798-ca44-ad53-9ab01ea9476e)] -> xpath: .//*[@id='app']/div/div/div[2]/div[2]/div[2]/div/div[4]/div[2]/div/div[1]/div/div/div[2]/div[2]/div/div/span[2]/span]
[[FirefoxDriver: firefox on MAC (294dc7fe-8798-ca44-ad53-9ab01ea9476e)] -> xpath: .//*[@id='app']/div/div/div[2]/div[2]/div[2]/div/div[4]/div[2]/div/div[1]/div/div/div[2]/div[2]/div/div/span[2]/span]
[[FirefoxDriver: firefox on MAC (294dc7fe-8798-ca44-ad53-9ab01ea9476e)] -> xpath: .//*[@id='app']/div/div/div[2]/div[2]/div[2]/div/div[4]/div[2]/div/div[1]/div/div/div[2]/div[2]/div/div/span[2]/span]
[[FirefoxDriver: firefox on MAC (294dc7fe-8798-ca44-ad53-9ab01ea9476e)] -> xpath: .//*[@id='app']/div/div/div[2]/div[2]/div[2]/div/div[4]/div[2]/div/div[1]/div/div/div[2]/div[2]/div/div/span[2]/span]
[[FirefoxDriver: firefox on MAC (294dc7fe-8798-ca44-ad53-9ab01ea9476e)] -> xpath: .//*[@id='app']/div/div/div[2]/div[2]/div[2]/div/div[4]/div[2]/div/div[1]/div/div/div[2]/div[2]/div/div/span[2]/span]
[[FirefoxDriver: firefox on MAC (294dc7fe-8798-ca44-ad53-9ab01ea9476e)] -> xpath: .//*[@id='app']/div/div/div[2]/div[2]/div[2]/div/div[4]/div[2]/div/div[1]/div/div/div[2]/div[2]/div/div/span[2]/span]
[[FirefoxDriver: firefox on MAC (294dc7fe-8798-ca44-ad53-9ab01ea9476e)] -> xpath: .//*[@id='app']/div/div/div[2]/div[2]/div[2]/div/div[4]/div[2]/div/div[1]/div/div/div[2]/div[2]/div/div/span[2]/span]
[[FirefoxDriver: firefox on MAC (294dc7fe-8798-ca44-ad53-9ab01ea9476e)] -> xpath: .//*[@id='app']/div/div/div[2]/div[2]/div[2]/div/div[4]/div[2]/div/div[1]/div/div/div[2]/div[2]/div/div/span[2]/span]
[[FirefoxDriver: firefox on MAC (294dc7fe-8798-ca44-ad53-9ab01ea9476e)] -> xpath: .//*[@id='app']/div/div/div[2]/div[2]/div[2]/div/div[4]/div[2]/div/div[1]/div/div/div[2]/div[2]/div/div/span[2]/span]
[[FirefoxDriver: firefox on MAC (294dc7fe-8798-ca44-ad53-9ab01ea9476e)] -> xpath: .//*[@id='app']/div/div/div[2]/div[2]/div[2]/div/div[4]/div[2]/div/div[1]/div/div/div[2]/div[2]/div/div/span[2]/span]
[[FirefoxDriver: firefox on MAC (294dc7fe-8798-ca44-ad53-9ab01ea9476e)] -> xpath: .//*[@id='app']/div/div/div[2]/div[2]/div[2]/div/div[4]/div[2]/div/div[1]/div/div/div[2]/div[2]/div/div/span[2]/span]
[[FirefoxDriver: firefox on MAC (294dc7fe-8798-ca44-ad53-9ab01ea9476e)] -> xpath: .//*[@id='app']/div/div/div[2]/div[2]/div[2]/div/div[4]/div[2]/div/div[1]/div/div/div[2]/div[2]/div/div/span[2]/span]
[[FirefoxDriver: firefox on MAC (294dc7fe-8798-ca44-ad53-9ab01ea9476e)] -> xpath: .//*[@id='app']/div/div/div[2]/div[2]/div[2]/div/div[4]/div[2]/div/div[1]/div/div/div[2]/div[2]/div/div/span[2]/span]
[[FirefoxDriver: firefox on MAC (294dc7fe-8798-ca44-ad53-9ab01ea9476e)] -> xpath: .//*[@id='app']/div/div/div[2]/div[2]/div[2]/div/div[4]/div[2]/div/div[1]/div/div/div[2]/div[2]/div/div/span[2]/span]
[[FirefoxDriver: firefox on MAC (294dc7fe-8798-ca44-ad53-9ab01ea9476e)] -> xpath: .//*[@id='app']/div/div/div[2]/div[2]/div[2]/div/div[4]/div[2]/div/div[1]/div/div/div[2]/div[2]/div/div/span[2]/span]
[[FirefoxDriver: firefox on MAC (294dc7fe-8798-ca44-ad53-9ab01ea9476e)] -> xpath: .//*[@id='app']/div/div/div[2]/div[2]/div[2]/div/div[4]/div[2]/div/div[1]/div/div/div[2]/div[2]/div/div/span[2]/span]
[[FirefoxDriver: firefox on MAC (294dc7fe-8798-ca44-ad53-9ab01ea9476e)] -> xpath: .//*[@id='app']/div/div/div[2]/div[2]/div[2]/div/div[4]/div[2]/div/div[1]/div/div/div[2]/div[2]/div/div/span[2]/span]
[[FirefoxDriver: firefox on MAC (294dc7fe-8798-ca44-ad53-9ab01ea9476e)] -> xpath: .//*[@id='app']/div/div/div[2]/div[2]/div[2]/div/div[4]/div[2]/div/div[1]/div/div/div[2]/div[2]/div/div/span[2]/span]
[[FirefoxDriver: firefox on MAC (294dc7fe-8798-ca44-ad53-9ab01ea9476e)] -> xpath: .//*[@id='app']/div/div/div[2]/div[2]/div[2]/div/div[4]/div[2]/div/div[1]/div/div/div[2]/div[2]/div/div/span[2]/span]
[[FirefoxDriver: firefox on MAC (294dc7fe-8798-ca44-ad53-9ab01ea9476e)] -> xpath: .//*[@id='app']/div/div/div[2]/div[2]/div[2]/div/div[4]/div[2]/div/div[1]/div/div/div[2]/div[2]/div/div/span[2]/span]
[[FirefoxDriver: firefox on MAC (294dc7fe-8798-ca44-ad53-9ab01ea9476e)] -> xpath: .//*[@id='app']/div/div/div[2]/div[2]/div[2]/div/div[4]/div[2]/div/div[1]/div/div/div[2]/div[2]/div/div/span[2]/span]
[[FirefoxDriver: firefox on MAC (294dc7fe-8798-ca44-ad53-9ab01ea9476e)] -> xpath: .//*[@id='app']/div/div/div[2]/div[2]/div[2]/div/div[4]/div[2]/div/div[1]/div/div/div[2]/div[2]/div/div/span[2]/span]
[[FirefoxDriver: firefox on MAC (294dc7fe-8798-ca44-ad53-9ab01ea9476e)] -> xpath: .//*[@id='app']/div/div/div[2]/div[2]/div[2]/div/div[4]/div[2]/div/div[1]/div/div/div[2]/div[2]/div/div/span[2]/span]
[[FirefoxDriver: firefox on MAC (294dc7fe-8798-ca44-ad53-9ab01ea9476e)] -> xpath: .//*[@id='app']/div/div/div[2]/div[2]/div[2]/div/div[4]/div[2]/div/div[1]/div/div/div[2]/div[2]/div/div/span[2]/span]
[[FirefoxDriver: firefox on MAC (294dc7fe-8798-ca44-ad53-9ab01ea9476e)] -> xpath: .//*[@id='app']/div/div/div[2]/div[2]/div[2]/div/div[4]/div[2]/div/div[1]/div/div/div[2]/div[2]/div/div/span[2]/span]
[[FirefoxDriver: firefox on MAC (294dc7fe-8798-ca44-ad53-9ab01ea9476e)] -> xpath: .//*[@id='app']/div/div/div[2]/div[2]/div[2]/div/div[4]/div[2]/div/div[1]/div/div/div[2]/div[2]/div/div/span[2]/span]
[[FirefoxDriver: firefox on MAC (294dc7fe-8798-ca44-ad53-9ab01ea9476e)] -> xpath: .//*[@id='app']/div/div/div[2]/div[2]/div[2]/div/div[4]/div[2]/div/div[1]/div/div/div[2]/div[2]/div/div/span[2]/span]
[[FirefoxDriver: firefox on MAC (294dc7fe-8798-ca44-ad53-9ab01ea9476e)] -> xpath: .//*[@id='app']/div/div/div[2]/div[2]/div[2]/div/div[4]/div[2]/div/div[1]/div/div/div[2]/div[2]/div/div/span[2]/span]
[[FirefoxDriver: firefox on MAC (294dc7fe-8798-ca44-ad53-9ab01ea9476e)] -> xpath: .//*[@id='app']/div/div/div[2]/div[2]/div[2]/div/div[4]/div[2]/div/div[1]/div/div/div[2]/div[2]/div/div/span[2]/span]
[[FirefoxDriver: firefox on MAC (294dc7fe-8798-ca44-ad53-9ab01ea9476e)] -> xpath: .//*[@id='app']/div/div/div[2]/div[2]/div[2]/div/div[4]/div[2]/div/div[1]/div/div/div[2]/div[2]/div/div/span[2]/span]
[[FirefoxDriver: firefox on MAC (294dc7fe-8798-ca44-ad53-9ab01ea9476e)] -> xpath: .//*[@id='app']/div/div/div[2]/div[2]/div[2]/div/div[4]/div[2]/div/div[1]/div/div/div[2]/div[2]/div/div/span[2]/span]
[[FirefoxDriver: firefox on MAC (294dc7fe-8798-ca44-ad53-9ab01ea9476e)] -> xpath: .//*[@id='app']/div/div/div[2]/div[2]/div[2]/div/div[4]/div[2]/div/div[1]/div/div/div[2]/div[2]/div/div/span[2]/span]
[[FirefoxDriver: firefox on MAC (294dc7fe-8798-ca44-ad53-9ab01ea9476e)] -> xpath: .//*[@id='app']/div/div/div[2]/div[2]/div[2]/div/div[4]/div[2]/div/div[1]/div/div/div[2]/div[2]/div/div/span[2]/span]
[[FirefoxDriver: firefox on MAC (294dc7fe-8798-ca44-ad53-9ab01ea9476e)] -> xpath: .//*[@id='app']/div/div/div[2]/div[2]/div[2]/div/div[4]/div[2]/div/div[1]/div/div/div[2]/div[2]/div/div/span[2]/span]
[[FirefoxDriver: firefox on MAC (294dc7fe-8798-ca44-ad53-9ab01ea9476e)] -> xpath: .//*[@id='app']/div/div/div[2]/div[2]/div[2]/div/div[4]/div[2]/div/div[1]/div/div/div[2]/div[2]/div/div/span[2]/span]
[[FirefoxDriver: firefox on MAC (294dc7fe-8798-ca44-ad53-9ab01ea9476e)] -> xpath: .//*[@id='app']/div/div/div[2]/div[2]/div[2]/div/div[4]/div[2]/div/div[1]/div/div/div[2]/div[2]/div/div/span[2]/span]
[[FirefoxDriver: firefox on MAC (294dc7fe-8798-ca44-ad53-9ab01ea9476e)] -> xpath: .//*[@id='app']/div/div/div[2]/div[2]/div[2]/div/div[4]/div[2]/div/div[1]/div/div/div[2]/div[2]/div/div/span[2]/span]
[[FirefoxDriver: firefox on MAC (294dc7fe-8798-ca44-ad53-9ab01ea9476e)] -> xpath: .//*[@id='app']/div/div/div[2]/div[2]/div[2]/div/div[4]/div[2]/div/div[1]/div/div/div[2]/div[2]/div/div/span[2]/span]
[[FirefoxDriver: firefox on MAC (294dc7fe-8798-ca44-ad53-9ab01ea9476e)] -> xpath: .//*[@id='app']/div/div/div[2]/div[2]/div[2]/div/div[4]/div[2]/div/div[1]/div/div/div[2]/div[2]/div/div/span[2]/span]
[[FirefoxDriver: firefox on MAC (294dc7fe-8798-ca44-ad53-9ab01ea9476e)] -> xpath: .//*[@id='app']/div/div/div[2]/div[2]/div[2]/div/div[4]/div[2]/div/div[1]/div/div/div[2]/div[2]/div/div/span[2]/span]
[[FirefoxDriver: firefox on MAC (294dc7fe-8798-ca44-ad53-9ab01ea9476e)] -> xpath: .//*[@id='app']/div/div/div[2]/div[2]/div[2]/div/div[4]/div[2]/div/div[1]/div/div/div[2]/div[2]/div/div/span[2]/span]
[[FirefoxDriver: firefox on MAC (294dc7fe-8798-ca44-ad53-9ab01ea9476e)] -> xpath: .//*[@id='app']/div/div/div[2]/div[2]/div[2]/div/div[4]/div[2]/div/div[1]/div/div/div[2]/div[2]/div/div/span[2]/span]
[[FirefoxDriver: firefox on MAC (294dc7fe-8798-ca44-ad53-9ab01ea9476e)] -> xpath: .//*[@id='app']/div/div/div[2]/div[2]/div[2]/div/div[4]/div[2]/div/div[1]/div/div/div[2]/div[2]/div/div/span[2]/span]
[[FirefoxDriver: firefox on MAC (294dc7fe-8798-ca44-ad53-9ab01ea9476e)] -> xpath: .//*[@id='app']/div/div/div[2]/div[2]/div[2]/div/div[4]/div[2]/div/div[1]/div/div/div[2]/div[2]/div/div/span[2]/span]
[[FirefoxDriver: firefox on MAC (294dc7fe-8798-ca44-ad53-9ab01ea9476e)] -> xpath: .//*[@id='app']/div/div/div[2]/div[2]/div[2]/div/div[4]/div[2]/div/div[1]/div/div/div[2]/div[2]/div/div/span[2]/span]
[[FirefoxDriver: firefox on MAC (294dc7fe-8798-ca44-ad53-9ab01ea9476e)] -> xpath: .//*[@id='app']/div/div/div[2]/div[2]/div[2]/div/div[4]/div[2]/div/div[1]/div/div/div[2]/div[2]/div/div/span[2]/span]
[[FirefoxDriver: firefox on MAC (294dc7fe-8798-ca44-ad53-9ab01ea9476e)] -> xpath: .//*[@id='app']/div/div/div[2]/div[2]/div[2]/div/div[4]/div[2]/div/div[1]/div/div/div[2]/div[2]/div/div/span[2]/span]
[[FirefoxDriver: firefox on MAC (294dc7fe-8798-ca44-ad53-9ab01ea9476e)] -> xpath: .//*[@id='app']/div/div/div[2]/div[2]/div[2]/div/div[4]/div[2]/div/div[1]/div/div/div[2]/div[2]/div/div/span[2]/span]
[[FirefoxDriver: firefox on MAC (294dc7fe-8798-ca44-ad53-9ab01ea9476e)] -> xpath: .//*[@id='app']/div/div/div[2]/div[2]/div[2]/div/div[4]/div[2]/div/div[1]/div/div/div[2]/div[2]/div/div/span[2]/span]
[[FirefoxDriver: firefox on MAC (294dc7fe-8798-ca44-ad53-9ab01ea9476e)] -> xpath: .//*[@id='app']/div/div/div[2]/div[2]/div[2]/div/div[4]/div[2]/div/div[1]/div/div/div[2]/div[2]/div/div/span[2]/span]
[[FirefoxDriver: firefox on MAC (294dc7fe-8798-ca44-ad53-9ab01ea9476e)] -> xpath: .//*[@id='app']/div/div/div[2]/div[2]/div[2]/div/div[4]/div[2]/div/div[1]/div/div/div[2]/div[2]/div/div/span[2]/span]
[[FirefoxDriver: firefox on MAC (294dc7fe-8798-ca44-ad53-9ab01ea9476e)] -> xpath: .//*[@id='app']/div/div/div[2]/div[2]/div[2]/div/div[4]/div[2]/div/div[1]/div/div/div[2]/div[2]/div/div/span[2]/span]
[[FirefoxDriver: firefox on MAC (294dc7fe-8798-ca44-ad53-9ab01ea9476e)] -> xpath: .//*[@id='app']/div/div/div[2]/div[2]/div[2]/div/div[4]/div[2]/div/div[1]/div/div/div[2]/div[2]/div/div/span[2]/span]
[[FirefoxDriver: firefox on MAC (294dc7fe-8798-ca44-ad53-9ab01ea9476e)] -> xpath: .//*[@id='app']/div/div/div[2]/div[2]/div[2]/div/div[4]/div[2]/div/div[1]/div/div/div[2]/div[2]/div/div/span[2]/span]
[[FirefoxDriver: firefox on MAC (294dc7fe-8798-ca44-ad53-9ab01ea9476e)] -> xpath: .//*[@id='app']/div/div/div[2]/div[2]/div[2]/div/div[4]/div[2]/div/div[1]/div/div/div[2]/div[2]/div/div/span[2]/span]
[[FirefoxDriver: firefox on MAC (294dc7fe-8798-ca44-ad53-9ab01ea9476e)] -> xpath: .//*[@id='app']/div/div/div[2]/div[2]/div[2]/div/div[4]/div[2]/div/div[1]/div/div/div[2]/div[2]/div/div/span[2]/span]
[[FirefoxDriver: firefox on MAC (294dc7fe-8798-ca44-ad53-9ab01ea9476e)] -> xpath: .//*[@id='app']/div/div/div[2]/div[2]/div[2]/div/div[4]/div[2]/div/div[1]/div/div/div[2]/div[2]/div/div/span[2]/span]
[[FirefoxDriver: firefox on MAC (294dc7fe-8798-ca44-ad53-9ab01ea9476e)] -> xpath: .//*[@id='app']/div/div/div[2]/div[2]/div[2]/div/div[4]/div[2]/div/div[1]/div/div/div[2]/div[2]/div/div/span[2]/span]
[[FirefoxDriver: firefox on MAC (294dc7fe-8798-ca44-ad53-9ab01ea9476e)] -> xpath: .//*[@id='app']/div/div/div[2]/div[2]/div[2]/div/div[4]/div[2]/div/div[1]/div/div/div[2]/div[2]/div/div/span[2]/span]
[[FirefoxDriver: firefox on MAC (294dc7fe-8798-ca44-ad53-9ab01ea9476e)] -> xpath: .//*[@id='app']/div/div/div[2]/div[2]/div[2]/div/div[4]/div[2]/div/div[1]/div/div/div[2]/div[2]/div/div/span[2]/span]
[[FirefoxDriver: firefox on MAC (294dc7fe-8798-ca44-ad53-9ab01ea9476e)] -> xpath: .//*[@id='app']/div/div/div[2]/div[2]/div[2]/div/div[4]/div[2]/div/div[1]/div/div/div[2]/div[2]/div/div/span[2]/span]
[[FirefoxDriver: firefox on MAC (294dc7fe-8798-ca44-ad53-9ab01ea9476e)] -> xpath: .//*[@id='app']/div/div/div[2]/div[2]/div[2]/div/div[4]/div[2]/div/div[1]/div/div/div[2]/div[2]/div/div/span[2]/span]
[[FirefoxDriver: firefox on MAC (294dc7fe-8798-ca44-ad53-9ab01ea9476e)] -> xpath: .//*[@id='app']/div/div/div[2]/div[2]/div[2]/div/div[4]/div[2]/div/div[1]/div/div/div[2]/div[2]/div/div/span[2]/span]
[[FirefoxDriver: firefox on MAC (294dc7fe-8798-ca44-ad53-9ab01ea9476e)] -> xpath: .//*[@id='app']/div/div/div[2]/div[2]/div[2]/div/div[4]/div[2]/div/div[1]/div/div/div[2]/div[2]/div/div/span[2]/span]
[[FirefoxDriver: firefox on MAC (294dc7fe-8798-ca44-ad53-9ab01ea9476e)] -> xpath: .//*[@id='app']/div/div/div[2]/div[2]/div[2]/div/div[4]/div[2]/div/div[1]/div/div/div[2]/div[2]/div/div/span[2]/span]
[[FirefoxDriver: firefox on MAC (294dc7fe-8798-ca44-ad53-9ab01ea9476e)] -> xpath: .//*[@id='app']/div/div/div[2]/div[2]/div[2]/div/div[4]/div[2]/div/div[1]/div/div/div[2]/div[2]/div/div/span[2]/span]
[[FirefoxDriver: firefox on MAC (294dc7fe-8798-ca44-ad53-9ab01ea9476e)] -> xpath: .//*[@id='app']/div/div/div[2]/div[2]/div[2]/div/div[4]/div[2]/div/div[1]/div/div/div[2]/div[2]/div/div/span[2]/span]
[[FirefoxDriver: firefox on MAC (294dc7fe-8798-ca44-ad53-9ab01ea9476e)] -> xpath: .//*[@id='app']/div/div/div[2]/div[2]/div[2]/div/div[4]/div[2]/div/div[1]/div/div/div[2]/div[2]/div/div/span[2]/span]
[[FirefoxDriver: firefox on MAC (294dc7fe-8798-ca44-ad53-9ab01ea9476e)] -> xpath: .//*[@id='app']/div/div/div[2]/div[2]/div[2]/div/div[4]/div[2]/div/div[1]/div/div/div[2]/div[2]/div/div/span[2]/span]
[[FirefoxDriver: firefox on MAC (294dc7fe-8798-ca44-ad53-9ab01ea9476e)] -> xpath: .//*[@id='app']/div/div/div[2]/div[2]/div[2]/div/div[4]/div[2]/div/div[1]/div/div/div[2]/div[2]/div/div/span[2]/span]
[[FirefoxDriver: firefox on MAC (294dc7fe-8798-ca44-ad53-9ab01ea9476e)] -> xpath: .//*[@id='app']/div/div/div[2]/div[2]/div[2]/div/div[4]/div[2]/div/div[1]/div/div/div[2]/div[2]/div/div/span[2]/span]
[[FirefoxDriver: firefox on MAC (294dc7fe-8798-ca44-ad53-9ab01ea9476e)] -> xpath: .//*[@id='app']/div/div/div[2]/div[2]/div[2]/div/div[4]/div[2]/div/div[1]/div/div/div[2]/div[2]/div/div/span[2]/span]
[[FirefoxDriver: firefox on MAC (294dc7fe-8798-ca44-ad53-9ab01ea9476e)] -> xpath: .//*[@id='app']/div/div/div[2]/div[2]/div[2]/div/div[4]/div[2]/div/div[1]/div/div/div[2]/div[2]/div/div/span[2]/span]
[[FirefoxDriver: firefox on MAC (294dc7fe-8798-ca44-ad53-9ab01ea9476e)] -> xpath: .//*[@id='app']/div/div/div[2]/div[2]/div[2]/div/div[4]/div[2]/div/div[1]/div/div/div[2]/div[2]/div/div/span[2]/span]
[[FirefoxDriver: firefox on MAC (294dc7fe-8798-ca44-ad53-9ab01ea9476e)] -> xpath: .//*[@id='app']/div/div/div[2]/div[2]/div[2]/div/div[4]/div[2]/div/div[1]/div/div/div[2]/div[2]/div/div/span[2]/span]
[[FirefoxDriver: firefox on MAC (294dc7fe-8798-ca44-ad53-9ab01ea9476e)] -> xpath: .//*[@id='app']/div/div/div[2]/div[2]/div[2]/div/div[4]/div[2]/div/div[1]/div/div/div[2]/div[2]/div/div/span[2]/span]
[[FirefoxDriver: firefox on MAC (294dc7fe-8798-ca44-ad53-9ab01ea9476e)] -> xpath: .//*[@id='app']/div/div/div[2]/div[2]/div[2]/div/div[4]/div[2]/div/div[1]/div/div/div[2]/div[2]/div/div/span[2]/span]
[[FirefoxDriver: firefox on MAC (294dc7fe-8798-ca44-ad53-9ab01ea9476e)] -> xpath: .//*[@id='app']/div/div/div[2]/div[2]/div[2]/div/div[4]/div[2]/div/div[1]/div/div/div[2]/div[2]/div/div/span[2]/span]
[[FirefoxDriver: firefox on MAC (294dc7fe-8798-ca44-ad53-9ab01ea9476e)] -> xpath: .//*[@id='app']/div/div/div[2]/div[2]/div[2]/div/div[4]/div[2]/div/div[1]/div/div/div[2]/div[2]/div/div/span[2]/span]
[[FirefoxDriver: firefox on MAC (294dc7fe-8798-ca44-ad53-9ab01ea9476e)] -> xpath: .//*[@id='app']/div/div/div[2]/div[2]/div[2]/div/div[4]/div[2]/div/div[1]/div/div/div[2]/div[2]/div/div/span[2]/span]
[[FirefoxDriver: firefox on MAC (294dc7fe-8798-ca44-ad53-9ab01ea9476e)] -> xpath: .//*[@id='app']/div/div/div[2]/div[2]/div[2]/div/div[4]/div[2]/div/div[1]/div/div/div[2]/div[2]/div/div/span[2]/span]
[[FirefoxDriver: firefox on MAC (294dc7fe-8798-ca44-ad53-9ab01ea9476e)] -> xpath: .//*[@id='app']/div/div/div[2]/div[2]/div[2]/div/div[4]/div[2]/div/div[1]/div/div/div[2]/div[2]/div/div/span[2]/span]
[[FirefoxDriver: firefox on MAC (294dc7fe-8798-ca44-ad53-9ab01ea9476e)] -> xpath: .//*[@id='app']/div/div/div[2]/div[2]/div[2]/div/div[4]/div[2]/div/div[1]/div/div/div[2]/div[2]/div/div/span[2]/span]
[[FirefoxDriver: firefox on MAC (294dc7fe-8798-ca44-ad53-9ab01ea9476e)] -> xpath: .//*[@id='app']/div/div/div[2]/div[2]/div[2]/div/div[4]/div[2]/div/div[1]/div/div/div[2]/div[2]/div/div/span[2]/span]
[[FirefoxDriver: firefox on MAC (294dc7fe-8798-ca44-ad53-9ab01ea9476e)] -> xpath: .//*[@id='app']/div/div/div[2]/div[2]/div[2]/div/div[4]/div[2]/div/div[1]/div/div/div[2]/div[2]/div/div/span[2]/span]
[[FirefoxDriver: firefox on MAC (294dc7fe-8798-ca44-ad53-9ab01ea9476e)] -> xpath: .//*[@id='app']/div/div/div[2]/div[2]/div[2]/div/div[4]/div[2]/div/div[1]/div/div/div[2]/div[2]/div/div/span[2]/span]
[[FirefoxDriver: firefox on MAC (294dc7fe-8798-ca44-ad53-9ab01ea9476e)] -> xpath: .//*[@id='app']/div/div/div[2]/div[2]/div[2]/div/div[4]/div[2]/div/div[1]/div/div/div[2]/div[2]/div/div/span[2]/span]
[[FirefoxDriver: firefox on MAC (294dc7fe-8798-ca44-ad53-9ab01ea9476e)] -> xpath: .//*[@id='app']/div/div/div[2]/div[2]/div[2]/div/div[4]/div[2]/div/div[1]/div/div/div[2]/div[2]/div/div/span[2]/span]
[[FirefoxDriver: firefox on MAC (294dc7fe-8798-ca44-ad53-9ab01ea9476e)] -> xpath: .//*[@id='app']/div/div/div[2]/div[2]/div[2]/div/div[4]/div[2]/div/div[1]/div/div/div[2]/div[2]/div/div/span[2]/span]
[[FirefoxDriver: firefox on MAC (294dc7fe-8798-ca44-ad53-9ab01ea9476e)] -> xpath: .//*[@id='app']/div/div/div[2]/div[2]/div[2]/div/div[4]/div[2]/div/div[1]/div/div/div[2]/div[2]/div/div/span[2]/span]
[[FirefoxDriver: firefox on MAC (294dc7fe-8798-ca44-ad53-9ab01ea9476e)] -> xpath: .//*[@id='app']/div/div/div[2]/div[2]/div[2]/div/div[4]/div[2]/div/div[1]/div/div/div[2]/div[2]/div/div/span[2]/span]
[[FirefoxDriver: firefox on MAC (294dc7fe-8798-ca44-ad53-9ab01ea9476e)] -> xpath: .//*[@id='app']/div/div/div[2]/div[2]/div[2]/div/div[4]/div[2]/div/div[1]/div/div/div[2]/div[2]/div/div/span[2]/span]
[[FirefoxDriver: firefox on MAC (294dc7fe-8798-ca44-ad53-9ab01ea9476e)] -> xpath: .//*[@id='app']/div/div/div[2]/div[2]/div[2]/div/div[4]/div[2]/div/div[1]/div/div/div[2]/div[2]/div/div/span[2]/span]
[[FirefoxDriver: firefox on MAC (294dc7fe-8798-ca44-ad53-9ab01ea9476e)] -> xpath: .//*[@id='app']/div/div/div[2]/div[2]/div[2]/div/div[4]/div[2]/div/div[1]/div/div/div[2]/div[2]/div/div/span[2]/span]
[[FirefoxDriver: firefox on MAC (294dc7fe-8798-ca44-ad53-9ab01ea9476e)] -> xpath: .//*[@id='app']/div/div/div[2]/div[2]/div[2]/div/div[4]/div[2]/div/div[1]/div/div/div[2]/div[2]/div/div/span[2]/span]
[[FirefoxDriver: firefox on MAC (294dc7fe-8798-ca44-ad53-9ab01ea9476e)] -> xpath: .//*[@id='app']/div/div/div[2]/div[2]/div[2]/div/div[4]/div[2]/div/div[1]/div/div/div[2]/div[2]/div/div/span[2]/span]
[[FirefoxDriver: firefox on MAC (294dc7fe-8798-ca44-ad53-9ab01ea9476e)] -> xpath: .//*[@id='app']/div/div/div[2]/div[2]/div[2]/div/div[4]/div[2]/div/div[1]/div/div/div[2]/div[2]/div/div/span[2]/span]
[[FirefoxDriver: firefox on MAC (294dc7fe-8798-ca44-ad53-9ab01ea9476e)] -> xpath: .//*[@id='app']/div/div/div[2]/div[2]/div[2]/div/div[4]/div[2]/div/div[1]/div/div/div[2]/div[2]/div/div/span[2]/span]
[[FirefoxDriver: firefox on MAC (294dc7fe-8798-ca44-ad53-9ab01ea9476e)] -> xpath: .//*[@id='app']/div/div/div[2]/div[2]/div[2]/div/div[4]/div[2]/div/div[1]/div/div/div[2]/div[2]/div/div/span[2]/span]
[[FirefoxDriver: firefox on MAC (294dc7fe-8798-ca44-ad53-9ab01ea9476e)] -> xpath: .//*[@id='app']/div/div/div[2]/div[2]/div[2]/div/div[4]/div[2]/div/div[1]/div/div/div[2]/div[2]/div/div/span[2]/span]
[[FirefoxDriver: firefox on MAC (294dc7fe-8798-ca44-ad53-9ab01ea9476e)] -> xpath: .//*[@id='app']/div/div/div[2]/div[2]/div[2]/div/div[4]/div[2]/div/div[1]/div/div/div[2]/div[2]/div/div/span[2]/span]
[[FirefoxDriver: firefox on MAC (294dc7fe-8798-ca44-ad53-9ab01ea9476e)] -> xpath: .//*[@id='app']/div/div/div[2]/div[2]/div[2]/div/div[4]/div[2]/div/div[1]/div/div/div[2]/div[2]/div/div/span[2]/span]
[[FirefoxDriver: firefox on MAC (294dc7fe-8798-ca44-ad53-9ab01ea9476e)] -> xpath: .//*[@id='app']/div/div/div[2]/div[2]/div[2]/div/div[4]/div[2]/div/div[1]/div/div/div[2]/div[2]/div/div/span[2]/span]
[[FirefoxDriver: firefox on MAC (294dc7fe-8798-ca44-ad53-9ab01ea9476e)] -> xpath: .//*[@id='app']/div/div/div[2]/div[2]/div[2]/div/div[4]/div[2]/div/div[1]/div/div/div[2]/div[2]/div/div/span[2]/span]
[[FirefoxDriver: firefox on MAC (294dc7fe-8798-ca44-ad53-9ab01ea9476e)] -> xpath: .//*[@id='app']/div/div/div[2]/div[2]/div[2]/div/div[4]/div[2]/div/div[1]/div/div/div[2]/div[2]/div/div/span[2]/span]
[[FirefoxDriver: firefox on MAC (294dc7fe-8798-ca44-ad53-9ab01ea9476e)] -> xpath: .//*[@id='app']/div/div/div[2]/div[2]/div[2]/div/div[4]/div[2]/div/div[1]/div/div/div[2]/div[2]/div/div/span[2]/span]
[[FirefoxDriver: firefox on MAC (294dc7fe-8798-ca44-ad53-9ab01ea9476e)] -> xpath: .//*[@id='app']/div/div/div[2]/div[2]/div[2]/div/div[4]/div[2]/div/div[1]/div/div/div[2]/div[2]/div/div/span[2]/span]
[[FirefoxDriver: firefox on MAC (294dc7fe-8798-ca44-ad53-9ab01ea9476e)] -> xpath: .//*[@id='app']/div/div/div[2]/div[2]/div[2]/div/div[4]/div[2]/div/div[1]/div/div/div[2]/div[2]/div/div/span[2]/span]
[[FirefoxDriver: firefox on MAC (294dc7fe-8798-ca44-ad53-9ab01ea9476e)] -> xpath: .//*[@id='app']/div/div/div[2]/div[2]/div[2]/div/div[4]/div[2]/div/div[1]/div/div/div[2]/div[2]/div/div/span[2]/span]
[[FirefoxDriver: firefox on MAC (294dc7fe-8798-ca44-ad53-9ab01ea9476e)] -> xpath: .//*[@id='app']/div/div/div[2]/div[2]/div[2]/div/div[4]/div[2]/div/div[1]/div/div/div[2]/div[2]/div/div/span[2]/span]
[[FirefoxDriver: firefox on MAC (294dc7fe-8798-ca44-ad53-9ab01ea9476e)] -> xpath: .//*[@id='app']/div/div/div[2]/div[2]/div[2]/div/div[4]/div[2]/div/div[1]/div/div/div[2]/div[2]/div/div/span[2]/span]
[[FirefoxDriver: firefox on MAC (294dc7fe-8798-ca44-ad53-9ab01ea9476e)] -> xpath: .//*[@id='app']/div/div/div[2]/div[2]/div[2]/div/div[4]/div[2]/div/div[1]/div/div/div[2]/div[2]/div/div/span[2]/span]
[[FirefoxDriver: firefox on MAC (294dc7fe-8798-ca44-ad53-9ab01ea9476e)] -> xpath: .//*[@id='app']/div/div/div[2]/div[2]/div[2]/div/div[4]/div[2]/div/div[1]/div/div/div[2]/div[2]/div/div/span[2]/span]
[[FirefoxDriver: firefox on MAC (294dc7fe-8798-ca44-ad53-9ab01ea9476e)] -> xpath: .//*[@id='app']/div/div/div[2]/div[2]/div[2]/div/div[4]/div[2]/div/div[1]/div/div/div[2]/div[2]/div/div/span[2]/span]
[[FirefoxDriver: firefox on MAC (294dc7fe-8798-ca44-ad53-9ab01ea9476e)] -> xpath: .//*[@id='app']/div/div/div[2]/div[2]/div[2]/div/div[4]/div[2]/div/div[1]/div/div/div[2]/div[2]/div/div/span[2]/span]
[[FirefoxDriver: firefox on MAC (294dc7fe-8798-ca44-ad53-9ab01ea9476e)] -> xpath: .//*[@id='app']/div/div/div[2]/div[2]/div[2]/div/div[4]/div[2]/div/div[1]/div/div/div[2]/div[2]/div/div/span[2]/span]
[[FirefoxDriver: firefox on MAC (294dc7fe-8798-ca44-ad53-9ab01ea9476e)] -> xpath: .//*[@id='app']/div/div/div[2]/div[2]/div[2]/div/div[4]/div[2]/div/div[1]/div/div/div[2]/div[2]/div/div/span[2]/span]
[[FirefoxDriver: firefox on MAC (294dc7fe-8798-ca44-ad53-9ab01ea9476e)] -> xpath: .//*[@id='app']/div/div/div[2]/div[2]/div[2]/div/div[4]/div[2]/div/div[1]/div/div/div[2]/div[2]/div/div/span[2]/span]
[[FirefoxDriver: firefox on MAC (294dc7fe-8798-ca44-ad53-9ab01ea9476e)] -> xpath: .//*[@id='app']/div/div/div[2]/div[2]/div[2]/div/div[4]/div[2]/div/div[1]/div/div/div[2]/div[2]/div/div/span[2]/span]
[[FirefoxDriver: firefox on MAC (294dc7fe-8798-ca44-ad53-9ab01ea9476e)] -> xpath: .//*[@id='app']/div/div/div[2]/div[2]/div[2]/div/div[4]/div[2]/div/div[1]/div/div/div[2]/div[2]/div/div/span[2]/span]
[[FirefoxDriver: firefox on MAC (294dc7fe-8798-ca44-ad53-9ab01ea9476e)] -> xpath: .//*[@id='app']/div/div/div[2]/div[2]/div[2]/div/div[4]/div[2]/div/div[1]/div/div/div[2]/div[2]/div/div/span[2]/span]
[[FirefoxDriver: firefox on MAC (294dc7fe-8798-ca44-ad53-9ab01ea9476e)] -> xpath: .//*[@id='app']/div/div/div[2]/div[2]/div[2]/div/div[4]/div[2]/div/div[1]/div/div/div[2]/div[2]/div/div/span[2]/span]
[[FirefoxDriver: firefox on MAC (294dc7fe-8798-ca44-ad53-9ab01ea9476e)] -> xpath: .//*[@id='app']/div/div/div[2]/div[2]/div[2]/div/div[4]/div[2]/div/div[1]/div/div/div[2]/div[2]/div/div/span[2]/span]
[[FirefoxDriver: firefox on MAC (294dc7fe-8798-ca44-ad53-9ab01ea9476e)] -> xpath: .//*[@id='app']/div/div/div[2]/div[2]/div[2]/div/div[4]/div[2]/div/div[1]/div/div/div[2]/div[2]/div/div/span[2]/span]
[[FirefoxDriver: firefox on MAC (294dc7fe-8798-ca44-ad53-9ab01ea9476e)] -> xpath: .//*[@id='app']/div/div/div[2]/div[2]/div[2]/div/div[4]/div[2]/div/div[1]/div/div/div[2]/div[2]/div/div/span[2]/span]
[[FirefoxDriver: firefox on MAC (294dc7fe-8798-ca44-ad53-9ab01ea9476e)] -> xpath: .//*[@id='app']/div/div/div[2]/div[2]/div[2]/div/div[4]/div[2]/div/div[1]/div/div/div[2]/div[2]/div/div/span[2]/span]
[[FirefoxDriver: firefox on MAC (294dc7fe-8798-ca44-ad53-9ab01ea9476e)] -> xpath: .//*[@id='app']/div/div/div[2]/div[2]/div[2]/div/div[4]/div[2]/div/div[1]/div/div/div[2]/div[2]/div/div/span[2]/span]
[[FirefoxDriver: firefox on MAC (294dc7fe-8798-ca44-ad53-9ab01ea9476e)] -> xpath: .//*[@id='app']/div/div/div[2]/div[2]/div[2]/div/div[4]/div[2]/div/div[1]/div/div/div[2]/div[2]/div/div/span[2]/span]
[[FirefoxDriver: firefox on MAC (294dc7fe-8798-ca44-ad53-9ab01ea9476e)] -> xpath: .//*[@id='app']/div/div/div[2]/div[2]/div[2]/div/div[4]/div[2]/div/div[1]/div/div/div[2]/div[2]/div/div/span[2]/span]
[[FirefoxDriver: firefox on MAC (294dc7fe-8798-ca44-ad53-9ab01ea9476e)] -> xpath: .//*[@id='app']/div/div/div[2]/div[2]/div[2]/div/div[4]/div[2]/div/div[1]/div/div/div[2]/div[2]/div/div/span[2]/span]
[[FirefoxDriver: firefox on MAC (294dc7fe-8798-ca44-ad53-9ab01ea9476e)] -> xpath: .//*[@id='app']/div/div/div[2]/div[2]/div[2]/div/div[4]/div[2]/div/div[1]/div/div/div[2]/div[2]/div/div/span[2]/span]
[[FirefoxDriver: firefox on MAC (294dc7fe-8798-ca44-ad53-9ab01ea9476e)] -> xpath: .//*[@id='app']/div/div/div[2]/div[2]/div[2]/div/div[4]/div[2]/div/div[1]/div/div/div[2]/div[2]/div/div/span[2]/span]
[[FirefoxDriver: firefox on MAC (294dc7fe-8798-ca44-ad53-9ab01ea9476e)] -> xpath: .//*[@id='app']/div/div/div[2]/div[2]/div[2]/div/div[4]/div[2]/div/div[1]/div/div/div[2]/div[2]/div/div/span[2]/span]
[[FirefoxDriver: firefox on MAC (294dc7fe-8798-ca44-ad53-9ab01ea9476e)] -> xpath: .//*[@id='app']/div/div/div[2]/div[2]/div[2]/div/div[4]/div[2]/div/div[1]/div/div/div[2]/div[2]/div/div/span[2]/span]
[[FirefoxDriver: firefox on MAC (294dc7fe-8798-ca44-ad53-9ab01ea9476e)] -> xpath: .//*[@id='app']/div/div/div[2]/div[2]/div[2]/div/div[4]/div[2]/div/div[1]/div/div/div[2]/div[2]/div/div/span[2]/span]
[[FirefoxDriver: firefox on MAC (294dc7fe-8798-ca44-ad53-9ab01ea9476e)] -> xpath: .//*[@id='app']/div/div/div[2]/div[2]/div[2]/div/div[4]/div[2]/div/div[1]/div/div/div[2]/div[2]/div/div/span[2]/span]
[[FirefoxDriver: firefox on MAC (294dc7fe-8798-ca44-ad53-9ab01ea9476e)] -> xpath: .//*[@id='app']/div/div/div[2]/div[2]/div[2]/div/div[4]/div[2]/div/div[1]/div/div/div[2]/div[2]/div/div/span[2]/span]
[[FirefoxDriver: firefox on MAC (294dc7fe-8798-ca44-ad53-9ab01ea9476e)] -> xpath: .//*[@id='app']/div/div/div[2]/div[2]/div[2]/div/div[4]/div[2]/div/div[1]/div/div/div[2]/div[2]/div/div/span[2]/span]
[[FirefoxDriver: firefox on MAC (294dc7fe-8798-ca44-ad53-9ab01ea9476e)] -> xpath: .//*[@id='app']/div/div/div[2]/div[2]/div[2]/div/div[4]/div[2]/div/div[1]/div/div/div[2]/div[2]/div/div/span[2]/span]
[[FirefoxDriver: firefox on MAC (294dc7fe-8798-ca44-ad53-9ab01ea9476e)] -> xpath: .//*[@id='app']/div/div/div[2]/div[2]/div[2]/div/div[4]/div[2]/div/div[1]/div/div/div[2]/div[2]/div/div/span[2]/span]
[[FirefoxDriver: firefox on MAC (294dc7fe-8798-ca44-ad53-9ab01ea9476e)] -> xpath: .//*[@id='app']/div/div/div[2]/div[2]/div[2]/div/div[4]/div[2]/div/div[1]/div/div/div[2]/div[2]/div/div/span[2]/span]
[[FirefoxDriver: firefox on MAC (294dc7fe-8798-ca44-ad53-9ab01ea9476e)] -> xpath: .//*[@id='app']/div/div/div[2]/div[2]/div[2]/div/div[4]/div[2]/div/div[1]/div/div/div[2]/div[2]/div/div/span[2]/span]
[[FirefoxDriver: firefox on MAC (294dc7fe-8798-ca44-ad53-9ab01ea9476e)] -> xpath: .//*[@id='app']/div/div/div[2]/div[2]/div[2]/div/div[4]/div[2]/div/div[1]/div/div/div[2]/div[2]/div/div/span[2]/span]
[[FirefoxDriver: firefox on MAC (294dc7fe-8798-ca44-ad53-9ab01ea9476e)] -> xpath: .//*[@id='app']/div/div/div[2]/div[2]/div[2]/div/div[4]/div[2]/div/div[1]/div/div/div[2]/div[2]/div/div/span[2]/span]
[[FirefoxDriver: firefox on MAC (294dc7fe-8798-ca44-ad53-9ab01ea9476e)] -> xpath: .//*[@id='app']/div/div/div[2]/div[2]/div[2]/div/div[4]/div[2]/div/div[1]/div/div/div[2]/div[2]/div/div/span[2]/span]
[[FirefoxDriver: firefox on MAC (294dc7fe-8798-ca44-ad53-9ab01ea9476e)] -> xpath: .//*[@id='app']/div/div/div[2]/div[2]/div[2]/div/div[4]/div[2]/div/div[1]/div/div/div[2]/div[2]/div/div/span[2]/span]
[[FirefoxDriver: firefox on MAC (294dc7fe-8798-ca44-ad53-9ab01ea9476e)] -> xpath: .//*[@id='app']/div/div/div[2]/div[2]/div[2]/div/div[4]/div[2]/div/div[1]/div/div/div[2]/div[2]/div/div/span[2]/span]
[[FirefoxDriver: firefox on MAC (294dc7fe-8798-ca44-ad53-9ab01ea9476e)] -> xpath: .//*[@id='app']/div/div/div[2]/div[2]/div[2]/div/div[4]/div[2]/div/div[1]/div/div/div[2]/div[2]/div/div/span[2]/span]
[[FirefoxDriver: firefox on MAC (294dc7fe-8798-ca44-ad53-9ab01ea9476e)] -> xpath: .//*[@id='app']/div/div/div[2]/div[2]/div[2]/div/div[4]/div[2]/div/div[1]/div/div/div[2]/div[2]/div/div/span[2]/span]
[[FirefoxDriver: firefox on MAC (294dc7fe-8798-ca44-ad53-9ab01ea9476e)] -> xpath: .//*[@id='app']/div/div/div[2]/div[2]/div[2]/div/div[4]/div[2]/div/div[1]/div/div/div[2]/div[2]/div/div/span[2]/span]
[[FirefoxDriver: firefox on MAC (294dc7fe-8798-ca44-ad53-9ab01ea9476e)] -> xpath: .//*[@id='app']/div/div/div[2]/div[2]/div[2]/div/div[4]/div[2]/div/div[1]/div/div/div[2]/div[2]/div/div/span[2]/span]
[[FirefoxDriver: firefox on MAC (294dc7fe-8798-ca44-ad53-9ab01ea9476e)] -> xpath: .//*[@id='app']/div/div/div[2]/div[2]/div[2]/div/div[4]/div[2]/div/div[1]/div/div/div[2]/div[2]/div/div/span[2]/span]
[[FirefoxDriver: firefox on MAC (294dc7fe-8798-ca44-ad53-9ab01ea9476e)] -> xpath: .//*[@id='app']/div/div/div[2]/div[2]/div[2]/div/div[4]/div[2]/div/div[1]/div/div/div[2]/div[2]/div/div/span[2]/span]
[[FirefoxDriver: firefox on MAC (294dc7fe-8798-ca44-ad53-9ab01ea9476e)] -> xpath: .//*[@id='app']/div/div/div[2]/div[2]/div[2]/div/div[4]/div[2]/div/div[1]/div/div/div[2]/div[2]/div/div/span[2]/span]
[[FirefoxDriver: firefox on MAC (294dc7fe-8798-ca44-ad53-9ab01ea9476e)] -> xpath: .//*[@id='app']/div/div/div[2]/div[2]/div[2]/div/div[4]/div[2]/div/div[1]/div/div/div[2]/div[2]/div/div/span[2]/span]
[[FirefoxDriver: firefox on MAC (294dc7fe-8798-ca44-ad53-9ab01ea9476e)] -> xpath: .//*[@id='app']/div/div/div[2]/div[2]/div[2]/div/div[4]/div[2]/div/div[1]/div/div/div[2]/div[2]/div/div/span[2]/span]
[[FirefoxDriver: firefox on MAC (294dc7fe-8798-ca44-ad53-9ab01ea9476e)] -> xpath: .//*[@id='app']/div/div/div[2]/div[2]/div[2]/div/div[4]/div[2]/div/div[1]/div/div/div[2]/div[2]/div/div/span[2]/span]
[[FirefoxDriver: firefox on MAC (294dc7fe-8798-ca44-ad53-9ab01ea9476e)] -> xpath: .//*[@id='app']/div/div/div[2]/div[2]/div[2]/div/div[4]/div[2]/div/div[1]/div/div/div[2]/div[2]/div/div/span[2]/span]
[[FirefoxDriver: firefox on MAC (294dc7fe-8798-ca44-ad53-9ab01ea9476e)] -> xpath: .//*[@id='app']/div/div/div[2]/div[2]/div[2]/div/div[4]/div[2]/div/div[1]/div/div/div[2]/div[2]/div/div/span[2]/span]
[[FirefoxDriver: firefox on MAC (294dc7fe-8798-ca44-ad53-9ab01ea9476e)] -> xpath: .//*[@id='app']/div/div/div[2]/div[2]/div[2]/div/div[4]/div[2]/div/div[1]/div/div/div[2]/div[2]/div/div/span[2]/span]
[[FirefoxDriver: firefox on MAC (294dc7fe-8798-ca44-ad53-9ab01ea9476e)] -> xpath: .//*[@id='app']/div/div/div[2]/div[2]/div[2]/div/div[4]/div[2]/div/div[1]/div/div/div[2]/div[2]/div/div/span[2]/span]
[[FirefoxDriver: firefox on MAC (294dc7fe-8798-ca44-ad53-9ab01ea9476e)] -> xpath: .//*[@id='app']/div/div/div[2]/div[2]/div[2]/div/div[4]/div[2]/div/div[1]/div/div/div[2]/div[2]/div/div/span[2]/span]
[[FirefoxDriver: firefox on MAC (294dc7fe-8798-ca44-ad53-9ab01ea9476e)] -> xpath: .//*[@id='app']/div/div/div[2]/div[2]/div[2]/div/div[4]/div[2]/div/div[1]/div/div/div[2]/div[2]/div/div/span[2]/span]
[[FirefoxDriver: firefox on MAC (294dc7fe-8798-ca44-ad53-9ab01ea9476e)] -> xpath: .//*[@id='app']/div/div/div[2]/div[2]/div[2]/div/div[4]/div[2]/div/div[1]/div/div/div[2]/div[2]/div/div/span[2]/span]
[[FirefoxDriver: firefox on MAC (294dc7fe-8798-ca44-ad53-9ab01ea9476e)] -> xpath: .//*[@id='app']/div/div/div[2]/div[2]/div[2]/div/div[4]/div[2]/div/div[1]/div/div/div[2]/div[2]/div/div/span[2]/span]
[[FirefoxDriver: firefox on MAC (294dc7fe-8798-ca44-ad53-9ab01ea9476e)] -> xpath: .//*[@id='app']/div/div/div[2]/div[2]/div[2]/div/div[4]/div[2]/div/div[1]/div/div/div[2]/div[2]/div/div/span[2]/span]
[[FirefoxDriver: firefox on MAC (294dc7fe-8798-ca44-ad53-9ab01ea9476e)] -> xpath: .//*[@id='app']/div/div/div[2]/div[2]/div[2]/div/div[4]/div[2]/div/div[1]/div/div/div[2]/div[2]/div/div/span[2]/span]
[[FirefoxDriver: firefox on MAC (294dc7fe-8798-ca44-ad53-9ab01ea9476e)] -> xpath: .//*[@id='app']/div/div/div[2]/div[2]/div[2]/div/div[4]/div[2]/div/div[1]/div/div/div[2]/div[2]/div/div/span[2]/span]
[[FirefoxDriver: firefox on MAC (294dc7fe-8798-ca44-ad53-9ab01ea9476e)] -> xpath: .//*[@id='app']/div/div/div[2]/div[2]/div[2]/div/div[4]/div[2]/div/div[1]/div/div/div[2]/div[2]/div/div/span[2]/span]
[[FirefoxDriver: firefox on MAC (294dc7fe-8798-ca44-ad53-9ab01ea9476e)] -> xpath: .//*[@id='app']/div/div/div[2]/div[2]/div[2]/div/div[4]/div[2]/div/div[1]/div/div/div[2]/div[2]/div/div/span[2]/span]
[[FirefoxDriver: firefox on MAC (294dc7fe-8798-ca44-ad53-9ab01ea9476e)] -> xpath: .//*[@id='app']/div/div/div[2]/div[2]/div[2]/div/div[4]/div[2]/div/div[1]/div/div/div[2]/div[2]/div/div/span[2]/span]
[[FirefoxDriver: firefox on MAC (294dc7fe-8798-ca44-ad53-9ab01ea9476e)] -> xpath: .//*[@id='app']/div/div/div[2]/div[2]/div[2]/div/div[4]/div[2]/div/div[1]/div/div/div[2]/div[2]/div/div/span[2]/span]
[[FirefoxDriver: firefox on MAC (294dc7fe-8798-ca44-ad53-9ab01ea9476e)] -> xpath: .//*[@id='app']/div/div/div[2]/div[2]/div[2]/div/div[4]/div[2]/div/div[1]/div/div/div[2]/div[2]/div/div/span[2]/span]
[[FirefoxDriver: firefox on MAC (294dc7fe-8798-ca44-ad53-9ab01ea9476e)] -> xpath: .//*[@id='app']/div/div/div[2]/div[2]/div[2]/div/div[4]/div[2]/div/div[1]/div/div/div[2]/div[2]/div/div/span[2]/span]
[[FirefoxDriver: firefox on MAC (294dc7fe-8798-ca44-ad53-9ab01ea9476e)] -> xpath: .//*[@id='app']/div/div/div[2]/div[2]/div[2]/div/div[4]/div[2]/div/div[1]/div/div/div[2]/div[2]/div/div/span[2]/span]
[[FirefoxDriver: firefox on MAC (294dc7fe-8798-ca44-ad53-9ab01ea9476e)] -> xpath: .//*[@id='app']/div/div/div[2]/div[2]/div[2]/div/div[4]/div[2]/div/div[1]/div/div/div[2]/div[2]/div/div/span[2]/span]
[[FirefoxDriver: firefox on MAC (294dc7fe-8798-ca44-ad53-9ab01ea9476e)] -> xpath: .//*[@id='app']/div/div/div[2]/div[2]/div[2]/div/div[4]/div[2]/div/div[1]/div/div/div[2]/div[2]/div/div/span[2]/span]
[[FirefoxDriver: firefox on MAC (294dc7fe-8798-ca44-ad53-9ab01ea9476e)] -> xpath: .//*[@id='app']/div/div/div[2]/div[2]/div[2]/div/div[4]/div[2]/div/div[1]/div/div/div[2]/div[2]/div/div/span[2]/span]
[[FirefoxDriver: firefox on MAC (294dc7fe-8798-ca44-ad53-9ab01ea9476e)] -> xpath: .//*[@id='app']/div/div/div[2]/div[2]/div[2]/div/div[4]/div[2]/div/div[1]/div/div/div[2]/div[2]/div/div/span[2]/span]
[[FirefoxDriver: firefox on MAC (294dc7fe-8798-ca44-ad53-9ab01ea9476e)] -> xpath: .//*[@id='app']/div/div/div[2]/div[2]/div[2]/div/div[4]/div[2]/div/div[1]/div/div/div[2]/div[2]/div/div/span[2]/span]
[[FirefoxDriver: firefox on MAC (294dc7fe-8798-ca44-ad53-9ab01ea9476e)] -> xpath: .//*[@id='app']/div/div/div[2]/div[2]/div[2]/div/div[4]/div[2]/div/div[1]/div/div/div[2]/div[2]/div/div/span[2]/span]
[[FirefoxDriver: firefox on MAC (294dc7fe-8798-ca44-ad53-9ab01ea9476e)] -> xpath: .//*[@id='app']/div/div/div[2]/div[2]/div[2]/div/div[4]/div[2]/div/div[1]/div/div/div[2]/div[2]/div/div/span[2]/span]
[[FirefoxDriver: firefox on MAC (294dc7fe-8798-ca44-ad53-9ab01ea9476e)] -> xpath: .//*[@id='app']/div/div/div[2]/div[2]/div[2]/div/div[4]/div[2]/div/div[1]/div/div/div[2]/div[2]/div/div/span[2]/span]
[[FirefoxDriver: firefox on MAC (294dc7fe-8798-ca44-ad53-9ab01ea9476e)] -> xpath: .//*[@id='app']/div/div/div[2]/div[2]/div[2]/div/div[4]/div[2]/div/div[1]/div/div/div[2]/div[2]/div/div/span[2]/span]
[[FirefoxDriver: firefox on MAC (294dc7fe-8798-ca44-ad53-9ab01ea9476e)] -> xpath: .//*[@id='app']/div/div/div[2]/div[2]/div[2]/div/div[4]/div[2]/div/div[1]/div/div/div[2]/div[2]/div/div/span[2]/span]
[[FirefoxDriver: firefox on MAC (294dc7fe-8798-ca44-ad53-9ab01ea9476e)] -> xpath: .//*[@id='app']/div/div/div[2]/div[2]/div[2]/div/div[4]/div[2]/div/div[1]/div/div/div[2]/div[2]/div/div/span[2]/span]
[[FirefoxDriver: firefox on MAC (294dc7fe-8798-ca44-ad53-9ab01ea9476e)] -> xpath: .//*[@id='app']/div/div/div[2]/div[2]/div[2]/div/div[4]/div[2]/div/div[1]/div/div/div[2]/div[2]/div/div/span[2]/span]
[[FirefoxDriver: firefox on MAC (294dc7fe-8798-ca44-ad53-9ab01ea9476e)] -> xpath: .//*[@id='app']/div/div/div[2]/div[2]/div[2]/div/div[4]/div[2]/div/div[1]/div/div/div[2]/div[2]/div/div/span[2]/span]
[[FirefoxDriver: firefox on MAC (294dc7fe-8798-ca44-ad53-9ab01ea9476e)] -> xpath: .//*[@id='app']/div/div/div[2]/div[2]/div[2]/div/div[4]/div[2]/div/div[1]/div/div/div[2]/div[2]/div/div/span[2]/span]
[[FirefoxDriver: firefox on MAC (294dc7fe-8798-ca44-ad53-9ab01ea9476e)] -> xpath: .//*[@id='app']/div/div/div[2]/div[2]/div[2]/div/div[4]/div[2]/div/div[1]/div/div/div[2]/div[2]/div/div/span[2]/span]
[[FirefoxDriver: firefox on MAC (294dc7fe-8798-ca44-ad53-9ab01ea9476e)] -> xpath: .//*[@id='app']/div/div/div[2]/div[2]/div[2]/div/div[4]/div[2]/div/div[1]/div/div/div[2]/div[2]/div/div/span[2]/span]
[[FirefoxDriver: firefox on MAC (294dc7fe-8798-ca44-ad53-9ab01ea9476e)] -> xpath: .//*[@id='app']/div/div/div[2]/div[2]/div[2]/div/div[4]/div[2]/div/div[1]/div/div/div[2]/div[2]/div/div/span[2]/span]
[[FirefoxDriver: firefox on MAC (294dc7fe-8798-ca44-ad53-9ab01ea9476e)] -> xpath: .//*[@id='app']/div/div/div[2]/div[2]/div[2]/div/div[4]/div[2]/div/div[1]/div/div/div[2]/div[2]/div/div/span[2]/span]
[[FirefoxDriver: firefox on MAC (294dc7fe-8798-ca44-ad53-9ab01ea9476e)] -> xpath: .//*[@id='app']/div/div/div[2]/div[2]/div[2]/div/div[4]/div[2]/div/div[1]/div/div/div[2]/div[2]/div/div/span[2]/span]
[[FirefoxDriver: firefox on MAC (294dc7fe-8798-ca44-ad53-9ab01ea9476e)] -> xpath: .//*[@id='app']/div/div/div[2]/div[2]/div[2]/div/div[4]/div[2]/div/div[1]/div/div/div[2]/div[2]/div/div/span[2]/span]
[[FirefoxDriver: firefox on MAC (294dc7fe-8798-ca44-ad53-9ab01ea9476e)] -> xpath: .//*[@id='app']/div/div/div[2]/div[2]/div[2]/div/div[4]/div[2]/div/div[1]/div/div/div[2]/div[2]/div/div/span[2]/span]
[[FirefoxDriver: firefox on MAC (294dc7fe-8798-ca44-ad53-9ab01ea9476e)] -> xpath: .//*[@id='app']/div/div/div[2]/div[2]/div[2]/div/div[4]/div[2]/div/div[1]/div/div/div[2]/div[2]/div/div/span[2]/span]
[[FirefoxDriver: firefox on MAC (294dc7fe-8798-ca44-ad53-9ab01ea9476e)] -> xpath: .//*[@id='app']/div/div/div[2]/div[2]/div[2]/div/div[4]/div[2]/div/div[1]/div/div/div[2]/div[2]/div/div/span[2]/span]
[[FirefoxDriver: firefox on MAC (294dc7fe-8798-ca44-ad53-9ab01ea9476e)] -> xpath: .//*[@id='app']/div/div/div[2]/div[2]/div[2]/div/div[4]/div[2]/div/div[1]/div/div/div[2]/div[2]/div/div/span[2]/span]
[[FirefoxDriver: firefox on MAC (294dc7fe-8798-ca44-ad53-9ab01ea9476e)] -> xpath: .//*[@id='app']/div/div/div[2]/div[2]/div[2]/div/div[4]/div[2]/div/div[1]/div/div/div[2]/div[2]/div/div/span[2]/span]
[[FirefoxDriver: firefox on MAC (294dc7fe-8798-ca44-ad53-9ab01ea9476e)] -> xpath: .//*[@id='app']/div/div/div[2]/div[2]/div[2]/div/div[4]/div[2]/div/div[1]/div/div/div[2]/div[2]/div/div/span[2]/span]
[[FirefoxDriver: firefox on MAC (294dc7fe-8798-ca44-ad53-9ab01ea9476e)] -> xpath: .//*[@id='app']/div/div/div[2]/div[2]/div[2]/div/div[4]/div[2]/div/div[1]/div/div/div[2]/div[2]/div/div/span[2]/span]
[[FirefoxDriver: firefox on MAC (294dc7fe-8798-ca44-ad53-9ab01ea9476e)] -> xpath: .//*[@id='app']/div/div/div[2]/div[2]/div[2]/div/div[4]/div[2]/div/div[1]/div/div/div[2]/div[2]/div/div/span[2]/span]
[[FirefoxDriver: firefox on MAC (294dc7fe-8798-ca44-ad53-9ab01ea9476e)] -> xpath: .//*[@id='app']/div/div/div[2]/div[2]/div[2]/div/div[4]/div[2]/div/div[1]/div/div/div[2]/div[2]/div/div/span[2]/span]
[[FirefoxDriver: firefox on MAC (294dc7fe-8798-ca44-ad53-9ab01ea9476e)] -> xpath: .//*[@id='app']/div/div/div[2]/div[2]/div[2]/div/div[4]/div[2]/div/div[1]/div/div/div[2]/div[2]/div/div/span[2]/span]
[[FirefoxDriver: firefox on MAC (294dc7fe-8798-ca44-ad53-9ab01ea9476e)] -> xpath: .//*[@id='app']/div/div/div[2]/div[2]/div[2]/div/div[4]/div[2]/div/div[1]/div/div/div[2]/div[2]/div/div/span[2]/span]
[[FirefoxDriver: firefox on MAC (294dc7fe-8798-ca44-ad53-9ab01ea9476e)] -> xpath: .//*[@id='app']/div/div/div[2]/div[2]/div[2]/div/div[4]/div[2]/div/div[1]/div/div/div[2]/div[2]/div/div/span[2]/span]
[[FirefoxDriver: firefox on MAC (294dc7fe-8798-ca44-ad53-9ab01ea9476e)] -> xpath: .//*[@id='app']/div/div/div[2]/div[2]/div[2]/div/div[4]/div[2]/div/div[1]/div/div/div[2]/div[2]/div/div/span[2]/span]
[[FirefoxDriver: firefox on MAC (294dc7fe-8798-ca44-ad53-9ab01ea9476e)] -> xpath: .//*[@id='app']/div/div/div[2]/div[2]/div[2]/div/div[4]/div[2]/div/div[1]/div/div/div[2]/div[2]/div/div/span[2]/span]
[[FirefoxDriver: firefox on MAC (294dc7fe-8798-ca44-ad53-9ab01ea9476e)] -> xpath: .//*[@id='app']/div/div/div[2]/div[2]/div[2]/div/div[4]/div[2]/div/div[1]/div/div/div[2]/div[2]/div/div/span[2]/span]
[[FirefoxDriver: firefox on MAC (294dc7fe-8798-ca44-ad53-9ab01ea9476e)] -> xpath: .//*[@id='app']/div/div/div[2]/div[2]/div[2]/div/div[4]/div[2]/div/div[1]/div/div/div[2]/div[2]/div/div/span[2]/span]
[[FirefoxDriver: firefox on MAC (294dc7fe-8798-ca44-ad53-9ab01ea9476e)] -> xpath: .//*[@id='app']/div/div/div[2]/div[2]/div[2]/div/div[4]/div[2]/div/div[1]/div/div/div[2]/div[2]/div/div/span[2]/span]
[[FirefoxDriver: firefox on MAC (294dc7fe-8798-ca44-ad53-9ab01ea9476e)] -> xpath: .//*[@id='app']/div/div/div[2]/div[2]/div[2]/div/div[4]/div[2]/div/div[1]/div/div/div[2]/div[2]/div/div/span[2]/span]
[[FirefoxDriver: firefox on MAC (294dc7fe-8798-ca44-ad53-9ab01ea9476e)] -> xpath: .//*[@id='app']/div/div/div[2]/div[2]/div[2]/div/div[4]/div[2]/div/div[1]/div/div/div[2]/div[2]/div/div/span[2]/span]
[[FirefoxDriver: firefox on MAC (294dc7fe-8798-ca44-ad53-9ab01ea9476e)] -> xpath: .//*[@id='app']/div/div/div[2]/div[2]/div[2]/div/div[4]/div[2]/div/div[1]/div/div/div[2]/div[2]/div/div/span[2]/span]
[[FirefoxDriver: firefox on MAC (294dc7fe-8798-ca44-ad53-9ab01ea9476e)] -> xpath: .//*[@id='app']/div/div/div[2]/div[2]/div[2]/div/div[4]/div[2]/div/div[1]/div/div/div[2]/div[2]/div/div/span[2]/span]
[[FirefoxDriver: firefox on MAC (294dc7fe-8798-ca44-ad53-9ab01ea9476e)] -> xpath: .//*[@id='app']/div/div/div[2]/div[2]/div[2]/div/div[4]/div[2]/div/div[1]/div/div/div[2]/div[2]/div/div/span[2]/span]
[[FirefoxDriver: firefox on MAC (294dc7fe-8798-ca44-ad53-9ab01ea9476e)] -> xpath: .//*[@id='app']/div/div/div[2]/div[2]/div[2]/div/div[4]/div[2]/div/div[1]/div/div/div[2]/div[2]/div/div/span[2]/span]
[[FirefoxDriver: firefox on MAC (294dc7fe-8798-ca44-ad53-9ab01ea9476e)] -> xpath: .//*[@id='app']/div/div/div[2]/div[2]/div[2]/div/div[4]/div[2]/div/div[1]/div/div/div[2]/div[2]/div/div/span[2]/span]
[[FirefoxDriver: firefox on MAC (294dc7fe-8798-ca44-ad53-9ab01ea9476e)] -> xpath: .//*[@id='app']/div/div/div[2]/div[2]/div[2]/div/div[4]/div[2]/div/div[1]/div/div/div[2]/div[2]/div/div/span[2]/span]
[[FirefoxDriver: firefox on MAC (294dc7fe-8798-ca44-ad53-9ab01ea9476e)] -> xpath: .//*[@id='app']/div/div/div[2]/div[2]/div[2]/div/div[4]/div[2]/div/div[1]/div/div/div[2]/div[2]/div/div/span[2]/span]
[[FirefoxDriver: firefox on MAC (294dc7fe-8798-ca44-ad53-9ab01ea9476e)] -> xpath: .//*[@id='app']/div/div/div[2]/div[2]/div[2]/div/div[4]/div[2]/div/div[1]/div/div/div[2]/div[2]/div/div/span[2]/span]
[[FirefoxDriver: firefox on MAC (294dc7fe-8798-ca44-ad53-9ab01ea9476e)] -> xpath: .//*[@id='app']/div/div/div[2]/div[2]/div[2]/div/div[4]/div[2]/div/div[1]/div/div/div[2]/div[2]/div/div/span[2]/span]
[[FirefoxDriver: firefox on MAC (294dc7fe-8798-ca44-ad53-9ab01ea9476e)] -> xpath: .//*[@id='app']/div/div/div[2]/div[2]/div[2]/div/div[4]/div[2]/div/div[1]/div/div/div[2]/div[2]/div/div/span[2]/span]
[[FirefoxDriver: firefox on MAC (294dc7fe-8798-ca44-ad53-9ab01ea9476e)] -> xpath: .//*[@id='app']/div/div/div[2]/div[2]/div[2]/div/div[4]/div[2]/div/div[1]/div/div/div[2]/div[2]/div/div/span[2]/span]
[[FirefoxDriver: firefox on MAC (294dc7fe-8798-ca44-ad53-9ab01ea9476e)] -> xpath: .//*[@id='app']/div/div/div[2]/div[2]/div[2]/div/div[4]/div[2]/div/div[1]/div/div/div[2]/div[2]/div/div/span[2]/span]
[[FirefoxDriver: firefox on MAC (294dc7fe-8798-ca44-ad53-9ab01ea9476e)] -> xpath: .//*[@id='app']/div/div/div[2]/div[2]/div[2]/div/div[4]/div[2]/div/div[1]/div/div/div[2]/div[2]/div/div/span[2]/span]
[[FirefoxDriver: firefox on MAC (294dc7fe-8798-ca44-ad53-9ab01ea9476e)] -> xpath: .//*[@id='app']/div/div/div[2]/div[2]/div[2]/div/div[4]/div[2]/div/div[1]/div/div/div[2]/div[2]/div/div/span[2]/span]
[[FirefoxDriver: firefox on MAC (294dc7fe-8798-ca44-ad53-9ab01ea9476e)] -> xpath: .//*[@id='app']/div/div/div[2]/div[2]/div[2]/div/div[4]/div[2]/div/div[1]/div/div/div[2]/div[2]/div/div/span[2]/span]
[[FirefoxDriver: firefox on MAC (294dc7fe-8798-ca44-ad53-9ab01ea9476e)] -> xpath: .//*[@id='app']/div/div/div[2]/div[2]/div[2]/div/div[4]/div[2]/div/div[1]/div/div/div[2]/div[2]/div/div/span[2]/span]
[[FirefoxDriver: firefox on MAC (294dc7fe-8798-ca44-ad53-9ab01ea9476e)] -> xpath: .//*[@id='app']/div/div/div[2]/div[2]/div[2]/div/div[4]/div[2]/div/div[1]/div/div/div[2]/div[2]/div/div/span[2]/span]
[[FirefoxDriver: firefox on MAC (294dc7fe-8798-ca44-ad53-9ab01ea9476e)] -> xpath: .//*[@id='app']/div/div/div[2]/div[2]/div[2]/div/div[4]/div[2]/div/div[1]/div/div/div[2]/div[2]/div/div/span[2]/span]
[[FirefoxDriver: firefox on MAC (294dc7fe-8798-ca44-ad53-9ab01ea9476e)] -> xpath: .//*[@id='app']/div/div/div[2]/div[2]/div[2]/div/div[4]/div[2]/div/div[1]/div/div/div[2]/div[2]/div/div/span[2]/span]
[[FirefoxDriver: firefox on MAC (294dc7fe-8798-ca44-ad53-9ab01ea9476e)] -> xpath: .//*[@id='app']/div/div/div[2]/div[2]/div[2]/div/div[4]/div[2]/div/div[1]/div/div/div[2]/div[2]/div/div/span[2]/span]
[[FirefoxDriver: firefox on MAC (294dc7fe-8798-ca44-ad53-9ab01ea9476e)] -> xpath: .//*[@id='app']/div/div/div[2]/div[2]/div[2]/div/div[4]/div[2]/div/div[1]/div/div/div[2]/div[2]/div/div/span[2]/span]
[[FirefoxDriver: firefox on MAC (294dc7fe-8798-ca44-ad53-9ab01ea9476e)] -> xpath: .//*[@id='app']/div/div/div[2]/div[2]/div[2]/div/div[4]/div[2]/div/div[1]/div/div/div[2]/div[2]/div/div/span[2]/span]
[[FirefoxDriver: firefox on MAC (294dc7fe-8798-ca44-ad53-9ab01ea9476e)] -> xpath: .//*[@id='app']/div/div/div[2]/div[2]/div[2]/div/div[4]/div[2]/div/div[1]/div/div/div[2]/div[2]/div/div/span[2]/span]
[[FirefoxDriver: firefox on MAC (294dc7fe-8798-ca44-ad53-9ab01ea9476e)] -> xpath: .//*[@id='app']/div/div/div[2]/div[2]/div[2]/div/div[4]/div[2]/div/div[1]/div/div/div[2]/div[2]/div/div/span[2]/span]
[[FirefoxDriver: firefox on MAC (294dc7fe-8798-ca44-ad53-9ab01ea9476e)] -> xpath: .//*[@id='app']/div/div/div[2]/div[2]/div[2]/div/div[4]/div[2]/div/div[1]/div/div/div[2]/div[2]/div/div/span[2]/span]
[[FirefoxDriver: firefox on MAC (294dc7fe-8798-ca44-ad53-9ab01ea9476e)] -> xpath: .//*[@id='app']/div/div/div[2]/div[2]/div[2]/div/div[4]/div[2]/div/div[1]/div/div/div[2]/div[2]/div/div/span[2]/span]
[[FirefoxDriver: firefox on MAC (294dc7fe-8798-ca44-ad53-9ab01ea9476e)] -> xpath: .//*[@id='app']/div/div/div[2]/div[2]/div[2]/div/div[4]/div[2]/div/div[1]/div/div/div[2]/div[2]/div/div/span[2]/span]
[[FirefoxDriver: firefox on MAC (294dc7fe-8798-ca44-ad53-9ab01ea9476e)] -> xpath: .//*[@id='app']/div/div/div[2]/div[2]/div[2]/div/div[4]/div[2]/div/div[1]/div/div/div[2]/div[2]/div/div/span[2]/span]
[[FirefoxDriver: firefox on MAC (294dc7fe-8798-ca44-ad53-9ab01ea9476e)] -> xpath: .//*[@id='app']/div/div/div[2]/div[2]/div[2]/div/div[4]/div[2]/div/div[1]/div/div/div[2]/div[2]/div/div/span[2]/span]
[[FirefoxDriver: firefox on MAC (294dc7fe-8798-ca44-ad53-9ab01ea9476e)] -> xpath: .//*[@id='app']/div/div/div[2]/div[2]/div[2]/div/div[4]/div[2]/div/div[1]/div/div/div[2]/div[2]/div/div/span[2]/span]
[[FirefoxDriver: firefox on MAC (294dc7fe-8798-ca44-ad53-9ab01ea9476e)] -> xpath: .//*[@id='app']/div/div/div[2]/div[2]/div[2]/div/div[4]/div[2]/div/div[1]/div/div/div[2]/div[2]/div/div/span[2]/span]
[[FirefoxDriver: firefox on MAC (294dc7fe-8798-ca44-ad53-9ab01ea9476e)] -> xpath: .//*[@id='app']/div/div/div[2]/div[2]/div[2]/div/div[4]/div[2]/div/div[1]/div/div/div[2]/div[2]/div/div/span[2]/span]
[[FirefoxDriver: firefox on MAC (294dc7fe-8798-ca44-ad53-9ab01ea9476e)] -> xpath: .//*[@id='app']/div/div/div[2]/div[2]/div[2]/div/div[4]/div[2]/div/div[1]/div/div/div[2]/div[2]/div/div/span[2]/span]
[[FirefoxDriver: firefox on MAC (294dc7fe-8798-ca44-ad53-9ab01ea9476e)] -> xpath: .//*[@id='app']/div/div/div[2]/div[2]/div[2]/div/div[4]/div[2]/div/div[1]/div/div/div[2]/div[2]/div/div/span[2]/span]
[[FirefoxDriver: firefox on MAC (294dc7fe-8798-ca44-ad53-9ab01ea9476e)] -> xpath: .//*[@id='app']/div/div/div[2]/div[2]/div[2]/div/div[4]/div[2]/div/div[1]/div/div/div[2]/div[2]/div/div/span[2]/span]
[[FirefoxDriver: firefox on MAC (294dc7fe-8798-ca44-ad53-9ab01ea9476e)] -> xpath: .//*[@id='app']/div/div/div[2]/div[2]/div[2]/div/div[4]/div[2]/div/div[1]/div/div/div[2]/div[2]/div/div/span[2]/span]
[[FirefoxDriver: firefox on MAC (294dc7fe-8798-ca44-ad53-9ab01ea9476e)] -> xpath: .//*[@id='app']/div/div/div[2]/div[2]/div[2]/div/div[4]/div[2]/div/div[1]/div/div/div[2]/div[2]/div/div/span[2]/span]
[[FirefoxDriver: firefox on MAC (294dc7fe-8798-ca44-ad53-9ab01ea9476e)] -> xpath: .//*[@id='app']/div/div/div[2]/div[2]/div[2]/div/div[4]/div[2]/div/div[1]/div/div/div[2]/div[2]/div/div/span[2]/span]
[[FirefoxDriver: firefox on MAC (294dc7fe-8798-ca44-ad53-9ab01ea9476e)] -> xpath: .//*[@id='app']/div/div/div[2]/div[2]/div[2]/div/div[4]/div[2]/div/div[1]/div/div/div[2]/div[2]/div/div/span[2]/span]
[[FirefoxDriver: firefox on MAC (294dc7fe-8798-ca44-ad53-9ab01ea9476e)] -> xpath: .//*[@id='app']/div/div/div[2]/div[2]/div[2]/div/div[4]/div[2]/div/div[1]/div/div/div[2]/div[2]/div/div/span[2]/span]
[[FirefoxDriver: firefox on MAC (294dc7fe-8798-ca44-ad53-9ab01ea9476e)] -> xpath: .//*[@id='app']/div/div/div[2]/div[2]/div[2]/div/div[4]/div[2]/div/div[1]/div/div/div[2]/div[2]/div/div/span[2]/span]
[[FirefoxDriver: firefox on MAC (294dc7fe-8798-ca44-ad53-9ab01ea9476e)] -> xpath: .//*[@id='app']/div/div/div[2]/div[2]/div[2]/div/div[4]/div[2]/div/div[1]/div/div/div[2]/div[2]/div/div/span[2]/span]
[[FirefoxDriver: firefox on MAC (294dc7fe-8798-ca44-ad53-9ab01ea9476e)] -> xpath: .//*[@id='app']/div/div/div[2]/div[2]/div[2]/div/div[4]/div[2]/div/div[1]/div/div/div[2]/div[2]/div/div/span[2]/span]
[[FirefoxDriver: firefox on MAC (294dc7fe-8798-ca44-ad53-9ab01ea9476e)] -> xpath: .//*[@id='app']/div/div/div[2]/div[2]/div[2]/div/div[4]/div[2]/div/div[1]/div/div/div[2]/div[2]/div/div/span[2]/span]
[[FirefoxDriver: firefox on MAC (294dc7fe-8798-ca44-ad53-9ab01ea9476e)] -> xpath: .//*[@id='app']/div/div/div[2]/div[2]/div[2]/div/div[4]/div[2]/div/div[1]/div/div/div[2]/div[2]/div/div/span[2]/span]
[[FirefoxDriver: firefox on MAC (294dc7fe-8798-ca44-ad53-9ab01ea9476e)] -> xpath: .//*[@id='app']/div/div/div[2]/div[2]/div[2]/div/div[4]/div[2]/div/div[1]/div/div/div[2]/div[2]/div/div/span[2]/span]
[[FirefoxDriver: firefox on MAC (294dc7fe-8798-ca44-ad53-9ab01ea9476e)] -> xpath: .//*[@id='app']/div/div/div[2]/div[2]/div[2]/div/div[4]/div[2]/div/div[1]/div/div/div[2]/div[2]/div/div/span[2]/span]
[[FirefoxDriver: firefox on MAC (294dc7fe-8798-ca44-ad53-9ab01ea9476e)] -> xpath: .//*[@id='app']/div/div/div[2]/div[2]/div[2]/div/div[4]/div[2]/div/div[1]/div/div/div[2]/div[2]/div/div/span[2]/span]
[[FirefoxDriver: firefox on MAC (294dc7fe-8798-ca44-ad53-9ab01ea9476e)] -> xpath: .//*[@id='app']/div/div/div[2]/div[2]/div[2]/div/div[4]/div[2]/div/div[1]/div/div/div[2]/div[2]/div/div/span[2]/span]
[[FirefoxDriver: firefox on MAC (294dc7fe-8798-ca44-ad53-9ab01ea9476e)] -> xpath: .//*[@id='app']/div/div/div[2]/div[2]/div[2]/div/div[4]/div[2]/div/div[1]/div/div/div[2]/div[2]/div/div/span[2]/span]
[[FirefoxDriver: firefox on MAC (294dc7fe-8798-ca44-ad53-9ab01ea9476e)] -> xpath: .//*[@id='app']/div/div/div[2]/div[2]/div[2]/div/div[4]/div[2]/div/div[1]/div/div/div[2]/div[2]/div/div/span[2]/span]
[[FirefoxDriver: firefox on MAC (294dc7fe-8798-ca44-ad53-9ab01ea9476e)] -> xpath: .//*[@id='app']/div/div/div[2]/div[2]/div[2]/div/div[4]/div[2]/div/div[1]/div/div/div[2]/div[2]/div/div/span[2]/span]
[[FirefoxDriver: firefox on MAC (294dc7fe-8798-ca44-ad53-9ab01ea9476e)] -> xpath: .//*[@id='app']/div/div/div[2]/div[2]/div[2]/div/div[4]/div[2]/div/div[1]/div/div/div[2]/div[2]/div/div/span[2]/span]
[[FirefoxDriver: firefox on MAC (294dc7fe-8798-ca44-ad53-9ab01ea9476e)] -> xpath: .//*[@id='app']/div/div/div[2]/div[2]/div[2]/div/div[4]/div[2]/div/div[1]/div/div/div[2]/div[2]/div/div/span[2]/span]
[[FirefoxDriver: firefox on MAC (294dc7fe-8798-ca44-ad53-9ab01ea9476e)] -> xpath: .//*[@id='app']/div/div/div[2]/div[2]/div[2]/div/div[4]/div[2]/div/div[1]/div/div/div[2]/div[2]/div/div/span[2]/span]
[[FirefoxDriver: firefox on MAC (294dc7fe-8798-ca44-ad53-9ab01ea9476e)] -> xpath: .//*[@id='app']/div/div/div[2]/div[2]/div[2]/div/div[4]/div[2]/div/div[1]/div/div/div[2]/div[2]/div/div/span[2]/span]
[[FirefoxDriver: firefox on MAC (294dc7fe-8798-ca44-ad53-9ab01ea9476e)] -> xpath: .//*[@id='app']/div/div/div[2]/div[2]/div[2]/div/div[4]/div[2]/div/div[1]/div/div/div[2]/div[2]/div/div/span[2]/span]
[[FirefoxDriver: firefox on MAC (294dc7fe-8798-ca44-ad53-9ab01ea9476e)] -> xpath: .//*[@id='app']/div/div/div[2]/div[2]/div[2]/div/div[4]/div[2]/div/div[1]/div/div/div[2]/div[2]/div/div/span[2]/span]
[[FirefoxDriver: firefox on MAC (294dc7fe-8798-ca44-ad53-9ab01ea9476e)] -> xpath: .//*[@id='app']/div/div/div[2]/div[2]/div[2]/div/div[4]/div[2]/div/div[1]/div/div/div[2]/div[2]/div/div/span[2]/span]
[[FirefoxDriver: firefox on MAC (294dc7fe-8798-ca44-ad53-9ab01ea9476e)] -> xpath: .//*[@id='app']/div/div/div[2]/div[2]/div[2]/div/div[4]/div[2]/div/div[1]/div/div/div[2]/div[2]/div/div/span[2]/span]
[[FirefoxDriver: firefox on MAC (294dc7fe-8798-ca44-ad53-9ab01ea9476e)] -> xpath: .//*[@id='app']/div/div/div[2]/div[2]/div[2]/div/div[4]/div[2]/div/div[1]/div/div/div[2]/div[2]/div/div/span[2]/span]
[[FirefoxDriver: firefox on MAC (294dc7fe-8798-ca44-ad53-9ab01ea9476e)] -> xpath: .//*[@id='app']/div/div/div[2]/div[2]/div[2]/div/div[4]/div[2]/div/div[1]/div/div/div[2]/div[2]/div/div/span[2]/span]
[[FirefoxDriver: firefox on MAC (294dc7fe-8798-ca44-ad53-9ab01ea9476e)] -> xpath: .//*[@id='app']/div/div/div[2]/div[2]/div[2]/div/div[4]/div[2]/div/div[1]/div/div/div[2]/div[2]/div/div/span[2]/span]
[...]
[[FirefoxDriver: firefox on MAC (294dc7fe-8798-ca44-ad53-9ab01ea9476e)] -> xpath: .//*[@id='app']/div/div/div[2]/div[2]/div[2]/div/div[4]/div[2]/div/div[1]/div/div/div[2]/div[2]/div/div/span[2]/span]
[[FirefoxDriver: firefox on MAC (294dc7fe-8798-ca44-ad53-9ab01ea9476e)] -> xpath: .//*[@id='app']/div/div/div[2]/div[2]/div[2]/div/div[4]/div[2]/div/div[1]/div/div/div[2]/div[2]/div/div/span[2]/span]
[[FirefoxDriver: firefox on MAC (294dc7fe-8798-ca44-ad53-9ab01ea9476e)] -> xpath: .//*[@id='app']/div/div/div[2]/div[2]/div[2]/div/div[4]/div[2]/div/div[1]/div/div/div[2]/div[2]/div/div/span[2]/span]
[[FirefoxDriver: firefox on MAC (294dc7fe-8798-ca44-ad53-9ab01ea9476e)] -> xpath: .//*[@id='app']/div/div/div[2]/div[2]/div[2]/div/div[4]/div[2]/div/div[1]/div/div/div[2]/div[2]/div/div/span[2]/span]
[[FirefoxDriver: firefox on MAC (294dc7fe-8798-ca44-ad53-9ab01ea9476e)] -> xpath: .//*[@id='app']/div/div/div[2]/div[2]/div[2]/div/div[4]/div[2]/div/div[1]/div/div/div[2]/div[2]/div/div/span[2]/span]
[[FirefoxDriver: firefox on MAC (294dc7fe-8798-ca44-ad53-9ab01ea9476e)] -> xpath: .//*[@id='app']/div/div/div[2]/div[2]/div[2]/div/div[4]/div[2]/div/div[1]/div/div/div[2]/div[2]/div/div/span[2]/span]
[[FirefoxDriver: firefox on MAC (294dc7fe-8798-ca44-ad53-9ab01ea9476e)] -> xpath: .//*[@id='app']/div/div/div[2]/div[2]/div[2]/div/div[4]/div[2]/div/div[1]/div/div/div[2]/div[2]/div/div/span[2]/span]
[[FirefoxDriver: firefox on MAC (294dc7fe-8798-ca44-ad53-9ab01ea9476e)] -> xpath: .//*[@id='app']/div/div/div[2]/div[2]/div[2]/div/div[4]/div[2]/div/div[1]/div/div/div[2]/div[2]/div/div/span[2]/span]
[[FirefoxDriver: firefox on MAC (294dc7fe-8798-ca44-ad53-9ab01ea9476e)] -> xpath: .//*[@id='app']/div/div/div[2]/div[2]/div[2]/div/div[4]/div[2]/div/div[1]/div/div/div[2]/div[2]/div/div/span[2]/span]
[[FirefoxDriver: firefox on MAC (294dc7fe-8798-ca44-ad53-9ab01ea9476e)] -> xpath: .//*[@id='app']/div/div/div[2]/div[2]/div[2]/div/div[4]/div[2]/div/div[1]/div/div/div[2]/div[2]/div/div/span[2]/span]
[[FirefoxDriver: firefox on MAC (294dc7fe-8798-ca44-ad53-9ab01ea9476e)] -> xpath: .//*[@id='app']/div/div/div[2]/div[2]/div[2]/div/div[4]/div[2]/div/div[1]/div/div/div[2]/div[2]/div/div/span[2]/span]
[[FirefoxDriver: firefox on MAC (294dc7fe-8798-ca44-ad53-9ab01ea9476e)] -> xpath: .//*[@id='app']/div/div/div[2]/div[2]/div[2]/div/div[4]/div[2]/div/div[1]/div/div/div[2]/div[2]/div/div/span[2]/span]
[[FirefoxDriver: firefox on MAC (294dc7fe-8798-ca44-ad53-9ab01ea9476e)] -> xpath: .//*[@id='app']/div/div/div[2]/div[2]/div[2]/div/div[4]/div[2]/div/div[1]/div/div/div[2]/div[2]/div/div/span[2]/span]
[[FirefoxDriver: firefox on MAC (294dc7fe-8798-ca44-ad53-9ab01ea9476e)] -> xpath: .//*[@id='app']/div/div/div[2]/div[2]/div[2]/div/div[4]/div[2]/div/div[1]/div/div/div[2]/div[2]/div/div/span[2]/span]
[[FirefoxDriver: firefox on MAC (294dc7fe-8798-ca44-ad53-9ab01ea9476e)] -> xpath: .//*[@id='app']/div/div/div[2]/div[2]/div[2]/div/div[4]/div[2]/div/div[1]/div/div/div[2]/div[2]/div/div/span[2]/span]
[[FirefoxDriver: firefox on MAC (294dc7fe-8798-ca44-ad53-9ab01ea9476e)] -> xpath: .//*[@id='app']/div/div/div[2]/div[2]/div[2]/div/div[4]/div[2]/div/div[1]/div/div/div[2]/div[2]/div/div/span[2]/span]
[[FirefoxDriver: firefox on MAC (294dc7fe-8798-ca44-ad53-9ab01ea9476e)] -> xpath: .//*[@id='app']/div/div/div[2]/div[2]/div[2]/div/div[4]/div[2]/div/div[1]/div/div/div[2]/div[2]/div/div/span[2]/span]
[[FirefoxDriver: firefox on MAC (294dc7fe-8798-ca44-ad53-9ab01ea9476e)] -> xpath: .//*[@id='app']/div/div/div[2]/div[2]/div[2]/div/div[4]/div[2]/div/div[1]/div/div/div[2]/div[2]/div/div/span[2]/span]
[[FirefoxDriver: firefox on MAC (294dc7fe-8798-ca44-ad53-9ab01ea9476e)] -> xpath: .//*[@id='app']/div/div/div[2]/div[2]/div[2]/div/div[4]/div[2]/div/div[1]/div/div/div[2]/div[2]/div/div/span[2]/span]
[[FirefoxDriver: firefox on MAC (294dc7fe-8798-ca44-ad53-9ab01ea9476e)] -> xpath: .//*[@id='app']/div/div/div[2]/div[2]/div[2]/div/div[4]/div[2]/div/div[1]/div/div/div[2]/div[2]/div/div/span[2]/span]
[[FirefoxDriver: firefox on MAC (294dc7fe-8798-ca44-ad53-9ab01ea9476e)] -> xpath: .//*[@id='app']/div/div/div[2]/div[2]/div[2]/div/div[4]/div[2]/div/div[1]/div/div/div[2]/div[2]/div/div/span[2]/span]
[[FirefoxDriver: firefox on MAC (294dc7fe-8798-ca44-ad53-9ab01ea9476e)] -> xpath: .//*[@id='app']/div/div/div[2]/div[2]/div[2]/div/div[4]/div[2]/div/div[1]/div/div/div[2]/div[2]/div/div/span[2]/span]
[[FirefoxDriver: firefox on MAC (294dc7fe-8798-ca44-ad53-9ab01ea9476e)] -> xpath: .//*[@id='app']/div/div/div[2]/div[2]/div[2]/div/div[4]/div[2]/div/div[1]/div/div/div[2]/div[2]/div/div/span[2]/span]
[[FirefoxDriver: firefox on MAC (294dc7fe-8798-ca44-ad53-9ab01ea9476e)] -> xpath: .//*[@id='app']/div/div/div[2]/div[2]/div[2]/div/div[4]/div[2]/div/div[1]/div/div/div[2]/div[2]/div/div/span[2]/span]
[[FirefoxDriver: firefox on MAC (294dc7fe-8798-ca44-ad53-9ab01ea9476e)] -> xpath: .//*[@id='app']/div/div/div[2]/div[2]/div[2]/div/div[4]/div[2]/div/div[1]/div/div/div[2]/div[2]/div/div/span[2]/span]
[[FirefoxDriver: firefox on MAC (294dc7fe-8798-ca44-ad53-9ab01ea9476e)] -> xpath: .//*[@id='app']/div/div/div[2]/div[2]/div[2]/div/div[4]/div[2]/div/div[1]/div/div/div[2]/div[2]/div/div/span[2]/span]
[[FirefoxDriver: firefox on MAC (294dc7fe-8798-ca44-ad53-9ab01ea9476e)] -> xpath: .//*[@id='app']/div/div/div[2]/div[2]/div[2]/div/div[4]/div[2]/div/div[1]/div/div/div[2]/div[2]/div/div/span[2]/span]
[[FirefoxDriver: firefox on MAC (294dc7fe-8798-ca44-ad53-9ab01ea9476e)] -> xpath: .//*[@id='app']/div/div/div[2]/div[2]/div[2]/div/div[4]/div[2]/div/div[1]/div/div/div[2]/div[2]/div/div/span[2]/span]
[[FirefoxDriver: firefox on MAC (294dc7fe-8798-ca44-ad53-9ab01ea9476e)] -> xpath: .//*[@id='app']/div/div/div[2]/div[2]/div[2]/div/div[4]/div[2]/div/div[1]/div/div/div[2]/div[2]/div/div/span[2]/span]
[[FirefoxDriver: firefox on MAC (294dc7fe-8798-ca44-ad53-9ab01ea9476e)] -> xpath: .//*[@id='app']/div/div/div[2]/div[2]/div[2]/div/div[4]/div[2]/div/div[1]/div/div/div[2]/div[2]/div/div/span[2]/span]
[[FirefoxDriver: firefox on MAC (294dc7fe-8798-ca44-ad53-9ab01ea9476e)] -> xpath: .//*[@id='app']/div/div/div[2]/div[2]/div[2]/div/div[4]/div[2]/div/div[1]/div/div/div[2]/div[2]/div/div/span[2]/span]
[[FirefoxDriver: firefox on MAC (294dc7fe-8798-ca44-ad53-9ab01ea9476e)] -> xpath: .//*[@id='app']/div/div/div[2]/div[2]/div[2]/div/div[4]/div[2]/div/div[1]/div/div/div[2]/div[2]/div/div/span[2]/span]
[[FirefoxDriver: firefox on MAC (294dc7fe-8798-ca44-ad53-9ab01ea9476e)] -> xpath: .//*[@id='app']/div/div/div[2]/div[2]/div[2]/div/div[4]/div[2]/div/div[1]/div/div/div[2]/div[2]/div/div/span[2]/span]
[[FirefoxDriver: firefox on MAC (294dc7fe-8798-ca44-ad53-9ab01ea9476e)] -> xpath: .//*[@id='app']/div/div/div[2]/div[2]/div[2]/div/div[4]/div[2]/div/div[1]/div/div/div[2]/div[2]/div/div/span[2]/span]
[[FirefoxDriver: firefox on MAC (294dc7fe-8798-ca44-ad53-9ab01ea9476e)] -> xpath: .//*[@id='app']/div/div/div[2]/div[2]/div[2]/div/div[4]/div[2]/div/div[1]/div/div/div[2]/div[2]/div/div/span[2]/span]
[[FirefoxDriver: firefox on MAC (294dc7fe-8798-ca44-ad53-9ab01ea9476e)] -> xpath: .//*[@id='app']/div/div/div[2]/div[2]/div[2]/div/div[4]/div[2]/div/div[1]/div/div/div[2]/div[2]/div/div/span[2]/span]
[[FirefoxDriver: firefox on MAC (294dc7fe-8798-ca44-ad53-9ab01ea9476e)] -> xpath: .//*[@id='app']/div/div/div[2]/div[2]/div[2]/div/div[4]/div[2]/div/div[1]/div/div/div[2]/div[2]/div/div/span[2]/span]
[[FirefoxDriver: firefox on MAC (294dc7fe-8798-ca44-ad53-9ab01ea9476e)] -> xpath: .//*[@id='app']/div/div/div[2]/div[2]/div[2]/div/div[4]/div[2]/div/div[1]/div/div/div[2]/div[2]/div/div/span[2]/span]
[[FirefoxDriver: firefox on MAC (294dc7fe-8798-ca44-ad53-9ab01ea9476e)] -> xpath: .//*[@id='app']/div/div/div[2]/div[2]/div[2]/div/div[4]/div[2]/div/div[1]/div/div/div[2]/div[2]/div/div/span[2]/span]
[[FirefoxDriver: firefox on MAC (294dc7fe-8798-ca44-ad53-9ab01ea9476e)] -> xpath: .//*[@id='app']/div/div/div[2]/div[2]/div[2]/div/div[4]/div[2]/div/div[1]/div/div/div[2]/div[2]/div/div/span[2]/span]
[[FirefoxDriver: firefox on MAC (294dc7fe-8798-ca44-ad53-9ab01ea9476e)] -> xpath: .//*[@id='app']/div/div/div[2]/div[2]/div[2]/div/div[4]/div[2]/div/div[1]/div/div/div[2]/div[2]/div/div/span[2]/span]
[[FirefoxDriver: firefox on MAC (294dc7fe-8798-ca44-ad53-9ab01ea9476e)] -> xpath: .//*[@id='app']/div/div/div[2]/div[2]/div[2]/div/div[4]/div[2]/div/div[1]/div/div/div[2]/div[2]/div/div/span[2]/span]
[[FirefoxDriver: firefox on MAC (294dc7fe-8798-ca44-ad53-9ab01ea9476e)] -> xpath: .//*[@id='app']/div/div/div[2]/div[2]/div[2]/div/div[4]/div[2]/div/div[1]/div/div/div[2]/div[2]/div/div/span[2]/span]
[[FirefoxDriver: firefox on MAC (294dc7fe-8798-ca44-ad53-9ab01ea9476e)] -> xpath: .//*[@id='app']/div/div/div[2]/div[2]/div[2]/div/div[4]/div[2]/div/div[1]/div/div/div[2]/div[2]/div/div/span[2]/span]
[[FirefoxDriver: firefox on MAC (294dc7fe-8798-ca44-ad53-9ab01ea9476e)] -> xpath: .//*[@id='app']/div/div/div[2]/div[2]/div[2]/div/div[4]/div[2]/div/div[1]/div/div/div[2]/div[2]/div/div/span[2]/span]
[[FirefoxDriver: firefox on MAC (294dc7fe-8798-ca44-ad53-9ab01ea9476e)] -> xpath: .//*[@id='app']/div/div/div[2]/div[2]/div[2]/div/div[4]/div[2]/div/div[1]/div/div/div[2]/div[2]/div/div/span[2]/span]
[[FirefoxDriver: firefox on MAC (294dc7fe-8798-ca44-ad53-9ab01ea9476e)] -> xpath: .//*[@id='app']/div/div/div[2]/div[2]/div[2]/div/div[4]/div[2]/div/div[1]/div/div/div[2]/div[2]/div/div/span[2]/span]
[[FirefoxDriver: firefox on MAC (294dc7fe-8798-ca44-ad53-9ab01ea9476e)] -> xpath: .//*[@id='app']/div/div/div[2]/div[2]/div[2]/div/div[4]/div[2]/div/div[1]/div/div/div[2]/div[2]/div/div/span[2]/span]
[[FirefoxDriver: firefox on MAC (294dc7fe-8798-ca44-ad53-9ab01ea9476e)] -> xpath: .//*[@id='app']/div/div/div[2]/div[2]/div[2]/div/div[4]/div[2]/div/div[1]/div/div/div[2]/div[2]/div/div/span[2]/span]
[[FirefoxDriver: firefox on MAC (294dc7fe-8798-ca44-ad53-9ab01ea9476e)] -> xpath: .//*[@id='app']/div/div/div[2]/div[2]/div[2]/div/div[4]/div[2]/div/div[1]/div/div/div[2]/div[2]/div/div/span[2]/span]
[[FirefoxDriver: firefox on MAC (294dc7fe-8798-ca44-ad53-9ab01ea9476e)] -> xpath: .//*[@id='app']/div/div/div[2]/div[2]/div[2]/div/div[4]/div[2]/div/div[1]/div/div/div[2]/div[2]/div/div/span[2]/span]
[[FirefoxDriver: firefox on MAC (294dc7fe-8798-ca44-ad53-9ab01ea9476e)] -> xpath: .//*[@id='app']/div/div/div[2]/div[2]/div[2]/div/div[4]/div[2]/div/div[1]/div/div/div[2]/div[2]/div/div/span[2]/span]
[[FirefoxDriver: firefox on MAC (294dc7fe-8798-ca44-ad53-9ab01ea9476e)] -> xpath: .//*[@id='app']/div/div/div[2]/div[2]/div[2]/div/div[4]/div[2]/div/div[1]/div/div/div[2]/div[2]/div/div/span[2]/span]
[[FirefoxDriver: firefox on MAC (294dc7fe-8798-ca44-ad53-9ab01ea9476e)] -> xpath: .//*[@id='app']/div/div/div[2]/div[2]/div[2]/div/div[4]/div[2]/div/div[1]/div/div/div[2]/div[2]/div/div/span[2]/span]
[[FirefoxDriver: firefox on MAC (294dc7fe-8798-ca44-ad53-9ab01ea9476e)] -> xpath: .//*[@id='app']/div/div/div[2]/div[2]/div[2]/div/div[4]/div[2]/div/div[1]/div/div/div[2]/div[2]/div/div/span[2]/span]
[[FirefoxDriver: firefox on MAC (294dc7fe-8798-ca44-ad53-9ab01ea9476e)] -> xpath: .//*[@id='app']/div/div/div[2]/div[2]/div[2]/div/div[4]/div[2]/div/div[1]/div/div/div[2]/div[2]/div/div/span[2]/span]
[[FirefoxDriver: firefox on MAC (294dc7fe-8798-ca44-ad53-9ab01ea9476e)] -> xpath: .//*[@id='app']/div/div/div[2]/div[2]/div[2]/div/div[4]/div[2]/div/div[1]/div/div/div[2]/div[2]/div/div/span[2]/span]
[[FirefoxDriver: firefox on MAC (294dc7fe-8798-ca44-ad53-9ab01ea9476e)] -> xpath: .//*[@id='app']/div/div/div[2]/div[2]/div[2]/div/div[4]/div[2]/div/div[1]/div/div/div[2]/div[2]/div/div/span[2]/span]
[[FirefoxDriver: firefox on MAC (294dc7fe-8798-ca44-ad53-9ab01ea9476e)] -> xpath: .//*[@id='app']/div/div/div[2]/div[2]/div[2]/div/div[4]/div[2]/div/div[1]/div/div/div[2]/div[2]/div/div/span[2]/span]
[[FirefoxDriver: firefox on MAC (294dc7fe-8798-ca44-ad53-9ab01ea9476e)] -> xpath: .//*[@id='app']/div/div/div[2]/div[2]/div[2]/div/div[4]/div[2]/div/div[1]/div/div/div[2]/div[2]/div/div/span[2]/span]
[[FirefoxDriver: firefox on MAC (294dc7fe-8798-ca44-ad53-9ab01ea9476e)] -> xpath: .//*[@id='app']/div/div/div[2]/div[2]/div[2]/div/div[4]/div[2]/div/div[1]/div/div/div[2]/div[2]/div/div/span[2]/span]
[[FirefoxDriver: firefox on MAC (294dc7fe-8798-ca44-ad53-9ab01ea9476e)] -> xpath: .//*[@id='app']/div/div/div[2]/div[2]/div[2]/div/div[4]/div[2]/div/div[1]/div/div/div[2]/div[2]/div/div/span[2]/span]
retry 1 time
retry 2 time
retry 3 time
retry 4 time
retry 5 time
retry 6 time
retry 7 time
retry 8 time
retry 9 time
retry 10 time
没找到By.xpath: .//*[@id='app']/div/div/div[2]/div[2]/div[2]/div/div[4]/div[2]/div/div[1]/div/div/div[2]/div[2]/div/div/span[2]/span
]]></system-out>
    <system-err><![CDATA[1511751771270	Marionette	DEBUG	Received DOM event "beforeunload" for "http://testmcenter.weixinxk.com/admin/pushmessage/edit/add/"
1511751771339	Marionette	DEBUG	Received DOM event "pagehide" for "http://testmcenter.weixinxk.com/admin/pushmessage/edit/add/"
1511751771340	Marionette	DEBUG	Received DOM event "unload" for "http://testmcenter.weixinxk.com/admin/pushmessage/edit/add/"
1511751771608	Marionette	DEBUG	Received DOM event "DOMContentLoaded" for "http://testmcenter.weixinxk.com/admin/pushmessage/edit/index"
1511751771612	Marionette	DEBUG	Received DOM event "pageshow" for "http://testmcenter.weixinxk.com/admin/pushmessage/edit/index"
1511751774153	Marionette	DEBUG	Canceled page load listener because no navigation has been detected
1511751774507	Marionette	DEBUG	Canceled page load listener because no navigation has been detected
1511751775832	Marionette	DEBUG	Canceled page load listener because no navigation has been detected
[TestngRetryListener] [ERROR] Test Skipped
]]></system-err>
  </testcase>
  <testcase name="a8Uploading50Close" classname="Operation.WriteNewMsg.VideoUpload" time="1.887"/>
  <testcase name="a9Uploading90Close" classname="Operation.WriteNewMsg.VideoUpload" time="2.192"/>
  <testcase name="b1UploadingCancelX" classname="Operation.WriteNewMsg.VideoUpload" time="11.047"/>
  <testcase name="b2UploadingConfirmClose" classname="Operation.WriteNewMsg.VideoUpload" time="0.65"/>
  <testcase name="b3UploadAgain" classname="Operation.WriteNewMsg.VideoUpload" time="2.404"/>
  <testcase name="b4UploadedScroll" classname="Operation.WriteNewMsg.VideoUpload" time="2.732"/>
  <testcase name="b5UploadingClickOutside" classname="Operation.WriteNewMsg.VideoUpload" time="2.588"/>
  <testcase name="b6UploadedClose" classname="Operation.WriteNewMsg.VideoUpload" time="1.907"/>
  <testcase name="b7UploadedCancelClose" classname="Operation.WriteNewMsg.VideoUpload" time="3.196"/>
  <testcase name="b8UploadedCloseConfirm" classname="Operation.WriteNewMsg.VideoUpload" time="2.797"/>
  <testcase name="a1PreviewNotClickable" classname="Operation.WriteNewMsg.Preview" time="0.018"/>
  <testcase name="a2PreviewClickable" classname="Operation.WriteNewMsg.Preview" time="0.493"/>
  <testcase name="a3BacktoWrite" classname="Operation.WriteNewMsg.Preview" time="1.914"/>
  <testcase name="a4VideoPreview" classname="Operation.WriteNewMsg.Preview" time="4.404"/>
  <testcase name="a5PreviewCurrentLocation" classname="Operation.WriteNewMsg.Preview" time="1.21"/>
  <testcase name="a6CurrentLocationWrite" classname="Operation.WriteNewMsg.Preview" time="1.621"/>
  <testcase name="a7PreviewNotClickable" classname="Operation.WriteNewMsg.Preview" time="1.27"/>
  <testcase name="a8ClickChangeObj" classname="Operation.WriteNewMsg.Preview" time="1.913"/>
  <testcase name="a1DefaultDisplay" classname="Operation.History.MsgList" time="0.043"/>
  <testcase name="a2DefaultType" classname="Operation.History.MsgList" time="0.025"/>
  <testcase name="a3DefaulSequence" classname="Operation.History.MsgList" time="0.03"/>
  <testcase name="a5RejectedSequence" classname="Operation.History.MsgList" time="2.338"/>
  <testcase name="a7RejectedSequence" classname="Operation.History.MsgList" time="0.329"/>
  <testcase name="a8ClickNextDrawer" classname="Operation.History.MsgList" time="0.951"/>
  <testcase name="a9ClickLastDrawer" classname="Operation.History.MsgList" time="3.629"/>
  <testcase name="b1LastDrawer" classname="Operation.History.MsgList" time="2.755"/>
  <testcase name="b2EditNavigate" classname="Operation.History.MsgList" time="5.178"/>
  <testcase name="a1back" classname="Operation.History.Navigate" time="1.321"/>
  <testcase name="a2NewMsg" classname="Operation.History.Navigate" time="0.566"/>
  <testcase name="a5Device" classname="Operation.History.Navigate" time="1.761"/>
  <testcase name="a6Parnter" classname="Operation.History.Navigate" time="1.072"/>
  <testcase name="b1Display25" classname="Operation.History.Navigate" time="1.74"/>
  <testcase name="b2Display50" classname="Operation.History.Navigate" time="2.044"/>
  <testcase name="b3Display100" classname="Operation.History.Navigate" time="2.044"/>
  <testcase name="b4Page1" classname="Operation.History.Navigate" time="0.453"/>
  <testcase name="b5Next" classname="Operation.History.Navigate" time="2.315"/>
  <testcase name="b6LastPage" classname="Operation.History.Navigate" time="4.122"/>
  <testcase name="zLogout" classname="Operation.History.Navigate" time="1.316"/>
  <testcase name="a1default1" classname="Operation.NewsList" time="0.034"/>
  <testcase name="a2default2" classname="Operation.NewsList" time="0.036"/>
  <testcase name="a3default3" classname="Operation.NewsList" time="0.055"/>
  <testcase name="a4NewMsgz_click" classname="Operation.NewsList" time="0.655"/>
  <testcase name="a5leftnavi1" classname="Operation.NewsList" time="0.047"/>
  <testcase name="a6history_click" classname="Operation.NewsList" time="0.978"/>
  <testcase name="a7Album_click" classname="Operation.NewsList" time="1.851"/>
  <testcase name="a8Device_click" classname="Operation.NewsList" time="2.419"/>
  <testcase name="a9Partner_click" classname="Operation.NewsList" time="1.195"/>
  <testcase name="b1pushObj" classname="Operation.NewsList" time="0.978"/>
  <testcase name="b2pushObjNums" classname="Operation.NewsList" time="0.835"/>
  <testcase name="b3apushObjAll" classname="Operation.NewsList" time="0.853"/>
  <testcase name="b4WriteSelectAll" classname="Operation.NewsList" time="2.242"/>
  <testcase name="b5pushObjCancelAll" classname="Operation.NewsList" time="2.678"/>
  <testcase name="b6seleckallAfterSelectone" classname="Operation.NewsList" time="2.103"/>
  <testcase name="b7textOfCancelAll" classname="Operation.NewsList" time="2.235"/>
  <testcase name="b8WhiteAfterCancelAll" classname="Operation.NewsList" time="2.671"/>
  <testcase name="b9WhiteSelectAllAgain" classname="Operation.NewsList" time="3.206"/>
  <testcase name="c1WhiteSelectTwoPages" classname="Operation.NewsList" time="3.356"/>
  <testcase name="c2WhiteSelectTwoPages" classname="Operation.NewsList" time="5.124"/>
  <testcase name="c3WhiteSelectAll" classname="Operation.NewsList" time="2.754"/>
  <testcase name="c4RecentPushCancel" classname="Operation.NewsList" time="2.254"/>
  <testcase name="c6Page1Disabled" classname="Operation.NewsList" time="1.929"/>
  <testcase name="c7PageLastDisabled" classname="Operation.NewsList" time="1.926"/>
  <testcase name="c8PageNext" classname="Operation.NewsList" time="2.745"/>
  <testcase name="c9LastPage" classname="Operation.NewsList" time="0.496"/>
  <testcase name="zlogout" classname="Operation.NewsList" time="0.276"/>
  <testcase name="phoneisLock" classname="LoginTest.LoginTest" time="0.912"/>
  <testcase name="phoneisNull" classname="LoginTest.LoginTest" time="0.309"/>
  <testcase name="phoneisWrongNumber" classname="LoginTest.LoginTest" time="0.876"/>
  <testcase name="phoneisWrongPwd" classname="LoginTest.LoginTest" time="0.819"/>
  <testcase name="phoneisWrongformat1" classname="LoginTest.LoginTest" time="0.882"/>
  <testcase name="phoneisWrongformat2" classname="LoginTest.LoginTest" time="0.866"/>
  <testcase name="phoneisWrongformat3" classname="LoginTest.LoginTest" time="0.867"/>
</testsuite>