<?xml version="1.0" encoding="UTF-8"?>
<testsuite name="TestOperation"
           tests="8"
           failures="0"
           errors="0"
           skipped="0"
           time="5.544">
  <properties />
  
  
            <testcase name="phoneisWrongformat1" time="0.882" classname="LoginTest.LoginTest" />
                <testcase name="phoneisWrongPwd" time="0.819" classname="LoginTest.LoginTest" />
                <testcase name="phoneisWrongformat3" time="0.866" classname="LoginTest.LoginTest" />
                <testcase name="phoneisLock" time="0.913" classname="LoginTest.LoginTest" />
                <testcase name="phoneisWrongformat2" time="0.866" classname="LoginTest.LoginTest" />
                <testcase name="phoneisNull" time="0.309" classname="LoginTest.LoginTest" />
                <testcase name="phoneisWrongNumber" time="0.876" classname="LoginTest.LoginTest" />
                <testcase name="getUrl" time="0.013" classname="LoginTest.LoginTest" />
      
</testsuite>
