<?xml version="1.0" encoding="UTF-8"?>
<testsuite name="TestOperation"
           tests="16"
           failures="0"
           errors="0"
           skipped="0"
           time="31.939">
  <properties />
  
  
            <testcase name="beforeMethod" time="0.000" classname="Operation.WriteNewMsg.Contents" />
                <testcase name="b3UploadAgain" time="3.012" classname="Operation.WriteNewMsg.Contents" />
                <testcase name="b1PicEdit" time="1.532" classname="Operation.WriteNewMsg.Contents" />
                <testcase name="aaDefaultLabel" time="0.119" classname="Operation.WriteNewMsg.Contents" />
                <testcase name="b8UploadVideoAgain" time="2.184" classname="Operation.WriteNewMsg.Contents" />
                <testcase name="aTitleLength14" time="0.178" classname="Operation.WriteNewMsg.Contents" />
                <testcase name="b0PicClick" time="1.570" classname="Operation.WriteNewMsg.Contents" />
                <testcase name="b7DeleteVideo" time="2.185" classname="Operation.WriteNewMsg.Contents" />
                <testcase name="acDefaultLabel" time="0.350" classname="Operation.WriteNewMsg.Contents" />
                <testcase name="aTitleNull" time="0.688" classname="Operation.WriteNewMsg.Contents" />
                <testcase name="abChangeLabel" time="0.804" classname="Operation.WriteNewMsg.Contents" />
                <testcase name="b0TextareaCount" time="0.712" classname="Operation.WriteNewMsg.Contents" />
                <testcase name="b2PicDelete" time="9.189" classname="Operation.WriteNewMsg.Contents" />
                <testcase name="b6VideoEdit" time="0.667" classname="Operation.WriteNewMsg.Contents" />
                <testcase name="b4Preview" time="1.502" classname="Operation.WriteNewMsg.Contents" />
                <testcase name="b5VideoClick" time="7.247" classname="Operation.WriteNewMsg.Contents" />
      
</testsuite>
