<?xml version="1.0" encoding="UTF-8"?>
<testsuite name="TestOperation"
           tests="9"
           failures="0"
           errors="0"
           skipped="0"
           time="15.331">
  <properties />
  
  
            <testcase name="a9ClickLastDrawer" time="3.616" classname="Operation.History.MsgList" />
                <testcase name="a5RejectedSequence" time="2.335" classname="Operation.History.MsgList" />
                <testcase name="a7RejectedSequence" time="0.336" classname="Operation.History.MsgList" />
                <testcase name="a8ClickNextDrawer" time="0.901" classname="Operation.History.MsgList" />
                <testcase name="b1LastDrawer" time="2.764" classname="Operation.History.MsgList" />
                <testcase name="b2EditNavigate" time="5.278" classname="Operation.History.MsgList" />
                <testcase name="a2DefaultType" time="0.029" classname="Operation.History.MsgList" />
                <testcase name="a1DefaultDisplay" time="0.030" classname="Operation.History.MsgList" />
                <testcase name="a3DefaulSequence" time="0.042" classname="Operation.History.MsgList" />
      
</testsuite>
