<?xml version="1.0" encoding="UTF-8"?>
<testsuite name="TestOperation"
           tests="11"
           failures="0"
           errors="0"
           skipped="0"
           time="17.879">
  <properties />
  
  
            <testcase name="b3Display100" time="2.061" classname="Operation.History.Navigate" />
                <testcase name="a5Device" time="0.894" classname="Operation.History.Navigate" />
                <testcase name="a2NewMsg" time="0.570" classname="Operation.History.Navigate" />
                <testcase name="b1Display25" time="1.744" classname="Operation.History.Navigate" />
                <testcase name="a1back" time="1.323" classname="Operation.History.Navigate" />
                <testcase name="b6LastPage" time="4.127" classname="Operation.History.Navigate" />
                <testcase name="b4Page1" time="0.458" classname="Operation.History.Navigate" />
                <testcase name="b5Next" time="2.332" classname="Operation.History.Navigate" />
                <testcase name="zLogout" time="1.292" classname="Operation.History.Navigate" />
                <testcase name="a6Parnter" time="1.032" classname="Operation.History.Navigate" />
                <testcase name="b2Display50" time="2.046" classname="Operation.History.Navigate" />
      
</testsuite>
